This is pdfTeX, Version 3.14159265-2.6-1.40.18 (TeX Live 2017/Debian) (preloaded format=pdflatex 2017.7.28)  26 MAR 2018 18:29
entering extended mode
 restricted \write18 enabled.
 %&-line parsing enabled.
**report.tex
(./report.tex
LaTeX2e <2017/01/01> patch level 3
Babel <3.9r> and hyphenation patterns for 83 language(s) loaded.
(/usr/share/texlive/texmf-dist/tex/latex/base/report.cls
Document Class: report 2014/09/29 v1.4h Standard LaTeX document class
(/usr/share/texlive/texmf-dist/tex/latex/base/size10.clo
File: size10.clo 2014/09/29 v1.4h Standard LaTeX file (size option)
)
\c@part=\count79
\c@chapter=\count80
\c@section=\count81
\c@subsection=\count82
\c@subsubsection=\count83
\c@paragraph=\count84
\c@subparagraph=\count85
\c@figure=\count86
\c@table=\count87
\abovecaptionskip=\skip41
\belowcaptionskip=\skip42
\bibindent=\dimen102
)
(/usr/share/texlive/texmf-dist/tex/latex/lipsum/lipsum.sty
Package: lipsum 2014/07/27 v1.3 150 paragraphs of Lorem Ipsum dummy text
\c@lips@count=\count88
)
(/usr/share/texlive/texmf-dist/tex/latex/lineno/lineno.sty
Package: lineno 2005/11/02 line numbers on paragraphs v4.41
\linenopenalty=\count89
\output=\toks14
\linenoprevgraf=\count90
\linenumbersep=\dimen103
\linenumberwidth=\dimen104
\c@linenumber=\count91
\c@pagewiselinenumber=\count92
\c@LN@truepage=\count93
\c@internallinenumber=\count94
\c@internallinenumbers=\count95
\quotelinenumbersep=\dimen105
\bframerule=\dimen106
\bframesep=\dimen107
\bframebox=\box26
LaTeX Info: Redefining \\ on input line 3056.
)
(/usr/share/texlive/texmf-dist/tex/latex/graphics/graphicx.sty
Package: graphicx 2014/10/28 v1.0g Enhanced LaTeX Graphics (DPC,SPQR)

(/usr/share/texlive/texmf-dist/tex/latex/graphics/keyval.sty
Package: keyval 2014/10/28 v1.15 key=value parser (DPC)
\KV@toks@=\toks15
)
(/usr/share/texlive/texmf-dist/tex/latex/graphics/graphics.sty
Package: graphics 2016/10/09 v1.0u Standard LaTeX Graphics (DPC,SPQR)

(/usr/share/texlive/texmf-dist/tex/latex/graphics/trig.sty
Package: trig 2016/01/03 v1.10 sin cos tan (DPC)
)
(/usr/share/texlive/texmf-dist/tex/latex/graphics-cfg/graphics.cfg
File: graphics.cfg 2016/06/04 v1.11 sample graphics configuration
)
Package graphics Info: Driver file: pdftex.def on input line 99.

(/usr/share/texlive/texmf-dist/tex/latex/graphics-def/pdftex.def
File: pdftex.def 2017/01/12 v0.06k Graphics/color for pdfTeX

(/usr/share/texlive/texmf-dist/tex/generic/oberdiek/infwarerr.sty
Package: infwarerr 2016/05/16 v1.4 Providing info/warning/error messages (HO)
)
(/usr/share/texlive/texmf-dist/tex/generic/oberdiek/ltxcmds.sty
Package: ltxcmds 2016/05/16 v1.23 LaTeX kernel commands for general use (HO)
)
\Gread@gobject=\count96
))
\Gin@req@height=\dimen108
\Gin@req@width=\dimen109
)
(/usr/share/texlive/texmf-dist/tex/latex/caption/subcaption.sty
Package: subcaption 2016/05/22 v1.1-161 Sub-captions (AR)

(/usr/share/texlive/texmf-dist/tex/latex/caption/caption.sty
Package: caption 2016/02/21 v3.3-144 Customizing captions (AR)

(/usr/share/texlive/texmf-dist/tex/latex/caption/caption3.sty
Package: caption3 2016/05/22 v1.7-166 caption3 kernel (AR)
Package caption3 Info: TeX engine: e-TeX on input line 67.
\captionmargin=\dimen110
\captionmargin@=\dimen111
\captionwidth=\dimen112
\caption@tempdima=\dimen113
\caption@indent=\dimen114
\caption@parindent=\dimen115
\caption@hangindent=\dimen116
)
\c@ContinuedFloat=\count97
)
\c@subfigure=\count98
\c@subtable=\count99
)
(/usr/share/texlive/texmf-dist/tex/latex/hyperref/hyperref.sty
Package: hyperref 2016/06/24 v6.83q Hypertext links for LaTeX

(/usr/share/texlive/texmf-dist/tex/generic/oberdiek/hobsub-hyperref.sty
Package: hobsub-hyperref 2016/05/16 v1.14 Bundle oberdiek, subset hyperref (HO)


(/usr/share/texlive/texmf-dist/tex/generic/oberdiek/hobsub-generic.sty
Package: hobsub-generic 2016/05/16 v1.14 Bundle oberdiek, subset generic (HO)
Package: hobsub 2016/05/16 v1.14 Construct package bundles (HO)
Package hobsub Info: Skipping package `infwarerr' (already loaded).
Package hobsub Info: Skipping package `ltxcmds' (already loaded).
Package: ifluatex 2016/05/16 v1.4 Provides the ifluatex switch (HO)
Package ifluatex Info: LuaTeX not detected.
Package: ifvtex 2016/05/16 v1.6 Detect VTeX and its facilities (HO)
Package ifvtex Info: VTeX not detected.
Package: intcalc 2016/05/16 v1.2 Expandable calculations with integers (HO)
Package: ifpdf 2016/05/14 v3.1 Provides the ifpdf switch
Package: etexcmds 2016/05/16 v1.6 Avoid name clashes with e-TeX commands (HO)
Package etexcmds Info: Could not find \expanded.
(etexcmds)             That can mean that you are not using pdfTeX 1.50 or
(etexcmds)             that some package has redefined \expanded.
(etexcmds)             In the latter case, load this package earlier.
Package: kvsetkeys 2016/05/16 v1.17 Key value parser (HO)
Package: kvdefinekeys 2016/05/16 v1.4 Define keys (HO)
Package: pdftexcmds 2016/05/21 v0.22 Utility functions of pdfTeX for LuaTeX (HO
)
Package pdftexcmds Info: LuaTeX not detected.
Package pdftexcmds Info: \pdf@primitive is available.
Package pdftexcmds Info: \pdf@ifprimitive is available.
Package pdftexcmds Info: \pdfdraftmode found.
Package: pdfescape 2016/05/16 v1.14 Implements pdfTeX's escape features (HO)
Package: bigintcalc 2016/05/16 v1.4 Expandable calculations on big integers (HO
)
Package: bitset 2016/05/16 v1.2 Handle bit-vector datatype (HO)
Package: uniquecounter 2016/05/16 v1.3 Provide unlimited unique counter (HO)
)
Package hobsub Info: Skipping package `hobsub' (already loaded).
Package: letltxmacro 2016/05/16 v1.5 Let assignment for LaTeX macros (HO)
Package: hopatch 2016/05/16 v1.3 Wrapper for package hooks (HO)
Package: xcolor-patch 2016/05/16 xcolor patch
Package: atveryend 2016/05/16 v1.9 Hooks at the very end of document (HO)
Package atveryend Info: \enddocument detected (standard20110627).
Package: atbegshi 2016/06/09 v1.18 At begin shipout hook (HO)
Package: refcount 2016/05/16 v3.5 Data extraction from label references (HO)
Package: hycolor 2016/05/16 v1.8 Color options for hyperref/bookmark (HO)
)
(/usr/share/texlive/texmf-dist/tex/generic/ifxetex/ifxetex.sty
Package: ifxetex 2010/09/12 v0.6 Provides ifxetex conditional
)
(/usr/share/texlive/texmf-dist/tex/latex/oberdiek/auxhook.sty
Package: auxhook 2016/05/16 v1.4 Hooks for auxiliary files (HO)
)
(/usr/share/texlive/texmf-dist/tex/latex/oberdiek/kvoptions.sty
Package: kvoptions 2016/05/16 v3.12 Key value format for package options (HO)
)
\@linkdim=\dimen117
\Hy@linkcounter=\count100
\Hy@pagecounter=\count101

(/usr/share/texlive/texmf-dist/tex/latex/hyperref/pd1enc.def
File: pd1enc.def 2016/06/24 v6.83q Hyperref: PDFDocEncoding definition (HO)
)
\Hy@SavedSpaceFactor=\count102

(/usr/share/texlive/texmf-dist/tex/latex/latexconfig/hyperref.cfg
File: hyperref.cfg 2002/06/06 v1.2 hyperref configuration of TeXLive
)
Package hyperref Info: Hyper figures OFF on input line 4486.
Package hyperref Info: Link nesting OFF on input line 4491.
Package hyperref Info: Hyper index ON on input line 4494.
Package hyperref Info: Plain pages OFF on input line 4501.
Package hyperref Info: Backreferencing OFF on input line 4506.
Package hyperref Info: Implicit mode ON; LaTeX internals redefined.
Package hyperref Info: Bookmarks ON on input line 4735.
\c@Hy@tempcnt=\count103

(/usr/share/texlive/texmf-dist/tex/latex/url/url.sty
\Urlmuskip=\muskip10
Package: url 2013/09/16  ver 3.4  Verb mode for urls, etc.
)
LaTeX Info: Redefining \url on input line 5088.
\XeTeXLinkMargin=\dimen118
\Fld@menulength=\count104
\Field@Width=\dimen119
\Fld@charsize=\dimen120
Package hyperref Info: Hyper figures OFF on input line 6342.
Package hyperref Info: Link nesting OFF on input line 6347.
Package hyperref Info: Hyper index ON on input line 6350.
Package hyperref Info: backreferencing OFF on input line 6357.
Package hyperref Info: Link coloring OFF on input line 6362.
Package hyperref Info: Link coloring with OCG OFF on input line 6367.
Package hyperref Info: PDF/A mode OFF on input line 6372.
LaTeX Info: Redefining \ref on input line 6412.
LaTeX Info: Redefining \pageref on input line 6416.
\Hy@abspage=\count105
\c@Item=\count106
\c@Hfootnote=\count107
)

Package hyperref Message: Driver (autodetected): hpdftex.

(/usr/share/texlive/texmf-dist/tex/latex/hyperref/hpdftex.def
File: hpdftex.def 2016/06/24 v6.83q Hyperref driver for pdfTeX
\Fld@listcount=\count108
\c@bookmark@seq@number=\count109

(/usr/share/texlive/texmf-dist/tex/latex/oberdiek/rerunfilecheck.sty
Package: rerunfilecheck 2016/05/16 v1.8 Rerun checks for auxiliary files (HO)
Package uniquecounter Info: New unique counter `rerunfilecheck' on input line 2
82.
)
\Hy@SectionHShift=\skip43
)
(/usr/share/texlive/texmf-dist/tex/latex/geometry/geometry.sty
Package: geometry 2010/09/12 v5.6 Page Geometry
\Gm@cnth=\count110
\Gm@cntv=\count111
\c@Gm@tempcnt=\count112
\Gm@bindingoffset=\dimen121
\Gm@wd@mp=\dimen122
\Gm@odd@mp=\dimen123
\Gm@even@mp=\dimen124
\Gm@layoutwidth=\dimen125
\Gm@layoutheight=\dimen126
\Gm@layouthoffset=\dimen127
\Gm@layoutvoffset=\dimen128
\Gm@dimlist=\toks16
) (./report.aux)
\openout1 = `report.aux'.

LaTeX Font Info:    Checking defaults for OML/cmm/m/it on input line 19.
LaTeX Font Info:    ... okay on input line 19.
LaTeX Font Info:    Checking defaults for T1/cmr/m/n on input line 19.
LaTeX Font Info:    ... okay on input line 19.
LaTeX Font Info:    Checking defaults for OT1/cmr/m/n on input line 19.
LaTeX Font Info:    ... okay on input line 19.
LaTeX Font Info:    Checking defaults for OMS/cmsy/m/n on input line 19.
LaTeX Font Info:    ... okay on input line 19.
LaTeX Font Info:    Checking defaults for OMX/cmex/m/n on input line 19.
LaTeX Font Info:    ... okay on input line 19.
LaTeX Font Info:    Checking defaults for U/cmr/m/n on input line 19.
LaTeX Font Info:    ... okay on input line 19.
LaTeX Font Info:    Checking defaults for PD1/pdf/m/n on input line 19.
LaTeX Font Info:    ... okay on input line 19.

(/usr/share/texlive/texmf-dist/tex/context/base/mkii/supp-pdf.mkii
[Loading MPS to PDF converter (version 2006.09.02).]
\scratchcounter=\count113
\scratchdimen=\dimen129
\scratchbox=\box27
\nofMPsegments=\count114
\nofMParguments=\count115
\everyMPshowfont=\toks17
\MPscratchCnt=\count116
\MPscratchDim=\dimen130
\MPnumerator=\count117
\makeMPintoPDFobject=\count118
\everyMPtoPDFconversion=\toks18
) (/usr/share/texlive/texmf-dist/tex/latex/oberdiek/epstopdf-base.sty
Package: epstopdf-base 2016/05/15 v2.6 Base part for package epstopdf

(/usr/share/texlive/texmf-dist/tex/latex/oberdiek/grfext.sty
Package: grfext 2016/05/16 v1.2 Manage graphics extensions (HO)
)
Package epstopdf-base Info: Redefining graphics rule for `.eps' on input line 4
38.
Package grfext Info: Graphics extension search list:
(grfext)             [.png,.pdf,.jpg,.mps,.jpeg,.jbig2,.jb2,.PNG,.PDF,.JPG,.JPE
G,.JBIG2,.JB2,.eps]
(grfext)             \AppendGraphicsExtensions on input line 456.

(/usr/share/texlive/texmf-dist/tex/latex/latexconfig/epstopdf-sys.cfg
File: epstopdf-sys.cfg 2010/07/13 v1.3 Configuration of (r)epstopdf for TeX Liv
e
))
Package caption Info: Begin \AtBeginDocument code.
Package caption Info: hyperref package is loaded.
Package caption Info: End \AtBeginDocument code.
\AtBeginShipoutBox=\box28
Package hyperref Info: Link coloring OFF on input line 19.

(/usr/share/texlive/texmf-dist/tex/latex/hyperref/nameref.sty
Package: nameref 2016/05/21 v2.44 Cross-referencing by name of section

(/usr/share/texlive/texmf-dist/tex/generic/oberdiek/gettitlestring.sty
Package: gettitlestring 2016/05/16 v1.5 Cleanup title references (HO)
)
\c@section@level=\count119
)
LaTeX Info: Redefining \ref on input line 19.
LaTeX Info: Redefining \pageref on input line 19.
LaTeX Info: Redefining \nameref on input line 19.

(./report.out) (./report.out)
\@outlinefile=\write3
\openout3 = `report.out'.


*geometry* driver: auto-detecting
*geometry* detected driver: pdftex
*geometry* verbose mode - [ preamble ] result:
* driver: pdftex
* paper: a4paper
* layout: <same size as paper>
* layoutoffset:(h,v)=(0.0pt,0.0pt)
* modes: 
* h-part:(L,W,R)=(62.59605pt, 483.69684pt, 51.21498pt)
* v-part:(T,H,B)=(62.59605pt, 731.23582pt, 51.21497pt)
* \paperwidth=597.50787pt
* \paperheight=845.04684pt
* \textwidth=483.69684pt
* \textheight=731.23582pt
* \oddsidemargin=-9.67393pt
* \evensidemargin=-9.67393pt
* \topmargin=-46.67393pt
* \headheight=12.0pt
* \headsep=25.0pt
* \topskip=10.0pt
* \footskip=30.0pt
* \marginparwidth=57.0pt
* \marginparsep=11.0pt
* \columnsep=10.0pt
* \skip\footins=9.0pt plus 4.0pt minus 2.0pt
* \hoffset=0.0pt
* \voffset=0.0pt
* \mag=1000
* \@twocolumnfalse
* \@twosidefalse
* \@mparswitchfalse
* \@reversemarginfalse
* (1in=72.27pt=25.4mm, 1cm=28.453pt)

LaTeX Font Info:    External font `cmex10' loaded for size
(Font)              <12> on input line 21.
LaTeX Font Info:    External font `cmex10' loaded for size
(Font)              <8> on input line 21.
LaTeX Font Info:    External font `cmex10' loaded for size
(Font)              <6> on input line 21.
[1

{/var/lib/texmf/fonts/map/pdftex/updmap/pdftex.map}] (./report.lof
LaTeX Font Info:    External font `cmex10' loaded for size
(Font)              <7> on input line 1.
LaTeX Font Info:    External font `cmex10' loaded for size
(Font)              <5> on input line 1.
)
\tf@lof=\write4
\openout4 = `report.lof'.

Package epstopdf Info: Source file: <thread1.eps>
(epstopdf)                    date: 2018-03-26 18:29:20
(epstopdf)                    size: 25042 bytes
(epstopdf)             Output file: <thread1-eps-converted-to.pdf>
(epstopdf)                    date: 2018-03-26 18:26:46
(epstopdf)                    size: 9125 bytes
(epstopdf)             Command: <repstopdf --outfile=thread1-eps-converted-to.p
df thread1.eps>
(epstopdf)             \includegraphics on input line 26.
runsystem(repstopdf --outfile=thread1-eps-converted-to.pdf thread1.eps)...execu
ted safely (allowed).

Package epstopdf Info: Result file: <thread1-eps-converted-to.pdf>
(epstopdf)                    date: 2018-03-26 18:29:20
(epstopdf)                    size: 9125 bytes.

<thread1-eps-converted-to.pdf, id=19, 361.35pt x 252.945pt>
File: thread1-eps-converted-to.pdf Graphic file (type pdf)

<use thread1-eps-converted-to.pdf>
Package pdftex.def Info: thread1-eps-converted-to.pdf used on input line 26.
(pdftex.def)             Requested size: 483.69684pt x 338.58945pt.
Package epstopdf Info: Source file: <thread2.eps>
(epstopdf)                    date: 2018-03-26 18:29:20
(epstopdf)                    size: 25185 bytes
(epstopdf)             Output file: <thread2-eps-converted-to.pdf>
(epstopdf)                    date: 2018-03-26 18:26:46
(epstopdf)                    size: 9435 bytes
(epstopdf)             Command: <repstopdf --outfile=thread2-eps-converted-to.p
df thread2.eps>
(epstopdf)             \includegraphics on input line 33.
runsystem(repstopdf --outfile=thread2-eps-converted-to.pdf thread2.eps)...execu
ted safely (allowed).

Package epstopdf Info: Result file: <thread2-eps-converted-to.pdf>
(epstopdf)                    date: 2018-03-26 18:29:20
(epstopdf)                    size: 9435 bytes.

<thread2-eps-converted-to.pdf, id=20, 361.35pt x 252.945pt>
File: thread2-eps-converted-to.pdf Graphic file (type pdf)

<use thread2-eps-converted-to.pdf>
Package pdftex.def Info: thread2-eps-converted-to.pdf used on input line 33.
(pdftex.def)             Requested size: 483.69684pt x 338.58945pt.
Package epstopdf Info: Source file: <thread4.eps>
(epstopdf)                    date: 2018-03-26 18:29:20
(epstopdf)                    size: 24805 bytes
(epstopdf)             Output file: <thread4-eps-converted-to.pdf>
(epstopdf)                    date: 2018-03-26 18:26:46
(epstopdf)                    size: 9814 bytes
(epstopdf)             Command: <repstopdf --outfile=thread4-eps-converted-to.p
df thread4.eps>
(epstopdf)             \includegraphics on input line 40.
runsystem(repstopdf --outfile=thread4-eps-converted-to.pdf thread4.eps)...execu
ted safely (allowed).

Package epstopdf Info: Result file: <thread4-eps-converted-to.pdf>
(epstopdf)                    date: 2018-03-26 18:29:21
(epstopdf)                    size: 9814 bytes.

<thread4-eps-converted-to.pdf, id=21, 361.35pt x 252.945pt>
File: thread4-eps-converted-to.pdf Graphic file (type pdf)

<use thread4-eps-converted-to.pdf>
Package pdftex.def Info: thread4-eps-converted-to.pdf used on input line 40.
(pdftex.def)             Requested size: 483.69684pt x 338.58945pt.
Package epstopdf Info: Source file: <thread8.eps>
(epstopdf)                    date: 2018-03-26 18:29:20
(epstopdf)                    size: 24899 bytes
(epstopdf)             Output file: <thread8-eps-converted-to.pdf>
(epstopdf)                    date: 2018-03-26 18:26:47
(epstopdf)                    size: 10174 bytes
(epstopdf)             Command: <repstopdf --outfile=thread8-eps-converted-to.p
df thread8.eps>
(epstopdf)             \includegraphics on input line 47.
runsystem(repstopdf --outfile=thread8-eps-converted-to.pdf thread8.eps)...execu
ted safely (allowed).

Package epstopdf Info: Result file: <thread8-eps-converted-to.pdf>
(epstopdf)                    date: 2018-03-26 18:29:21
(epstopdf)                    size: 10174 bytes.

<thread8-eps-converted-to.pdf, id=22, 361.35pt x 252.945pt>
File: thread8-eps-converted-to.pdf Graphic file (type pdf)

<use thread8-eps-converted-to.pdf>
Package pdftex.def Info: thread8-eps-converted-to.pdf used on input line 47.
(pdftex.def)             Requested size: 483.69684pt x 338.58945pt.
Package epstopdf Info: Source file: <thread16.eps>
(epstopdf)                    date: 2018-03-26 18:29:20
(epstopdf)                    size: 24904 bytes
(epstopdf)             Output file: <thread16-eps-converted-to.pdf>
(epstopdf)                    date: 2018-03-26 18:26:47
(epstopdf)                    size: 9932 bytes
(epstopdf)             Command: <repstopdf --outfile=thread16-eps-converted-to.
pdf thread16.eps>
(epstopdf)             \includegraphics on input line 54.
runsystem(repstopdf --outfile=thread16-eps-converted-to.pdf thread16.eps)...exe
cuted safely (allowed).

Package epstopdf Info: Result file: <thread16-eps-converted-to.pdf>
(epstopdf)                    date: 2018-03-26 18:29:21
(epstopdf)                    size: 9932 bytes.

<thread16-eps-converted-to.pdf, id=23, 361.35pt x 252.945pt>
File: thread16-eps-converted-to.pdf Graphic file (type pdf)

<use thread16-eps-converted-to.pdf>
Package pdftex.def Info: thread16-eps-converted-to.pdf used on input line 54.
(pdftex.def)             Requested size: 483.69684pt x 338.58945pt.
Package epstopdf Info: Source file: <line.eps>
(epstopdf)                    date: 2018-03-26 18:26:45
(epstopdf)                    size: 21041 bytes
(epstopdf)             Output file: <line-eps-converted-to.pdf>
(epstopdf)                    date: 2018-03-26 18:26:47
(epstopdf)                    size: 7842 bytes
(epstopdf)             Command: <repstopdf --outfile=line-eps-converted-to.pdf 
line.eps>
(epstopdf)             \includegraphics on input line 62.
Package epstopdf Info: Output file is already uptodate.

<line-eps-converted-to.pdf, id=24, 361.35pt x 252.945pt>
File: line-eps-converted-to.pdf Graphic file (type pdf)

<use line-eps-converted-to.pdf>
Package pdftex.def Info: line-eps-converted-to.pdf used on input line 62.
(pdftex.def)             Requested size: 483.69684pt x 338.58945pt.
Package epstopdf Info: Source file: <bar.eps>
(epstopdf)                    date: 2018-03-26 18:27:22
(epstopdf)                    size: 22212 bytes
(epstopdf)             Output file: <bar-eps-converted-to.pdf>
(epstopdf)                    date: 2018-03-26 18:27:22
(epstopdf)                    size: 19178 bytes
(epstopdf)             Command: <repstopdf --outfile=bar-eps-converted-to.pdf b
ar.eps>
(epstopdf)             \includegraphics on input line 68.
Package epstopdf Info: Output file is already uptodate.

<bar-eps-converted-to.pdf, id=25, 361.35pt x 252.945pt>
File: bar-eps-converted-to.pdf Graphic file (type pdf)

<use bar-eps-converted-to.pdf>
Package pdftex.def Info: bar-eps-converted-to.pdf used on input line 68.
(pdftex.def)             Requested size: 483.69684pt x 338.58945pt.
Package epstopdf Info: Source file: <error.eps>
(epstopdf)                    date: 2018-03-26 18:26:45
(epstopdf)                    size: 23022 bytes
(epstopdf)             Output file: <error-eps-converted-to.pdf>
(epstopdf)                    date: 2018-03-26 18:26:48
(epstopdf)                    size: 18521 bytes
(epstopdf)             Command: <repstopdf --outfile=error-eps-converted-to.pdf
 error.eps>
(epstopdf)             \includegraphics on input line 75.
Package epstopdf Info: Output file is already uptodate.

<error-eps-converted-to.pdf, id=26, 361.35pt x 252.945pt>
File: error-eps-converted-to.pdf Graphic file (type pdf)

<use error-eps-converted-to.pdf>
Package pdftex.def Info: error-eps-converted-to.pdf used on input line 75.
(pdftex.def)             Requested size: 483.69684pt x 338.58945pt.
Package atveryend Info: Empty hook `BeforeClearDocument' on input line 81.
pdfTeX warning (ext4): destination with the same identifier (name{page.1}) has 
been already used, duplicate ignored
<to be read again> 
                   \relax 
l.81 \end{document}
                    [1

] [2 <./thread1-eps-converted-to.pdf> <./thread2-eps-converted-to.pdf>] [3 <./t
hread4-eps-converted-to.pdf> <./thread8-eps-converted-to.pdf>] [4 <./thread16-e
ps-converted-to.pdf> <./line-eps-converted-to.pdf>]
[5 <./bar-eps-converted-to.pdf> <./error-eps-converted-to.pdf>]
Package atveryend Info: Empty hook `AfterLastShipout' on input line 81.
 (./report.aux)
Package atveryend Info: Executing hook `AtVeryEndDocument' on input line 81.
Package atveryend Info: Executing hook `AtEndAfterFileList' on input line 81.
Package rerunfilecheck Info: File `report.out' has not changed.
(rerunfilecheck)             Checksum: D41D8CD98F00B204E9800998ECF8427E;0.
Package atveryend Info: Empty hook `AtVeryVeryEnd' on input line 81.
 ) 
Here is how much of TeX's memory you used:
 7057 strings out of 493012
 108315 string characters out of 6135673
 298110 words of memory out of 5000000
 10544 multiletter control sequences out of 15000+600000
 7281 words of font info for 26 fonts, out of 8000000 for 9000
 1141 hyphenation exceptions out of 8191
 42i,6n,40p,271b,341s stack positions out of 5000i,500n,10000p,200000b,80000s
</usr/share/texlive/texmf-dist/fonts/type1/public/amsfonts/cm/cmbx12.pfb></us
r/share/texlive/texmf-dist/fonts/type1/public/amsfonts/cm/cmr10.pfb></usr/share
/texlive/texmf-dist/fonts/type1/public/amsfonts/cm/cmr12.pfb></usr/share/texliv
e/texmf-dist/fonts/type1/public/amsfonts/cm/cmr17.pfb>
Output written on report.pdf (6 pages, 114275 bytes).
PDF statistics:
 141 PDF objects out of 1000 (max. 8388607)
 105 compressed objects within 2 object streams
 15 named destinations out of 1000 (max. 500000)
 41 words of extra memory for PDF output out of 10000 (max. 10000000)

