1000 80
1000 106
1000 68
1000 91
1000 131
1000 70
1000 125
1000 97
1000 71
1000 132
1000 121
1000 117
1000 130
1000 85
1000 152
1000 71
1000 534
1000 99
1000 100
1000 138
1000 76
1000 117
1000 115
1000 68
1000 217
1000 113
1000 68
1000 125
1000 83
1000 115
1000 114
1000 82
1000 79
1000 92
1000 84
1000 108
1000 82
1000 67
1000 118
1000 90
1000 93
1000 89
1000 84
1000 202
1000 72
1000 73
1000 68
1000 68
1000 70
1000 66
1000 64
1000 64
1000 64
1000 72
1000 70
1000 73
1000 86
1000 108
1000 89
1000 71
1000 68
1000 69
1000 70
1000 77
1000 70
1000 71
1000 73
1000 74
1000 83
1000 67
1000 71
1000 96
1000 80
1000 70
1000 89
1000 68
1000 82
1000 70
1000 72
1000 71
1000 75
1000 69
1000 81
1000 70
1000 77
1000 140
1000 69
1000 71
1000 66
1000 69
1000 68
1000 70
1000 68
1000 69
1000 67
1000 88
1000 90
1000 67
1000 71
1000 69
10000 1094
10000 440
10000 394
10000 442
10000 362
10000 445
10000 361
10000 415
10000 361
10000 415
10000 385
10000 516
10000 362
10000 443
10000 411
10000 444
10000 411
10000 360
10000 420
10000 377
10000 377
10000 380
10000 417
10000 408
10000 681
10000 362
10000 421
10000 373
10000 389
10000 376
10000 399
10000 414
10000 466
10000 411
10000 378
10000 390
10000 362
10000 434
10000 401
10000 422
10000 378
10000 428
10000 379
10000 422
10000 379
10000 389
10000 382
10000 423
10000 417
10000 384
10000 421
10000 377
10000 372
10000 420
10000 402
10000 457
10000 403
10000 507
10000 462
10000 532
10000 437
10000 384
10000 378
10000 409
10000 431
10000 363
10000 422
10000 380
10000 444
10000 405
10000 365
10000 417
10000 425
10000 377
10000 420
10000 421
10000 457
10000 410
10000 474
10000 431
10000 493
10000 443
10000 504
10000 438
10000 428
10000 408
10000 462
10000 418
10000 386
10000 419
10000 370
10000 362
10000 379
10000 418
10000 375
10000 394
10000 402
10000 458
10000 418
10000 431
100000 3841
100000 3682
100000 3299
100000 3458
100000 3961
100000 3338
100000 3588
100000 3335
100000 3476
100000 3839
100000 3726
100000 3380
100000 3649
100000 3712
100000 3499
100000 3361
100000 3290
100000 3398
100000 3864
100000 3417
100000 3990
100000 3484
100000 3678
100000 3538
100000 3330
100000 3491
100000 3569
100000 3321
100000 3338
100000 3384
100000 3321
100000 3298
100000 3659
100000 3737
100000 3424
100000 3485
100000 3301
100000 3753
100000 3627
100000 3300
100000 3491
100000 3837
100000 3715
100000 3311
100000 3308
100000 3636
100000 3335
100000 3325
100000 3320
100000 3614
100000 3969
100000 3581
100000 3369
100000 3890
100000 3503
100000 3708
100000 3748
100000 3364
100000 3447
100000 3357
100000 3727
100000 3519
100000 3415
100000 3348
100000 3458
100000 3769
100000 3575
100000 3326
100000 3347
100000 3351
100000 3852
100000 3413
100000 3339
100000 3460
100000 3744
100000 3455
100000 3370
100000 3570
100000 3384
100000 4037
100000 3388
100000 3345
100000 3579
100000 3405
100000 3786
100000 3734
100000 3612
100000 3338
100000 3775
100000 3449
100000 3314
100000 3578
100000 4669
100000 3430
100000 3398
100000 3767
100000 3324
100000 3350
100000 4033
100000 3772
1000000 33809
1000000 34494
1000000 34486
1000000 32890
1000000 36825
1000000 34206
1000000 37059
1000000 35472
1000000 33511
1000000 33389
1000000 35064
1000000 33682
1000000 34937
1000000 32847
1000000 34699
1000000 33334
1000000 32732
1000000 34707
1000000 34917
1000000 33869
1000000 32857
1000000 32575
1000000 32563
1000000 32844
1000000 35499
1000000 33502
1000000 32857
1000000 33590
1000000 32552
1000000 35147
1000000 32664
1000000 32582
1000000 32837
1000000 32581
1000000 32575
1000000 32658
1000000 32589
1000000 32612
1000000 32710
1000000 34410
1000000 32958
1000000 32899
1000000 32612
1000000 33518
1000000 32724
1000000 32654
1000000 32561
1000000 32798
1000000 33224
1000000 35387
1000000 34959
1000000 32570
1000000 32716
1000000 32749
1000000 36094
1000000 32766
1000000 32777
1000000 34766
1000000 32675
1000000 32837
1000000 32578
1000000 32598
1000000 32906
1000000 32599
1000000 32732
1000000 33033
1000000 32776
1000000 32567
1000000 32897
1000000 32589
1000000 32572
1000000 32786
1000000 32570
1000000 32602
1000000 32845
1000000 32579
1000000 32592
1000000 32676
1000000 32592
1000000 32631
1000000 32749
1000000 34729
1000000 32591
1000000 32808
1000000 32609
1000000 32570
1000000 32827
1000000 32642
1000000 32706
1000000 34035
1000000 32769
1000000 32604
1000000 32817
1000000 32644
1000000 32693
1000000 32726
1000000 32617
1000000 33275
1000000 32913
1000000 33558
