1000 1247
1000 110
1000 90
1000 94
1000 114
1000 103
1000 89
1000 99
1000 90
1000 86
1000 107
1000 92
1000 119
1000 118
1000 89
1000 100
1000 97
1000 109
1000 164
1000 77
1000 97
1000 91
1000 83
1000 93
1000 89
1000 90
1000 96
1000 82
1000 180
1000 109
1000 82
1000 105
1000 93
1000 91
1000 74
1000 88
1000 71
1000 85
1000 88
1000 102
1000 90
1000 92
1000 95
1000 82
1000 78
1000 407
1000 104
1000 87
1000 80
1000 370
1000 90
1000 100
1000 96
1000 97
1000 89
1000 72
1000 89
1000 80
1000 103
1000 87
1000 90
1000 91
1000 81
1000 88
1000 109
1000 86
1000 161
1000 90
1000 83
1000 73
1000 102
1000 112
1000 246
1000 82
1000 160
1000 96
1000 83
1000 84
1000 86
1000 110
1000 101
1000 85
1000 82
1000 89
1000 89
1000 75
1000 154
1000 164
1000 81
1000 85
1000 185
1000 73
1000 87
1000 83
1000 98
1000 100
1000 95
1000 95
1000 93
1000 123
10000 393
10000 443
10000 400
10000 479
10000 379
10000 452
10000 273
10000 426
10000 376
10000 431
10000 403
10000 437
10000 401
10000 406
10000 430
10000 425
10000 384
10000 561
10000 386
10000 235
10000 420
10000 428
10000 429
10000 373
10000 389
10000 374
10000 390
10000 383
10000 231
10000 404
10000 434
10000 384
10000 456
10000 374
10000 408
10000 378
10000 389
10000 379
10000 371
10000 387
10000 406
10000 389
10000 383
10000 237
10000 388
10000 474
10000 400
10000 496
10000 384
10000 381
10000 387
10000 384
10000 386
10000 372
10000 392
10000 380
10000 383
10000 380
10000 382
10000 379
10000 388
10000 389
10000 387
10000 387
10000 390
10000 377
10000 394
10000 389
10000 243
10000 380
10000 233
10000 384
10000 521
10000 382
10000 430
10000 375
10000 381
10000 396
10000 383
10000 391
10000 374
10000 387
10000 385
10000 242
10000 402
10000 441
10000 390
10000 487
10000 399
10000 386
10000 391
10000 391
10000 387
10000 382
10000 382
10000 389
10000 401
10000 372
10000 434
10000 385
100000 3607
100000 3404
100000 3111
100000 2079
100000 2030
100000 3460
100000 3333
100000 2683
100000 3310
100000 3523
100000 2251
100000 2666
100000 3544
100000 2439
100000 2465
100000 1822
100000 2128
100000 1806
100000 3335
100000 3463
100000 2820
100000 3308
100000 3549
100000 3482
100000 3323
100000 3448
100000 3317
100000 3444
100000 3052
100000 1808
100000 3511
100000 3495
100000 3500
100000 3371
100000 2558
100000 2283
100000 2465
100000 3363
100000 3461
100000 2233
100000 3443
100000 3511
100000 2831
100000 1839
100000 3867
100000 3340
100000 3373
100000 1797
100000 2400
100000 3610
100000 2468
100000 2156
100000 3516
100000 3534
100000 3493
100000 3471
100000 3463
100000 3547
100000 3316
100000 3504
100000 1813
100000 1840
100000 1918
100000 1957
100000 1933
100000 2028
100000 2077
100000 2055
100000 3312
100000 1802
100000 1819
100000 3621
100000 5551
100000 3816
100000 2969
100000 2288
100000 1908
100000 2234
100000 3313
100000 3347
100000 2900
100000 1919
100000 2295
100000 3338
100000 3401
100000 2105
100000 2142
100000 3454
100000 3464
100000 3592
100000 3493
100000 2582
100000 1851
100000 3377
100000 3528
100000 2678
100000 2082
100000 1803
100000 3513
100000 3369
1000000 18174
1000000 18842
1000000 20102
1000000 20382
1000000 18595
1000000 17587
1000000 18682
1000000 18470
1000000 17590
1000000 17598
1000000 21653
1000000 17991
1000000 17711
1000000 17600
1000000 19793
1000000 17630
1000000 17582
1000000 18180
1000000 17866
1000000 18271
1000000 17608
1000000 18151
1000000 19089
1000000 19573
1000000 19812
1000000 17580
1000000 18970
1000000 17652
1000000 17616
1000000 17678
1000000 19008
1000000 18473
1000000 17604
1000000 19687
1000000 18642
1000000 18642
1000000 17640
1000000 17604
1000000 17862
1000000 17674
1000000 17636
1000000 17601
1000000 19522
1000000 17607
1000000 18515
1000000 17897
1000000 19843
1000000 22641
1000000 17579
1000000 18012
1000000 19786
1000000 17863
1000000 19337
1000000 18194
1000000 18708
1000000 19896
1000000 18311
1000000 18882
1000000 18744
1000000 17815
1000000 19511
1000000 18355
1000000 18408
1000000 17932
1000000 20008
1000000 17623
1000000 19664
1000000 17637
1000000 18356
1000000 17750
1000000 17701
1000000 18515
1000000 17592
1000000 19365
1000000 18596
1000000 19177
1000000 18730
1000000 17681
1000000 19622
1000000 17876
1000000 17658
1000000 18266
1000000 18260
1000000 17954
1000000 18654
1000000 17590
1000000 21643
1000000 17614
1000000 17841
1000000 17635
1000000 19134
1000000 20021
1000000 18563
1000000 18758
1000000 19227
1000000 18468
1000000 17577
1000000 18768
1000000 18690
1000000 20008
