1000 650
1000 710
1000 732
1000 412
1000 305
1000 235
1000 213
1000 201
1000 186
1000 191
1000 178
1000 169
1000 138
1000 164
1000 159
1000 295
1000 101
1000 133
1000 167
1000 153
1000 135
1000 115
1000 134
1000 160
1000 147
1000 125
1000 148
1000 143
1000 140
1000 134
1000 130
1000 160
1000 129
1000 134
1000 128
1000 146
1000 150
1000 111
1000 164
1000 144
1000 164
1000 110
1000 142
1000 129
1000 149
1000 137
1000 135
1000 116
1000 160
1000 153
1000 105
1000 128
1000 113
1000 134
1000 128
1000 126
1000 147
1000 126
1000 130
1000 101
1000 100
1000 120
1000 128
1000 129
1000 126
1000 157
1000 157
1000 127
1000 134
1000 125
1000 111
1000 137
1000 127
1000 171
1000 156
1000 170
1000 164
1000 177
1000 171
1000 102
1000 164
1000 162
1000 159
1000 147
1000 104
1000 159
1000 129
1000 161
1000 162
1000 129
1000 244
1000 160
1000 147
1000 166
1000 154
1000 121
1000 151
1000 103
1000 155
1000 129
10000 684
10000 736
10000 682
10000 740
10000 764
10000 734
10000 864
10000 752
10000 733
10000 802
10000 746
10000 713
10000 731
10000 790
10000 715
10000 760
10000 759
10000 749
10000 757
10000 754
10000 724
10000 758
10000 756
10000 782
10000 738
10000 745
10000 733
10000 743
10000 728
10000 757
10000 745
10000 721
10000 774
10000 734
10000 745
10000 762
10000 758
10000 719
10000 778
10000 738
10000 762
10000 806
10000 747
10000 755
10000 750
10000 754
10000 757
10000 760
10000 785
10000 745
10000 743
10000 740
10000 725
10000 736
10000 730
10000 746
10000 718
10000 777
10000 717
10000 796
10000 752
10000 935
10000 735
10000 774
10000 741
10000 745
10000 779
10000 731
10000 714
10000 719
10000 843
10000 733
10000 753
10000 738
10000 762
10000 731
10000 723
10000 760
10000 721
10000 773
10000 716
10000 772
10000 739
10000 784
10000 722
10000 751
10000 723
10000 686
10000 747
10000 726
10000 700
10000 747
10000 741
10000 742
10000 748
10000 783
10000 756
10000 796
10000 731
10000 746
100000 6590
100000 6656
100000 6632
100000 6718
100000 6599
100000 6584
100000 6700
100000 6605
100000 6747
100000 6618
100000 6640
100000 6596
100000 6595
100000 6603
100000 6661
100000 6637
100000 6588
100000 6676
100000 6672
100000 6637
100000 6628
100000 6593
100000 6619
100000 6628
100000 6611
100000 6648
100000 6589
100000 6636
100000 6768
100000 6600
100000 6726
100000 6599
100000 6593
100000 6602
100000 6602
100000 6658
100000 6656
100000 6617
100000 6592
100000 6597
100000 6579
100000 6595
100000 6807
100000 6592
100000 6647
100000 6628
100000 6601
100000 6648
100000 6596
100000 6587
100000 6640
100000 6616
100000 6600
100000 6672
100000 6612
100000 6620
100000 6803
100000 6618
100000 6607
100000 6638
100000 6557
100000 6600
100000 6602
100000 6609
100000 6620
100000 6628
100000 6696
100000 6624
100000 6601
100000 6643
100000 6607
100000 6614
100000 6610
100000 6641
100000 6624
100000 6587
100000 6571
100000 6557
100000 6862
100000 6615
100000 6619
100000 6623
100000 6598
100000 6654
100000 7057
100000 6590
100000 6626
100000 6596
100000 6594
100000 6643
100000 7031
100000 6993
100000 6624
100000 6911
100000 6586
100000 6646
100000 6617
100000 6588
100000 6700
100000 7014
1000000 58056
1000000 57291
1000000 60959
1000000 61153
1000000 57132
1000000 60334
1000000 56619
1000000 57836
1000000 58951
1000000 56884
1000000 56695
1000000 56836
1000000 56574
1000000 57000
1000000 56577
1000000 56959
1000000 56694
1000000 56855
1000000 56647
1000000 57105
1000000 56592
1000000 56875
1000000 56822
1000000 57123
1000000 56593
1000000 56774
1000000 57377
1000000 56752
1000000 57173
1000000 59343
1000000 57202
1000000 60281
1000000 59419
1000000 57066
1000000 57065
1000000 57497
1000000 57499
1000000 57360
1000000 56834
1000000 57297
1000000 56827
1000000 57172
1000000 57274
1000000 57907
1000000 59912
1000000 60433
1000000 60500
1000000 60961
1000000 57493
1000000 57555
1000000 56914
1000000 60085
1000000 56917
1000000 57888
1000000 57431
1000000 57488
1000000 57251
1000000 62078
1000000 60648
1000000 59094
1000000 57938
1000000 60951
1000000 60629
1000000 59389
1000000 61491
1000000 58243
1000000 58250
1000000 59116
1000000 58302
1000000 58884
1000000 57900
1000000 57623
1000000 56625
1000000 56772
1000000 56925
1000000 56846
1000000 60095
1000000 57787
1000000 60520
1000000 57193
1000000 60894
1000000 57221
1000000 56630
1000000 60810
1000000 58944
1000000 59422
1000000 58222
1000000 56927
1000000 59801
1000000 63824
1000000 59022
1000000 58533
1000000 57519
1000000 58127
1000000 58806
1000000 58472
1000000 60951
1000000 57759
1000000 57389
1000000 57433
