1000 129
1000 172
1000 137
1000 130
1000 138
1000 131
1000 135
1000 127
1000 123
1000 132
1000 127
1000 114
1000 144
1000 131
1000 131
1000 221
1000 641
1000 132
1000 127
1000 132
1000 150
1000 121
1000 119
1000 119
1000 116
1000 139
1000 124
1000 137
1000 203
1000 132
1000 129
1000 120
1000 142
1000 126
1000 113
1000 174
1000 140
1000 122
1000 112
1000 148
1000 117
1000 123
1000 400
1000 126
1000 131
1000 119
1000 133
1000 125
1000 124
1000 120
1000 123
1000 129
1000 135
1000 123
1000 153
1000 134
1000 126
1000 125
1000 138
1000 262
1000 148
1000 136
1000 126
1000 120
1000 135
1000 124
1000 115
1000 122
1000 329
1000 126
1000 126
1000 147
1000 119
1000 126
1000 165
1000 135
1000 126
1000 156
1000 122
1000 446
1000 135
1000 119
1000 150
1000 704
1000 132
1000 130
1000 241
1000 134
1000 129
1000 130
1000 117
1000 186
1000 137
1000 138
1000 153
1000 120
1000 131
1000 142
1000 117
1000 120
10000 344
10000 304
10000 316
10000 330
10000 437
10000 292
10000 284
10000 282
10000 280
10000 335
10000 274
10000 337
10000 815
10000 409
10000 324
10000 334
10000 334
10000 370
10000 422
10000 285
10000 299
10000 291
10000 425
10000 278
10000 376
10000 286
10000 337
10000 379
10000 360
10000 300
10000 327
10000 286
10000 281
10000 355
10000 320
10000 408
10000 309
10000 331
10000 309
10000 289
10000 283
10000 299
10000 283
10000 365
10000 395
10000 299
10000 280
10000 364
10000 278
10000 426
10000 301
10000 295
10000 274
10000 359
10000 338
10000 348
10000 314
10000 327
10000 282
10000 287
10000 341
10000 287
10000 372
10000 383
10000 376
10000 333
10000 320
10000 990
10000 777
10000 369
10000 282
10000 337
10000 333
10000 315
10000 330
10000 333
10000 315
10000 359
10000 477
10000 331
10000 280
10000 283
10000 289
10000 319
10000 311
10000 289
10000 377
10000 517
10000 376
10000 289
10000 286
10000 326
10000 323
10000 400
10000 310
10000 347
10000 275
10000 341
10000 746
10000 345
100000 2757
100000 2803
100000 2723
100000 2583
100000 2896
100000 2733
100000 2874
100000 2705
100000 2714
100000 2006
100000 2678
100000 2768
100000 2601
100000 2667
100000 2700
100000 2672
100000 2710
100000 2709
100000 3241
100000 1894
100000 2726
100000 1928
100000 2239
100000 2756
100000 2872
100000 2702
100000 2689
100000 2558
100000 2679
100000 2737
100000 2807
100000 3227
100000 2714
100000 2809
100000 2706
100000 3142
100000 2697
100000 2749
100000 3664
100000 2099
100000 2962
100000 2732
100000 2715
100000 3435
100000 2829
100000 2357
100000 2721
100000 2623
100000 2656
100000 2750
100000 2614
100000 2000
100000 2649
100000 2843
100000 2786
100000 2782
100000 2970
100000 2996
100000 2773
100000 2717
100000 1989
100000 2732
100000 2067
100000 2395
100000 2703
100000 2653
100000 2641
100000 3502
100000 1940
100000 2822
100000 4203
100000 2591
100000 3097
100000 3892
100000 1957
100000 2586
100000 3021
100000 3048
100000 2793
100000 2723
100000 3669
100000 2308
100000 1899
100000 3007
100000 3042
100000 3360
100000 3184
100000 2336
100000 2815
100000 3137
100000 2932
100000 2690
100000 2724
100000 2693
100000 3478
100000 2715
100000 2880
100000 2749
100000 3065
100000 2862
1000000 17927
1000000 20555
1000000 24381
1000000 21309
1000000 21283
1000000 21672
1000000 21566
1000000 21263
1000000 17786
1000000 17777
1000000 21451
1000000 17681
1000000 20304
1000000 24133
1000000 20009
1000000 22793
1000000 22244
1000000 20624
1000000 20292
1000000 21662
1000000 25480
1000000 20703
1000000 21750
1000000 21490
1000000 19423
1000000 23796
1000000 20074
1000000 21448
1000000 17978
1000000 18935
1000000 23668
1000000 17722
1000000 22572
1000000 18827
1000000 22143
1000000 17801
1000000 23508
1000000 20581
1000000 19210
1000000 17780
1000000 17741
1000000 18650
1000000 23892
1000000 20326
1000000 17705
1000000 17684
1000000 18618
1000000 18565
1000000 18101
1000000 18518
1000000 20486
1000000 23665
1000000 17662
1000000 20691
1000000 19307
1000000 21532
1000000 22375
1000000 20708
1000000 19121
1000000 17933
1000000 19820
1000000 19340
1000000 19024
1000000 18473
1000000 19681
1000000 24376
1000000 24821
1000000 21171
1000000 18092
1000000 19389
1000000 20225
1000000 18525
1000000 21753
1000000 24020
1000000 18945
1000000 19131
1000000 19688
1000000 24805
1000000 28573
1000000 17691
1000000 20548
1000000 20819
1000000 19744
1000000 21413
1000000 21358
1000000 23146
1000000 21385
1000000 22152
1000000 17808
1000000 19923
1000000 19385
1000000 21474
1000000 20845
1000000 18049
1000000 21384
1000000 18482
1000000 20476
1000000 21286
1000000 22218
1000000 17795
