1000 228
1000 206
1000 217
1000 196
1000 197
1000 213
1000 202
1000 257
1000 204
1000 218
1000 210
1000 200
1000 230
1000 206
1000 221
1000 218
1000 206
1000 305
1000 212
1000 209
1000 627
1000 199
1000 236
1000 204
1000 207
1000 208
1000 196
1000 342
1000 212
1000 216
1000 205
1000 201
1000 203
1000 209
1000 212
1000 218
1000 202
1000 203
1000 214
1000 204
1000 239
1000 214
1000 225
1000 222
1000 201
1000 204
1000 202
1000 210
1000 611
1000 201
1000 203
1000 205
1000 221
1000 209
1000 199
1000 207
1000 219
1000 210
1000 201
1000 202
1000 210
1000 200
1000 201
1000 216
1000 194
1000 195
1000 208
1000 206
1000 267
1000 200
1000 219
1000 210
1000 211
1000 237
1000 228
1000 203
1000 214
1000 208
1000 207
1000 203
1000 215
1000 216
1000 213
1000 205
1000 197
1000 205
1000 212
1000 217
1000 215
1000 205
1000 208
1000 213
1000 199
1000 207
1000 251
1000 202
1000 204
1000 283
1000 196
1000 217
10000 347
10000 363
10000 366
10000 632
10000 379
10000 359
10000 356
10000 325
10000 371
10000 347
10000 422
10000 348
10000 401
10000 371
10000 377
10000 375
10000 359
10000 406
10000 404
10000 450
10000 373
10000 365
10000 336
10000 354
10000 367
10000 503
10000 345
10000 369
10000 375
10000 364
10000 336
10000 656
10000 347
10000 632
10000 406
10000 364
10000 406
10000 330
10000 353
10000 342
10000 367
10000 319
10000 375
10000 368
10000 377
10000 372
10000 416
10000 348
10000 378
10000 2968
10000 833
10000 401
10000 366
10000 400
10000 352
10000 446
10000 369
10000 316
10000 403
10000 338
10000 361
10000 646
10000 338
10000 395
10000 398
10000 355
10000 370
10000 365
10000 365
10000 375
10000 361
10000 355
10000 357
10000 381
10000 347
10000 400
10000 1641
10000 369
10000 354
10000 389
10000 398
10000 362
10000 369
10000 327
10000 323
10000 390
10000 344
10000 692
10000 379
10000 344
10000 394
10000 375
10000 365
10000 347
10000 330
10000 362
10000 412
10000 320
10000 363
10000 368
100000 2272
100000 2764
100000 2339
100000 2673
100000 2428
100000 3382
100000 2341
100000 2694
100000 3122
100000 3217
100000 2741
100000 3270
100000 2455
100000 3239
100000 3107
100000 2768
100000 2679
100000 2338
100000 2454
100000 2686
100000 2748
100000 2885
100000 2413
100000 2480
100000 4865
100000 2365
100000 2125
100000 3695
100000 2518
100000 2772
100000 2361
100000 2518
100000 2278
100000 2614
100000 3013
100000 2289
100000 2846
100000 3140
100000 3224
100000 2779
100000 3799
100000 2841
100000 2676
100000 3259
100000 2492
100000 2845
100000 2637
100000 2954
100000 3085
100000 2398
100000 3180
100000 2649
100000 2748
100000 2429
100000 4189
100000 2385
100000 2473
100000 3781
100000 2663
100000 2296
100000 2945
100000 2607
100000 2723
100000 2405
100000 2347
100000 2834
100000 2331
100000 3464
100000 3224
100000 2388
100000 2775
100000 2769
100000 3117
100000 3676
100000 2466
100000 2465
100000 2721
100000 2429
100000 2472
100000 3168
100000 2484
100000 2768
100000 2887
100000 2913
100000 2651
100000 2291
100000 3168
100000 2875
100000 3112
100000 2675
100000 3076
100000 2682
100000 2863
100000 2849
100000 2578
100000 2672
100000 2737
100000 2606
100000 2809
100000 2414
1000000 25294
1000000 17777
1000000 20713
1000000 21925
1000000 20835
1000000 18462
1000000 22250
1000000 20800
1000000 18020
1000000 19555
1000000 20355
1000000 22385
1000000 17896
1000000 22355
1000000 21525
1000000 18044
1000000 19548
1000000 20080
1000000 21388
1000000 21121
1000000 21682
1000000 20759
1000000 20473
1000000 21156
1000000 21416
1000000 21245
1000000 20297
1000000 19228
1000000 21369
1000000 22810
1000000 20341
1000000 17808
1000000 21192
1000000 21433
1000000 23407
1000000 20970
1000000 21985
1000000 21344
1000000 19412
1000000 20445
1000000 21414
1000000 21579
1000000 20801
1000000 18295
1000000 20982
1000000 22195
1000000 20342
1000000 21280
1000000 19879
1000000 18247
1000000 22152
1000000 18220
1000000 17963
1000000 21904
1000000 23393
1000000 20021
1000000 21984
1000000 18419
1000000 21721
1000000 18031
1000000 18011
1000000 21203
1000000 22188
1000000 21847
1000000 21671
1000000 22016
1000000 21699
1000000 17903
1000000 21476
1000000 21516
1000000 20272
1000000 21048
1000000 19979
1000000 20116
1000000 22219
1000000 21625
1000000 21904
1000000 19966
1000000 21576
1000000 18659
1000000 20020
1000000 18031
1000000 21362
1000000 17932
1000000 21401
1000000 20902
1000000 21899
1000000 21207
1000000 21223
1000000 21926
1000000 20979
1000000 21822
1000000 19376
1000000 17812
1000000 21971
1000000 21296
1000000 21568
1000000 17960
1000000 22956
1000000 19289
