1 31.598
2 25.25
3 301.53
4 223.89
5 256.92
6 57.353
7 33.694
8 201.8
9 65.98
10 65.298
11 76.07
12 26.258
13 36.977
14 256.25
15 420.04
16 177.6
17 123.66
18 85.375
19 6.9415
20 10.398
21 70.991
22 50.796
23 135.16
24 38.568
25 79.505
26 77.987
27 38.905
28 89.336
29 2.2474
30 200.69
31 60.71
32 62.376
33 117.69
34 4.7876
35 87.931
36 327.14
37 6.4225
38 215.09
39 267.87
40 102.01
41 175.05
42 22.57
43 55.056
44 39.504
45 22.987
46 76.1
47 75.025
48 78.195
49 11.925
50 46.185
51 17.814
52 178.05
53 17.869
54 84.562
55 57.762
56 90.806
57 1.2811
58 210.63
59 519.44
60 16.103
61 156.2
62 81.006
63 62.476
64 8.0469
65 391.76
66 15.372
67 121.25
68 0.61692
69 90.689
70 17.707
71 41.26
72 117.6
73 137.38
74 31.931
75 99.639
76 8.85
77 285.34
78 187.07
79 18.298
80 85.381
81 207.94
82 64.272
83 5.8896
84 25.02
85 61.853
86 75.446
87 222.94
88 135.1
89 30.311
90 119.07
91 56.716
92 4.9271
93 40.634
94 42.366
95 133.11
96 382.16
97 20.009
98 96.162
99 34.913
100 140.4
101 139.22
102 30.465
103 99.646
104 156.4
105 24.033
106 139.66
107 508.24
108 255.19
109 50.294
110 66.573
111 76.721
112 31.768
113 96.007
114 102.57
115 217.85
116 209.73
117 36.723
118 165.31
119 96.585
120 53.127
121 13.916
122 0.83845
123 108.42
124 12.043
125 83.175
126 86.866
127 50.654
128 139.22
129 147.57
130 119.9
131 18.053
132 1.8071
133 9.4702
134 8.453
135 382.9
136 294.47
137 105
138 116.04
139 46.151
140 75.158
141 52.068
142 21.461
143 30.093
144 61.446
145 364.02
146 24.282
147 47.437
148 53.567
149 155.75
150 84.038
151 167.64
152 134.33
153 57.936
154 92.241
155 308.32
156 56.513
157 169.91
158 285.42
159 29.384
160 84.388
161 178.27
162 13.19
163 92.224
164 61.946
165 92.29
166 175.12
167 287.57
168 171.98
169 118.36
170 79.202
171 26.582
172 15.361
173 108.36
174 64.022
175 167.06
176 81.991
177 243.76
178 22.361
179 101.21
180 235.85
181 19.041
182 37.286
183 4.0519
184 149.58
185 4.7477
186 24.193
187 170.3
188 84.967
189 19.675
190 4.4216
191 52.27
192 139.91
193 265.55
194 91.321
195 23.794
196 140.25
197 127.16
198 393.22
199 51.433
200 328.6
201 77.174
202 50.33
203 97.693
204 83.38
205 9.8744
206 56.604
207 39.19
208 133.69
209 141.02
210 180.09
211 48.38
212 53.992
213 106.31
214 49.439
215 107.84
216 42.587
217 113.6
218 4.1175
219 266.48
220 172.94
221 8.0869
222 85.002
223 37.67
224 93.6
225 235.41
226 14.751
227 70.973
228 32.067
229 24.997
230 52.027
231 15.401
232 117.89
233 102.74
234 17.617
235 122.52
236 218.01
237 86.23
238 19.057
239 134.37
240 2.9536
241 6.0676
242 329.74
243 40.691
244 233.79
245 25.078
246 101.92
247 64.527
248 114.3
249 7.3101
250 67.674
251 15.84
252 73.371
253 2.6392
254 114.21
255 519.7
256 16.048
257 61.562
258 338.52
259 125.01
260 69.268
261 18.142
262 53.327
263 183.43
264 149.18
265 6.9029
266 400.74
267 209.89
268 148.08
269 171.11
270 4.4247
271 17.186
272 54.571
273 18.983
274 34.853
275 26.822
276 17.047
277 26.563
278 93.551
279 18.549
280 23.429
281 116.59
282 445.8
283 96.9
284 53.471
285 42.096
286 316.18
287 158.12
288 87.937
289 166.15
290 476.03
291 97.48
292 22.502
293 78.415
294 238.62
295 40.755
296 352.12
297 110.23
298 8.6334
299 14.369
300 301.17
301 36.389
302 225.84
303 273.04
304 108.89
305 2.4375
306 38.807
307 8.8596
308 130.21
309 25.823
310 245.33
311 34.875
312 246.79
313 148.25
314 34.05
315 21.969
316 10.599
317 0.44321
318 32.997
319 216.15
320 411.74
321 27.439
322 128.1
323 109.91
324 39.697
325 12.46
326 67.004
327 8.3837
328 113.15
329 69.648
330 202.16
331 198.66
332 146.93
333 109.87
334 3.3957
335 44.239
336 171.84
337 347.56
338 22.9
339 78.945
340 25.511
341 109.22
342 21.524
343 0.62918
344 99.608
345 43.227
346 33.805
347 148.16
348 9.39
349 64.404
350 19.776
351 15.477
352 105.76
353 20.156
354 252.22
355 132.26
356 63.657
357 141.11
358 311.27
359 32.869
360 13.44
361 1.4949
362 3.8027
363 68.67
364 229.92
365 18.032
366 39.909
367 248.76
368 133.32
369 143.53
370 40.775
371 226.2
372 2.1098
373 91.726
374 313.55
375 20.978
376 38.187
377 8.8938
378 10.146
379 60.88
380 39.782
381 301.69
382 140.62
383 11.207
384 89.21
385 215.05
386 255.91
387 84
388 107.62
389 234.1
390 40.951
391 140.94
392 58.934
393 103.76
394 8.3383
395 98.577
396 0.15128
397 92.337
398 24.796
399 24.17
400 243.78
401 345.56
402 57.192
403 114.51
404 61.744
405 7.9857
406 36.929
407 62.977
408 16.273
409 236.42
410 135.77
411 66.145
412 34.748
413 215.79
414 13.92
415 59.241
416 228.15
417 18.38
418 45.656
419 363.1
420 49.267
421 16.919
422 19.129
423 5.5972
424 97.45
425 151.92
426 3.5284
427 14.358
428 88.616
429 150.3
430 9.2038
431 154.32
432 20.275
433 39.419
434 22.738
435 169.44
436 50.823
437 329.81
438 91.264
439 271.72
440 19.352
441 27.988
442 7.9737
443 75.961
444 73.989
445 82.019
446 66.659
447 28.389
448 61.339
449 134.24
450 59.345
451 16.563
452 72.352
453 39.947
454 112.27
455 16.916
456 25.174
457 218.06
458 11.414
459 236.9
460 33.289
461 58.541
462 136.22
463 27.102
464 65.499
465 4.9133
466 70.881
467 28.335
468 26.528
469 35.061
470 15.095
471 11.74
472 19.402
473 432.95
474 34.934
475 69.112
476 16.152
477 26.491
478 5.5845
479 11.924
480 31.923
481 37.377
482 16.287
483 22.356
484 54.46
485 227.06
486 26.105
487 38.698
488 14.885
489 23.276
490 212.33
491 76.913
492 53.309
493 77.223
494 164.14
495 82.955
496 176.8
497 197.82
498 129.12
499 34.315
500 2.5271
501 210.03
502 271.38
503 3.9777
504 10.705
505 30.071
506 78.712
507 88.435
508 121.39
509 1.428
510 26.623
511 29.679
512 56.696
513 22.857
514 94.73
515 290.38
516 53.953
517 155.53
518 49.697
519 199.95
520 260.84
521 98.856
522 12.965
523 132.2
524 118.61
525 294.45
526 11.625
527 40.688
528 56.58
529 36.633
530 69.158
531 24.073
532 53.893
533 103.98
534 221.7
535 6.4787
536 125.2
537 127.54
538 157.78
539 6.4516
540 284.68
541 3.7781
542 10.037
543 18.941
544 28.135
545 24.576
546 31.784
547 303.48
548 46.651
549 101.41
550 46.597
551 43.406
552 39.694
553 63.252
554 97.799
555 121.8
556 203.87
557 53.128
558 142.7
559 71.579
560 362.45
561 127.68
562 29.541
563 22.578
564 153.12
565 190.68
566 87.571
567 51.878
568 11.133
569 110.44
570 111.41
571 28.614
572 74.757
573 60.565
574 98.874
575 53.7
576 41.992
577 343.25
578 75.043
579 13.699
580 4.8795
581 13.987
582 112.7
583 95.336
584 46.832
585 0.47482
586 16.477
587 34.517
588 251.71
589 184.39
590 131.48
591 0.75504
592 109.32
593 6.4617
594 146.96
595 43.45
596 163.25
597 32.68
598 59.999
599 111.94
600 52.663
601 55.941
602 130.75
603 51.222
604 53.781
605 95.979
606 2.9777
607 636.08
608 242.26
609 7.3039
610 41.633
611 157.61
612 269.3
613 118.4
614 73.712
615 33.597
616 86.607
617 145.92
618 37.203
619 522.6
620 66.19
621 140.36
622 109.91
623 15.947
624 88.166
625 126.29
626 19.309
627 65.427
628 0.35666
629 42.912
630 25.032
631 151.9
632 34.883
633 60.696
634 91.141
635 169.17
636 45.322
637 33.799
638 35.684
639 76.412
640 50.413
641 203
642 149
643 533.51
644 40.119
645 231.4
646 172.91
647 82.032
648 22.899
649 93.866
650 28.233
651 137.07
652 467.45
653 186.76
654 40.999
655 39.105
656 53.672
657 69.399
658 49.358
659 4.5299
660 51.568
661 48.992
662 84.536
663 63.885
664 116.65
665 147.74
666 196.88
667 76.754
668 44.021
669 28.453
670 107.42
671 19.087
672 49.41
673 18.863
674 277.43
675 180.34
676 22.267
677 2.5709
678 537.81
679 215.18
680 21.035
681 50.84
682 66.8
683 88.371
684 389.27
685 30.469
686 17.167
687 8.9384
688 336.76
689 34.842
690 164.25
691 4.9304
692 55.917
693 608.33
694 10.419
695 24.534
696 134.72
697 33.95
698 272.99
699 87.786
700 20.772
701 326.69
702 52.136
703 402.21
704 234.08
705 964.28
706 114.51
707 195.86
708 94.666
709 80.652
710 12.364
711 398.59
712 4.3742
713 374.27
714 26.585
715 11.881
716 45.247
717 4.2566
718 15.844
719 37.904
720 32.003
721 316.29
722 171.36
723 37.801
724 73.219
725 89.03
726 167.73
727 266.22
728 14.543
729 68.158
730 15.408
731 126.99
732 132.1
733 131.1
734 73.699
735 171.02
736 244.18
737 171.84
738 69.133
739 216.26
740 63.248
741 41.888
742 263.71
743 7.0986
744 83.069
745 49.473
746 129.54
747 3.925
748 38.143
749 10.499
750 87.978
751 13.803
752 211.62
753 60.745
754 496.09
755 485.31
756 13.74
757 325.66
758 52.319
759 75.351
760 89.658
761 15.908
762 191.84
763 211.02
764 81.124
765 157.85
766 17.022
767 10.287
768 31.808
769 157.19
770 108.77
771 71.174
772 214.89
773 66.075
774 3.4921
775 48.503
776 62.493
777 19.429
778 224.86
779 119.51
780 91.412
781 9.4229
782 168.5
783 13.881
784 69.976
785 151.48
786 37.66
787 70.403
788 112.39
789 142.41
790 125.39
791 125.68
792 10.622
793 121.67
794 103.36
795 39.031
796 68.05
797 102.77
798 20.323
799 31.612
800 8.5074
801 500.4
802 1.5691
803 149.46
804 133.53
805 123.09
806 22.505
807 182.51
808 41.754
809 36.304
810 76.211
811 153.47
812 111.59
813 27.256
814 10.648
815 10.993
816 548.52
817 97.933
818 185.62
819 59.687
820 144.44
821 34.921
822 92.693
823 31.919
824 81.93
825 3.046
826 28.472
827 161.38
828 183.67
829 202.21
830 40.012
831 99.964
832 11.767
833 293.45
834 27.79
835 120.29
836 263.67
837 45.652
838 265.77
839 10.235
840 96.098
841 90.493
842 35.186
843 134.08
844 13.879
845 172.28
846 5.5538
847 64.218
848 181.95
849 12.404
850 55.904
851 46.604
852 41.354
853 8.6896
854 53.446
855 108.59
856 226.8
857 77.972
858 2.3344
859 247.18
860 13.404
861 157.07
862 34.835
863 24.32
864 103.74
865 51.394
866 67.734
867 66.37
868 9.7642
869 21.364
870 139.18
871 44.345
872 157.02
873 229.52
874 124.46
875 110.71
876 14.358
877 387.18
878 286.58
879 11.904
880 27.693
881 206.25
882 58.376
883 187.71
884 97.86
885 4.5732
886 84.056
887 280.35
888 534.43
889 220.55
890 208.12
891 64.384
892 586.66
893 42.429
894 133.68
895 164.48
896 605.05
897 66.495
898 75.72
899 22.834
900 60.177
901 194.87
902 42.532
903 144.8
904 28.39
905 164.62
906 61.85
907 15.079
908 33.876
909 122.77
910 101.49
911 72.94
912 62.781
913 119.22
914 0.517
915 1.3617
916 159.05
917 351.5
918 55.193
919 96.682
920 73.336
921 31.694
922 90.553
923 165.42
924 60.413
925 3.5843
926 51.13
927 149.28
928 283.32
929 52.605
930 115.51
931 33.453
932 75.574
933 27.616
934 188.17
935 45.914
936 191.29
937 103.3
938 97.336
939 604.53
940 236.63
941 59.848
942 84.668
943 199.37
944 67.157
945 2.7852
946 148.56
947 155.68
948 18.09
949 28.519
950 132.71
951 81.84
952 42.004
953 33.111
954 203.08
955 44.07
956 2.9746
957 29.99
958 159.65
959 24.111
960 28.803
961 9.5053
962 42.984
963 182.35
964 156.66
965 14.62
966 0.37535
967 88.541
968 17.368
969 92.231
970 281.69
971 299.25
972 195.33
973 97.656
974 38.804
975 81.795
976 377.05
977 55.962
978 2.2336
979 43.005
980 84.675
981 49.486
982 126.36
983 35.707
984 307.73
985 24.979
986 192.37
987 3.1057
988 39.476
989 182.32
990 36.561
991 19.015
992 34.328
993 270.92
994 367.91
995 50.258
996 71.163
997 131.25
998 7.8549
999 106.32
1000 119.56
1001 92.401
1002 266.4
1003 238.91
1004 22.512
1005 210.14
1006 84.712
1007 299.3
1008 46.437
1009 178.49
1010 241.28
1011 122.18
1012 4.0835
1013 4.233
1014 6.6322
1015 162.91
1016 28.047
1017 38.638
1018 414.48
1019 234.8
1020 42.687
1021 108.15
1022 32.806
1023 8.2918
1024 9.3437
1025 59.23
1026 47.531
1027 3.2285
1028 63.339
1029 49.293
1030 287.63
1031 5.7385
1032 11.882
1033 198.74
1034 106.92
1035 188.84
1036 47.645
1037 18.149
1038 12.307
1039 49.469
1040 54.172
1041 263.29
1042 376.05
1043 44.518
1044 38.741
1045 247.66
1046 79.267
1047 64.956
1048 1.1154
1049 30.314
1050 53.127
1051 284.92
1052 19.601
1053 277.62
1054 188.3
1055 88.347
1056 66.253
1057 1.2109
1058 97.639
1059 22.939
1060 57.867
1061 10.259
1062 64.8
1063 22.323
1064 191.53
1065 140.68
1066 56.333
1067 121.43
1068 457.91
1069 46.705
1070 17.88
1071 156.5
1072 19.6
1073 200.74
1074 247.9
1075 14.026
1076 5.3273
1077 162.21
1078 73.357
1079 70.915
1080 178.59
1081 92.966
1082 3.9519
1083 43.033
1084 216.06
1085 413.4
1086 15.408
1087 229.87
1088 82.163
1089 76.576
1090 142.94
1091 63.266
1092 100.4
1093 227.62
1094 150.95
1095 100.96
1096 14.423
1097 141.54
1098 83.564
1099 61.206
1100 90.198
1101 288.2
1102 66.602
1103 29.68
1104 75.183
1105 16.471
1106 87.085
1107 276.16
1108 345.79
1109 30.628
1110 128.5
1111 34.077
1112 110.89
1113 60.982
1114 36.56
1115 81.265
1116 72.115
1117 45.225
1118 48.311
1119 15.375
1120 34.781
1121 184.17
1122 13.746
1123 23.953
1124 118.44
1125 40.447
1126 85.082
1127 256.03
1128 17.719
1129 11.048
1130 122.64
1131 33.548
1132 81.568
1133 232.39
1134 82.054
1135 0.74401
1136 23.615
1137 43.958
1138 51.684
1139 19.387
1140 23.717
1141 104.93
1142 37.387
1143 278.91
1144 26.018
1145 22.166
1146 136.78
1147 182.26
1148 11.467
1149 48.867
1150 6.4001
1151 2.9474
1152 113.25
1153 110.09
1154 37.272
1155 173.5
1156 1.2923
1157 218.34
1158 116.76
1159 27.728
1160 118.77
1161 23.08
1162 8.7557
1163 48.217
1164 6.4549
1165 7.3145
1166 124.34
1167 31.739
1168 115.53
1169 8.2664
1170 48.709
1171 1.0652
1172 281.89
1173 134.18
1174 56.212
1175 265
1176 243.6
1177 88.03
1178 6.129
1179 41.773
1180 40.384
1181 97.243
1182 188.05
1183 182.29
1184 29.539
1185 436.87
1186 39.328
1187 22.706
1188 355.66
1189 67.654
1190 4.1674
1191 10.205
1192 35.43
1193 124.53
1194 31.238
1195 0.0049328
1196 84.742
1197 1.8025
1198 179.11
1199 84.46
1200 81.546
1201 75.623
1202 9.538
1203 9.8608
1204 56.773
1205 48.849
1206 20.321
1207 44.423
1208 2.4548
1209 160.67
1210 158.5
1211 14.549
1212 35.567
1213 30.511
1214 321.98
1215 113.14
1216 211.92
1217 19.248
1218 159.78
1219 30.44
1220 25.708
1221 94.651
1222 303.89
1223 47.627
1224 158.48
1225 53.549
1226 54.603
1227 40.048
1228 15.282
1229 29.386
1230 45.668
1231 136.87
1232 329.67
1233 303.85
1234 238.76
1235 19.249
1236 75.748
1237 21.131
1238 17.31
1239 58.969
1240 24.614
1241 7.2852
1242 98.479
1243 18.085
1244 230.74
1245 37.959
1246 25.821
1247 187.24
1248 225.42
1249 123.88
1250 137.49
1251 244.82
1252 62.909
1253 33.607
1254 36.072
1255 107.55
1256 152.34
1257 1.5394
1258 66.794
1259 31.784
1260 131.29
1261 150.07
1262 37.349
1263 8.7934
1264 5.0427
1265 10.828
1266 166.15
1267 233.61
1268 89.644
1269 114.26
1270 55.147
1271 81.659
1272 17.045
1273 44.676
1274 92.262
1275 39.745
1276 91.499
1277 45.62
1278 30.899
1279 94.089
1280 25.474
1281 21.744
1282 22.426
1283 23.079
1284 49.162
1285 4.0233
1286 410.83
1287 86.073
1288 90.236
1289 312.12
1290 34.079
1291 480.43
1292 24.918
1293 9.07
1294 41.317
1295 163.67
1296 218.81
1297 220.9
1298 30.006
1299 56.381
1300 18.536
1301 55.728
1302 210.43
1303 438.82
1304 13.106
1305 49.072
1306 65.338
1307 88.853
1308 254.24
1309 2.7289
1310 188.28
1311 52.991
1312 35.55
1313 197.1
1314 94.152
1315 135.93
1316 79.72
1317 24.993
1318 38.325
1319 13.865
1320 18.444
1321 79.751
1322 102.47
1323 29.403
1324 98.398
1325 100.02
1326 15.246
1327 92.806
1328 155.03
1329 97.398
1330 187.76
1331 55.83
1332 14.13
1333 53.798
1334 10.878
1335 140.17
1336 15.526
1337 84.915
1338 68.99
1339 14.549
1340 49.839
1341 28.045
1342 1.6745
1343 40.045
1344 60.863
1345 58.359
1346 9.4665
1347 228.35
1348 172.46
1349 14.721
1350 34.822
1351 20.112
1352 303.58
1353 21.194
1354 218.36
1355 27.154
1356 153.47
1357 82.069
1358 119.14
1359 46.011
1360 154.18
1361 50.923
1362 37.527
1363 11.942
1364 91.187
1365 26.837
1366 248.57
1367 154.19
1368 99.264
1369 191.63
1370 27.802
1371 64.834
1372 64.977
1373 230.42
1374 93.078
1375 78.04
1376 57.696
1377 38.219
1378 55.475
1379 109.25
1380 214.44
1381 47.277
1382 2.6036
1383 173.32
1384 81.622
1385 184.31
1386 63.562
1387 48.676
1388 65.196
1389 208.05
1390 70.205
1391 90.873
1392 47.288
1393 300.69
1394 88.766
1395 8.6997
1396 25.853
1397 51.475
1398 115.18
1399 156.92
1400 128.69
1401 12.804
1402 290.77
1403 229.37
1404 214.34
1405 9.0256
1406 154.47
1407 40.29
1408 316.88
1409 87.322
1410 54.226
1411 237.03
1412 276.47
1413 31.519
1414 129.04
1415 74.645
1416 157.15
1417 79.191
1418 33.887
1419 22.53
1420 20.291
1421 152.83
1422 107.34
1423 77.563
1424 130.62
1425 44.329
1426 66.823
1427 122.2
1428 126.29
1429 26.611
1430 97.799
1431 121.91
1432 137.37
1433 428.81
1434 9.0207
1435 189.38
1436 161.28
1437 10.216
1438 243.73
1439 72.791
1440 277.99
1441 23.09
1442 106.08
1443 160.47
1444 122.62
1445 222.36
1446 51.159
1447 26.349
1448 85.834
1449 306.36
1450 0.0073691
1451 12.472
1452 70.793
1453 139.06
1454 21.73
1455 46.08
1456 201.83
1457 369.61
1458 210.6
1459 203.38
1460 41.007
1461 35.164
1462 83.057
1463 93.497
1464 24.501
1465 169.97
1466 170.77
1467 56.725
1468 24.184
1469 1.8718
1470 31.204
1471 26.169
1472 31.279
1473 179.94
1474 1.4051
1475 142.72
1476 220.96
1477 73.974
1478 329
1479 209.72
1480 87.301
1481 21.207
1482 34.211
1483 367.83
1484 43.075
1485 10.894
1486 66.024
1487 32.407
1488 53.464
1489 129.34
1490 89.267
1491 192.01
1492 41.323
1493 209.51
1494 0.39435
1495 9.2074
1496 166.95
1497 43.834
1498 29.787
1499 70.55
1500 37.284
1501 78.724
1502 160.74
1503 144.73
1504 37.391
1505 47.135
1506 62.872
1507 39.712
1508 87.919
1509 19.524
1510 29.159
1511 190.55
1512 5.1236
1513 62.868
1514 35.623
1515 4.9027
1516 19.356
1517 55.129
1518 227.87
1519 60.598
1520 61.207
1521 8.02
1522 75.252
1523 96.106
1524 106.08
1525 83.429
1526 11.95
1527 43.888
1528 45.3
1529 2.1125
1530 0.10386
1531 144.12
1532 228.72
1533 237.27
1534 91.139
1535 10.106
1536 242.35
1537 52.18
1538 118.6
1539 66.953
1540 90.114
1541 72.745
1542 103.98
1543 65.495
1544 117.89
1545 55.376
1546 215.98
1547 218.92
1548 42.987
1549 7.7897
1550 313.06
1551 48.124
1552 296.35
1553 5.5529
1554 156.07
1555 69.833
1556 17.359
1557 66.436
1558 86.951
1559 19.186
1560 122.87
1561 77.015
1562 202.4
1563 130.5
1564 175.99
1565 29.731
1566 31.061
1567 161.6
1568 44.976
1569 190.29
1570 103.44
1571 15.049
1572 253.37
1573 186.41
1574 1.3436
1575 163.57
1576 0.65714
1577 53.891
1578 22.609
1579 131.96
1580 36.555
1581 63.024
1582 74.08
1583 165.98
1584 237.03
1585 313.89
1586 122.59
1587 16.672
1588 20.055
1589 116.93
1590 138.13
1591 169.38
1592 217.32
1593 311.51
1594 7.3967
1595 108.48
1596 31.603
1597 32.659
1598 21.661
1599 225.89
1600 192.83
1601 200.24
1602 136.1
1603 16.583
1604 127.95
1605 58.468
1606 98.551
1607 69.314
1608 29.225
1609 40.528
1610 71.349
1611 40.226
1612 19.594
1613 46.147
1614 1.2492
1615 45.495
1616 120.62
1617 0.37253
1618 109.46
1619 226.04
1620 141.98
1621 237.24
1622 92.34
1623 45.004
1624 72.941
1625 67.84
1626 45.752
1627 16.938
1628 2.555
1629 15.616
1630 45.649
1631 47.812
1632 60.351
1633 193.08
1634 1.6168
1635 41.38
1636 58.57
1637 186.18
1638 20.109
1639 117.98
1640 191.53
1641 21.307
1642 95.899
1643 0.12338
1644 48.877
1645 36.883
1646 46.376
1647 111.27
1648 53.782
1649 74.047
1650 170.65
1651 268.69
1652 2.2409
1653 107.38
1654 107.53
1655 123.46
1656 18.078
1657 177.12
1658 168.53
1659 71.872
1660 94.528
1661 53.792
1662 95.565
1663 123.66
1664 59.476
1665 84.176
1666 7.2711
1667 64.122
1668 110.38
1669 68.492
1670 4.2641
1671 70.452
1672 138.54
1673 8.6003
1674 65.77
1675 98.757
1676 466.06
1677 206.33
1678 128.29
1679 96.84
1680 117.22
1681 117.92
1682 3.1128
1683 54.514
1684 18.049
1685 67.136
1686 218.11
1687 134.9
1688 41.966
1689 29.384
1690 43.437
1691 100.66
1692 58.877
1693 55.128
1694 82.01
1695 40.984
1696 217.02
1697 37.713
1698 6.0009
1699 120.12
1700 3.7666
1701 56.989
1702 149.71
1703 116.36
1704 26.182
1705 101.64
1706 54.748
1707 20.794
1708 120.91
1709 0.67051
1710 114.68
1711 50.96
1712 79.952
1713 97.943
1714 20.804
1715 71.944
1716 20.274
1717 79.454
1718 41.567
1719 301.5
1720 101.44
1721 45.907
1722 213.2
1723 106.56
1724 72.843
1725 59.693
1726 52.363
1727 30.418
1728 12.952
1729 31.835
1730 121.7
1731 21.821
1732 143.94
1733 228.49
1734 1.0473
1735 179.78
1736 177.19
1737 120.14
1738 25.86
1739 223.2
1740 104.56
1741 44.955
1742 24.467
1743 11.67
1744 114.39
1745 99.591
1746 147.93
1747 38.126
1748 30.407
1749 118.23
1750 160.25
1751 50.691
1752 49.652
1753 133.34
1754 254.57
1755 72.562
1756 135.4
1757 129.85
1758 25.123
1759 33.851
1760 31.524
1761 120.2
1762 27.713
1763 62.921
1764 43.659
1765 216.46
1766 346.37
1767 292.7
1768 32.271
1769 56.953
1770 1.8472
1771 11.881
1772 124.67
1773 22.625
1774 213.67
1775 257.44
1776 0.6775
1777 140.64
1778 23.898
1779 53.134
1780 51.245
1781 22.813
1782 393.35
1783 1.4177
1784 161.43
1785 175.73
1786 14.768
1787 69.695
1788 2.335
1789 11.243
1790 97.027
1791 91.592
1792 132
1793 23.773
1794 71.408
1795 280.69
1796 296.2
1797 86.505
1798 130.74
1799 49.099
1800 92.91
1801 142.13
1802 59.43
1803 130.18
1804 44.322
1805 34.789
1806 85.664
1807 242.23
1808 136.17
1809 16.973
1810 156.43
1811 100.49
1812 117.61
1813 89.966
1814 452.64
1815 333.58
1816 138.39
1817 129.56
1818 119.55
1819 7.4213
1820 26.203
1821 6.5317
1822 11.835
1823 107.11
1824 17.329
1825 56.837
1826 151.27
1827 17.998
1828 78.657
1829 37.195
1830 47.635
1831 43.84
1832 1.9736
1833 52.396
1834 57.75
1835 32.52
1836 143.34
1837 82.055
1838 23.528
1839 0.97966
1840 26.963
1841 125.78
1842 351.31
1843 187.21
1844 20.433
1845 5.0398
1846 86.374
1847 102.89
1848 19.08
1849 14.142
1850 276.46
1851 167.88
1852 147.12
1853 108.65
1854 71.105
1855 206.88
1856 66.66
1857 41.046
1858 170.76
1859 495.39
1860 108.33
1861 139.81
1862 127.24
1863 22.294
1864 250.32
1865 9.3343
1866 92.817
1867 152.38
1868 13.196
1869 104.41
1870 7.872
1871 129.16
1872 4.6439
1873 50.478
1874 116.44
1875 65.382
1876 312.44
1877 37.707
1878 207.17
1879 159.44
1880 56.224
1881 118.67
1882 392.11
1883 85.682
1884 31.59
1885 86.281
1886 59.397
1887 128.12
1888 136.74
1889 68.965
1890 81.304
1891 104.4
1892 70.238
1893 32.549
1894 135.72
1895 169.56
1896 39.1
1897 193.45
1898 256.21
1899 117.13
1900 171.04
1901 20.577
1902 37.912
1903 141.52
1904 39.851
1905 218.54
1906 13.149
1907 20.664
1908 76.896
1909 58.722
1910 138.63
1911 91.589
1912 46.172
1913 75.441
1914 12.027
1915 120.18
1916 8.8273
1917 127.18
1918 53.681
1919 64.738
1920 65.714
1921 35.569
1922 23.89
1923 55.81
1924 137.14
1925 117.6
1926 154.71
1927 69.856
1928 43.718
1929 45.276
1930 94.857
1931 11.043
1932 138.08
1933 15.251
1934 95.594
1935 82.928
1936 4.1144
1937 21.329
1938 103.65
1939 64.535
1940 185.43
1941 88.807
1942 86.951
1943 106.06
1944 245.83
1945 40.211
1946 56.053
1947 70.234
1948 55.944
1949 87.144
1950 103.91
1951 180.23
1952 5.2576
1953 5.8639
1954 15.212
1955 55.528
1956 216.42
1957 42.773
1958 182.16
1959 103.08
1960 30.562
1961 29.508
1962 4.3826
1963 233.75
1964 26.129
1965 54.927
1966 253.18
1967 47.942
1968 225.17
1969 17.609
1970 44.611
1971 61.118
1972 61.683
1973 88.657
1974 96.71
1975 264.77
1976 26.427
1977 35.523
1978 68.924
1979 20.728
1980 15.477
1981 145.62
1982 3.307
1983 46.845
1984 96.244
1985 27.808
1986 23.546
1987 96.291
1988 8.3129
1989 31.609
1990 3.6876
1991 39.948
1992 112.38
1993 218.15
1994 55.859
1995 26.08
1996 293.75
1997 69.212
1998 13.417
1999 49.97
2000 201.81
2001 95.272
2002 108.77
2003 315.11
2004 226.57
2005 25.878
2006 37.488
2007 218.94
2008 425.05
2009 76.223
2010 74.324
2011 47.479
2012 170.54
2013 156.32
2014 12.265
2015 83.871
2016 49.135
2017 310.58
2018 191.84
2019 94.794
2020 67.548
2021 11.293
2022 6.4006
2023 44.105
2024 39.483
2025 48.837
2026 17.991
2027 2.6408
2028 85.228
2029 68.906
2030 18.29
2031 2.1515
2032 206.44
2033 38.392
2034 68.858
2035 101.52
2036 103.58
2037 118.87
2038 21.241
2039 82.51
2040 60.471
2041 45.277
2042 18.021
2043 44.283
2044 109.47
2045 77.816
2046 397.29
2047 450.94
2048 95.286
2049 156.85
2050 0.94229
2051 123.65
2052 359.15
2053 236.78
2054 33.931
2055 221.48
2056 203.56
2057 9.9643
2058 48.93
2059 5.225
2060 326.84
2061 56.39
2062 40.987
2063 45.063
2064 68.23
2065 187.89
2066 83.484
2067 13.647
2068 4.2951
2069 69.278
2070 41.927
2071 25.243
2072 68.832
2073 28.003
2074 42.268
2075 67.485
2076 182.65
2077 112.38
2078 11.172
2079 90.998
2080 2.1294
2081 30.895
2082 89.629
2083 30.517
2084 212.12
2085 40.988
2086 3.0062
2087 58.715
2088 126.59
2089 116.17
2090 154.66
2091 12.925
2092 79.188
2093 153.13
2094 223.81
2095 220.37
2096 30.017
2097 168.9
2098 411.29
2099 248.58
2100 161.72
2101 2.6332
2102 136.07
2103 25.32
2104 185.33
2105 16.146
2106 82.189
2107 21.063
2108 26.404
2109 22.393
2110 97.525
2111 90.905
2112 85.022
2113 139.85
2114 62.852
2115 197.38
2116 31.196
2117 82.598
2118 186.13
2119 71.387
2120 69.031
2121 270.65
2122 108.53
2123 63.555
2124 108.06
2125 75.249
2126 25.745
2127 136.02
2128 69.922
2129 17.53
2130 42.772
2131 17.83
2132 70.309
2133 136.59
2134 155.66
2135 65.632
2136 3.2571
2137 78.712
2138 64.314
2139 164.3
2140 107.5
2141 7.7375
2142 4.2116
2143 7.9056
2144 22.936
2145 55.079
2146 343.39
2147 39.404
2148 138.07
2149 123.48
2150 67.849
2151 35.514
2152 285.74
2153 95.924
2154 26.339
2155 89.874
2156 66.275
2157 260.44
2158 196.95
2159 40.818
2160 14.775
2161 16.202
2162 43.144
2163 16.574
2164 38.691
2165 74.676
2166 328.21
2167 154.73
2168 2.0018
2169 9.7146
2170 78.689
2171 299.77
2172 133.32
2173 1.1278
2174 81.894
2175 21.534
2176 7.2916
2177 122.41
2178 8.2465
2179 345.65
2180 33.662
2181 39.609
2182 54.401
2183 60.251
2184 12.539
2185 88.431
2186 18.147
2187 66.649
2188 554.76
2189 174.12
2190 56.506
2191 52.87
2192 133.56
2193 37.293
2194 7.4817
2195 107.88
2196 106.88
2197 232.54
2198 49.38
2199 181.38
2200 12.74
2201 10.347
2202 310.04
2203 16.469
2204 128.93
2205 39.304
2206 187.56
2207 22.973
2208 202.41
2209 27.541
2210 32.362
2211 113.12
2212 117.45
2213 38.672
2214 8.3268
2215 17.786
2216 18.043
2217 28.725
2218 22.71
2219 23.477
2220 127.24
2221 1.0428
2222 337.17
2223 135.68
2224 39.73
2225 58.268
2226 65.357
2227 57.807
2228 25.879
2229 150.63
2230 296.79
2231 68.49
2232 49.142
2233 90.171
2234 48.332
2235 131.84
2236 147.72
2237 17.236
2238 8.9823
2239 18.494
2240 43.181
2241 70.08
2242 9.3574
2243 87.102
2244 4.2795
2245 251.56
2246 17.862
2247 180.36
2248 20.26
2249 15.725
2250 229.1
2251 10.768
2252 248.83
2253 153.34
2254 67.425
2255 46.809
2256 217.94
2257 38.239
2258 56.589
2259 43.737
2260 28.062
2261 187.79
2262 316.6
2263 3.9655
2264 67.094
2265 117.79
2266 265.85
2267 16.328
2268 22.386
2269 91.136
2270 75.433
2271 15.091
2272 196.36
2273 106.66
2274 48.92
2275 15.414
2276 18.872
2277 312.4
2278 286.61
2279 52.294
2280 75.864
2281 41.752
2282 186.56
2283 119.3
2284 136.43
2285 70.83
2286 43.791
2287 4.9595
2288 60.187
2289 269.73
2290 13.361
2291 44.552
2292 96.475
2293 82.8
2294 19.28
2295 126.11
2296 47.61
2297 101.86
2298 62.474
2299 79.502
2300 258.68
2301 9.8377
2302 0.0069884
2303 301.61
2304 76.235
2305 18.898
2306 16.243
2307 15.951
2308 91.206
2309 82.294
2310 27.943
2311 120.02
2312 0.49272
2313 76.688
2314 53.303
2315 67.917
2316 207.52
2317 34.822
2318 23.24
2319 134.35
2320 4.5792
2321 41.347
2322 227.21
2323 1.528
2324 63.676
2325 107.71
2326 135.56
2327 23.878
2328 9.2655
2329 31.322
2330 116.55
2331 92.24
2332 646.38
2333 145.95
2334 176.69
2335 23.82
2336 21.429
2337 220.23
2338 91.136
2339 3.2415
2340 44.122
2341 61.173
2342 7.3481
2343 40.078
2344 43.095
2345 4.6546
2346 15.407
2347 80.478
2348 48.695
2349 68.534
2350 66.772
2351 188.63
2352 58.307
2353 25.217
2354 26.822
2355 73.609
2356 122.69
2357 57.597
2358 160.84
2359 64.006
2360 19.575
2361 117.87
2362 10.368
2363 2.2139
2364 166.55
2365 209.83
2366 0.8497
2367 41.01
2368 146.46
2369 130.1
2370 87.978
2371 8.2023
2372 150.26
2373 111.19
2374 150.26
2375 4.9371
2376 119.99
2377 117.5
2378 67.199
2379 339.27
2380 24.474
2381 161.1
2382 17.378
2383 83.978
2384 27.984
2385 193.62
2386 97.742
2387 35.073
2388 114.78
2389 30.043
2390 156.66
2391 93.822
2392 54.67
2393 576.13
2394 13.678
2395 108.1
2396 185.33
2397 12.802
2398 69.981
2399 39.411
2400 42.541
2401 97.33
2402 17.787
2403 77.956
2404 149.57
2405 77.316
2406 98.294
2407 108.08
2408 121.99
2409 158.55
2410 27.838
2411 55.152
2412 220.93
2413 21.762
2414 93.22
2415 10.277
2416 77.147
2417 105.36
2418 53.917
2419 51.457
2420 21.36
2421 196.82
2422 186.98
2423 24.02
2424 4.9534
2425 116.24
2426 139.98
2427 45.165
2428 389.28
2429 198.52
2430 18.447
2431 98.319
2432 55.531
2433 94.86
2434 43.95
2435 79.319
2436 110.17
2437 97.389
2438 56.591
2439 156.98
2440 354.64
2441 2.5165
2442 85.865
2443 106.52
2444 315.21
2445 86.482
2446 200.64
2447 19.755
2448 73.886
2449 13.075
2450 276.39
2451 106.88
2452 189.34
2453 216.19
2454 20.525
2455 89.078
2456 97.059
2457 227.14
2458 21.523
2459 147.15
2460 10.754
2461 6.5691
2462 49.129
2463 149.41
2464 9.3049
2465 152.23
2466 20.082
2467 50.763
2468 10.195
2469 131.96
2470 684.59
2471 160.14
2472 66.008
2473 162.86
2474 30.975
2475 12.841
2476 239.17
2477 22.357
2478 13.318
2479 134.03
2480 55.052
2481 13.625
2482 26.066
2483 256.13
2484 76.324
2485 29.014
2486 95.216
2487 225.65
2488 78.502
2489 88.879
2490 123.78
2491 2.9584
2492 0.23894
2493 52.873
2494 292.96
2495 75.953
2496 105.83
2497 0.46965
2498 92.299
2499 211.06
2500 28.433
2501 146.62
2502 28.334
2503 0.36173
2504 51.837
2505 51.151
2506 1.7859
2507 82.396
2508 123.99
2509 104.67
2510 493.21
2511 31.539
2512 10.076
2513 48.567
2514 220.76
2515 61.632
2516 25.131
2517 28.421
2518 80.238
2519 4.0685
2520 219.46
2521 63.52
2522 61.134
2523 53.698
2524 502.31
2525 11.461
2526 24.805
2527 2.0247
2528 45.125
2529 39.213
2530 76.045
2531 41.674
2532 26.642
2533 39.181
2534 0.92982
2535 108.82
2536 254.17
2537 273.7
2538 484.85
2539 93.943
2540 259.74
2541 50.853
2542 178.02
2543 52.295
2544 173.64
2545 70.89
2546 67.496
2547 343.26
2548 36.015
2549 23.106
2550 112.93
2551 3.8959
2552 81.378
2553 109.63
2554 33.953
2555 1.3684
2556 57.534
2557 75.276
2558 44.34
2559 94.013
2560 54.681
2561 48.946
2562 38.646
2563 15.523
2564 185.67
2565 291.37
2566 124.74
2567 61.796
2568 26.158
2569 69.519
2570 102.9
2571 126.03
2572 47.241
2573 12.651
2574 13.458
2575 32.335
2576 25.041
2577 18.408
2578 184.66
2579 62.752
2580 16.06
2581 14.785
2582 4.9145
2583 80.556
2584 59.991
2585 147.42
2586 108.22
2587 33.251
2588 178.52
2589 163.04
2590 118.23
2591 8.3058
2592 15.563
2593 39.022
2594 27.615
2595 196.83
2596 175.3
2597 67.599
2598 357.74
2599 171.35
2600 33.226
2601 183.42
2602 278.11
2603 100.29
2604 57.956
2605 72.885
2606 180.39
2607 69.385
2608 272.14
2609 22.483
2610 248.75
2611 18.327
2612 162.32
2613 19.463
2614 48.079
2615 99.06
2616 2.3382
2617 444.92
2618 47.43
2619 473.48
2620 172.89
2621 7.9134
2622 120.2
2623 5.2721
2624 181.46
2625 7.9328
2626 89.582
2627 36.401
2628 2.4737
2629 7.1851
2630 27.458
2631 469.03
2632 7.085
2633 122.02
2634 190.33
2635 33.461
2636 43.794
2637 17.799
2638 3.4091
2639 96.348
2640 1.4246
2641 103.8
2642 120.75
2643 14.191
2644 197.79
2645 78.136
2646 92.832
2647 114.11
2648 187.02
2649 429.03
2650 145.47
2651 85.905
2652 34.999
2653 13.302
2654 22.254
2655 93.819
2656 63.512
2657 168.59
2658 14.469
2659 49.335
2660 268.54
2661 24.49
2662 31.86
2663 230.17
2664 78.367
2665 42.19
2666 5.7191
2667 46.003
2668 52.571
2669 46.716
2670 114.02
2671 76.528
2672 6.3093
2673 91.158
2674 6.1697
2675 188.01
2676 75.385
2677 45.564
2678 127.84
2679 44.188
2680 54.725
2681 47.718
2682 85.172
2683 18.263
2684 160.67
2685 181.26
2686 81.698
2687 51.698
2688 98.599
2689 144.55
2690 130.94
2691 45.369
2692 66.502
2693 8.1205
2694 68.257
2695 56.449
2696 259.96
2697 31.269
2698 3.1763
2699 410.85
2700 16.339
2701 25.795
2702 227.19
2703 97.162
2704 140.05
2705 78.857
2706 224.66
2707 66.748
2708 191.08
2709 241.74
2710 118.84
2711 108.84
2712 111.73
2713 38.991
2714 150.02
2715 127.98
2716 63.253
2717 103.77
2718 118.88
2719 19.105
2720 0.80625
2721 111.92
2722 38.115
2723 100.52
2724 134.98
2725 1.4698
2726 8.7109
2727 233.57
2728 15.188
2729 5.0984
2730 65.2
2731 69.592
2732 15.38
2733 17.762
2734 36.43
2735 203.8
2736 150.89
2737 2.9278
2738 95.657
2739 79.072
2740 685.2
2741 51.058
2742 80.586
2743 78.457
2744 101.6
2745 241.15
2746 29.963
2747 71.48
2748 9.4519
2749 155.33
2750 26.724
2751 123.41
2752 40.059
2753 54.468
2754 184.03
2755 166.69
2756 96.656
2757 207.37
2758 231.7
2759 145.52
2760 6.6927
2761 115.55
2762 37.784
2763 272.41
2764 2.8038
2765 125.79
2766 44.923
2767 20.596
2768 99.372
2769 35.225
2770 118.38
2771 130.54
2772 174.85
2773 3.5123
2774 178.09
2775 129.7
2776 78.601
2777 17.615
2778 8.8698
2779 119.64
2780 263.6
2781 75.519
2782 17.117
2783 13.841
2784 20.727
2785 103.6
2786 3.9439
2787 144.64
2788 24.31
2789 39.181
2790 9.5125
2791 73.944
2792 110.61
2793 58.267
2794 18.754
2795 22.065
2796 85.403
2797 1.4699
2798 30.401
2799 360.08
2800 79.184
2801 148.69
2802 303.2
2803 78.217
2804 67.394
2805 16.541
2806 4.511
2807 149.12
2808 54.614
2809 223.89
2810 12.039
2811 36.48
2812 49.025
2813 163.74
2814 50.119
2815 93.202
2816 69.298
2817 115.22
2818 56.56
2819 191.72
2820 146.43
2821 43.756
2822 307.7
2823 54.993
2824 61.886
2825 4.8381
2826 114.55
2827 114.84
2828 71.133
2829 42.498
2830 39.103
2831 27.168
2832 62.767
2833 45.02
2834 29.634
2835 12.405
2836 176.42
2837 142.5
2838 21.905
2839 2.3052
2840 162.87
2841 67.75
2842 7.5395
2843 70.885
2844 191.61
2845 57.682
2846 261.4
2847 90.612
2848 40.302
2849 133.97
2850 160.96
2851 239.78
2852 28.53
2853 177.16
2854 155.79
2855 174.95
2856 176.17
2857 200.27
2858 29.538
2859 93.765
2860 23.338
2861 147.86
2862 85.558
2863 318.43
2864 74.59
2865 80.442
2866 33.389
2867 254.06
2868 201.36
2869 93.801
2870 313.89
2871 140.02
2872 59.646
2873 46.559
2874 204.49
2875 62.574
2876 183.7
2877 170.04
2878 102.6
2879 85.22
2880 42.117
2881 41.007
2882 283.52
2883 120
2884 249.03
2885 122.36
2886 21.162
2887 188.63
2888 235.37
2889 130.01
2890 260.69
2891 42.001
2892 49.866
2893 7.4372
2894 26.918
2895 78.085
2896 21.892
2897 173.38
2898 141.65
2899 55.431
2900 349.35
2901 148.42
2902 95.521
2903 29.631
2904 26.653
2905 10.177
2906 58.685
2907 70.41
2908 12.34
2909 183.32
2910 33.426
2911 116.18
2912 51.215
2913 419.36
2914 6.5304
2915 10.524
2916 190.26
2917 149.9
2918 13.121
2919 120.52
2920 45.808
2921 171.15
2922 36.387
2923 44.601
2924 240.96
2925 28.012
2926 3.8836
2927 38.096
2928 71.022
2929 14.905
2930 58.411
2931 73.913
2932 305
2933 102.56
2934 82.179
2935 24.52
2936 105.54
2937 10.549
2938 2.8841
2939 14.417
2940 111.08
2941 23.283
2942 14.941
2943 145.02
2944 41.144
2945 159.7
2946 44.504
2947 161.99
2948 146.05
2949 49.513
2950 167.79
2951 140.12
2952 148.52
2953 105.54
2954 371.22
2955 15.124
2956 23.415
2957 185.19
2958 75.755
2959 17.12
2960 1.5889
2961 404.39
2962 231.18
2963 17.112
2964 27.757
2965 135.06
2966 50.622
2967 177.26
2968 34.984
2969 32.173
2970 128.59
2971 37.331
2972 306.26
2973 3.4125
2974 110.03
2975 135.72
2976 46.42
2977 28.515
2978 108.98
2979 17.054
2980 131.26
2981 0.2748
2982 98.368
2983 149.98
2984 271.04
2985 10.499
2986 213.23
2987 436.18
2988 7.9258
2989 14.706
2990 142
2991 44.592
2992 137.01
2993 45.378
2994 59.705
2995 556.44
2996 7.661
2997 162.18
2998 382.5
2999 155.99
3000 5.7102
3001 6.3779
3002 46.069
3003 21.399
3004 92.89
3005 90.562
3006 149.34
3007 5.6583
3008 8.2183
3009 28.668
3010 104.94
3011 116.31
3012 159.55
3013 62.408
3014 531.32
3015 316.05
3016 78.873
3017 25.225
3018 16.007
3019 20.079
3020 28.753
3021 25.096
3022 38.71
3023 59.907
3024 39.111
3025 29.067
3026 178.24
3027 9.7028
3028 213.26
3029 62.64
3030 135.38
3031 52.225
3032 28.015
3033 492.27
3034 309.38
3035 12.379
3036 167.79
3037 64.009
3038 0.11926
3039 22.695
3040 11.089
3041 137.63
3042 165.71
3043 32.58
3044 18.254
3045 174.77
3046 31.737
3047 120.98
3048 31.912
3049 118.18
3050 428.68
3051 206.28
3052 25.878
3053 23.967
3054 27.996
3055 159.3
3056 227.23
3057 65.119
3058 17.026
3059 67.98
3060 14.37
3061 131.68
3062 130.86
3063 102.07
3064 59.887
3065 237.69
3066 30.845
3067 30.705
3068 18.669
3069 29.413
3070 16.134
3071 5.5953
3072 167.48
3073 7.7821
3074 10.451
3075 12.381
3076 60.678
3077 13.555
3078 56.898
3079 188.83
3080 138.03
3081 41.117
3082 143.32
3083 54.982
3084 1.7773
3085 165.52
3086 43.827
3087 28.53
3088 41.092
3089 170
3090 231.11
3091 122.53
3092 46.609
3093 76.276
3094 178.02
3095 145.15
3096 22.846
3097 163.59
3098 300.64
3099 95.165
3100 132.51
3101 12.189
3102 109.59
3103 33.684
3104 15.37
3105 489.46
3106 28.819
3107 124.36
3108 32.9
3109 0.92913
3110 65.485
3111 14.712
3112 109.07
3113 37.597
3114 482.35
3115 15.862
3116 66.936
3117 7.9693
3118 45.835
3119 147.22
3120 7.2385
3121 108.15
3122 219.63
3123 298.81
3124 67.86
3125 57.727
3126 361.51
3127 43.695
3128 495.98
3129 242.92
3130 24.124
3131 172.65
3132 135.33
3133 27.57
3134 233.39
3135 9.0812
3136 125.33
3137 120.81
3138 41.595
3139 1.5141
3140 122.05
3141 11.948
3142 224.66
3143 183.62
3144 243.76
3145 4.7993
3146 57.582
3147 124.76
3148 60.571
3149 47.114
3150 141.92
3151 8.0327
3152 411.83
3153 51.187
3154 114.12
3155 531.68
3156 222.92
3157 202.47
3158 183.48
3159 76.123
3160 247.43
3161 133.3
3162 149.08
3163 85.452
3164 260.79
3165 163.17
3166 40.175
3167 63.008
3168 31.012
3169 82.637
3170 15.953
3171 238.24
3172 1.4583
3173 11.76
3174 34.132
3175 135.27
3176 27.241
3177 159.8
3178 183.27
3179 19.801
3180 33.197
3181 7.8229
3182 48.542
3183 71.355
3184 3.4877
3185 115.48
3186 169.17
3187 59.794
3188 169.98
3189 0.97594
3190 350.85
3191 79.35
3192 45.669
3193 124.69
3194 54.271
3195 44.532
3196 178.88
3197 382.69
3198 189.37
3199 464.85
3200 52.802
3201 99.975
3202 11.279
3203 137.87
3204 174.42
3205 2.8199
3206 209.26
3207 68.205
3208 124.77
3209 155.96
3210 205.81
3211 113.62
3212 55.733
3213 33.332
3214 209.33
3215 37.827
3216 18.086
3217 12.971
3218 35.16
3219 71.862
3220 73.095
3221 210.46
3222 15.417
3223 78.065
3224 109.91
3225 351.49
3226 16.402
3227 411.51
3228 86.905
3229 213.43
3230 7.5031
3231 136.1
3232 219.66
3233 62.63
3234 114.83
3235 66.538
3236 26.121
3237 139.37
3238 180.88
3239 126.49
3240 63.539
3241 40.353
3242 117.23
3243 50.547
3244 217.43
3245 160.03
3246 106.62
3247 134.42
3248 9.2247
3249 356.69
3250 8.2167
3251 59.64
3252 52.294
3253 55.924
3254 203.32
3255 109.82
3256 58.857
3257 338.04
3258 105.21
3259 274
3260 18.242
3261 363.67
3262 189.21
3263 86.906
3264 107.94
3265 193.2
3266 73.906
3267 9.6208
3268 111.2
3269 97.071
3270 135.1
3271 169.12
3272 89.004
3273 92.944
3274 252.81
3275 27.065
3276 51.868
3277 74.97
3278 109.03
3279 253.06
3280 165.95
3281 324
3282 78.8
3283 100.77
3284 91.152
3285 271.03
3286 14.447
3287 85.802
3288 53.75
3289 11.887
3290 121.8
3291 2.2377
3292 90.535
3293 1.1073
3294 145.01
3295 69.875
3296 6.4112
3297 118.85
3298 1.1746
3299 39.524
3300 261.21
3301 115.36
3302 106.43
3303 34.007
3304 83.438
3305 129.35
3306 29.836
3307 121.03
3308 65.119
3309 30.513
3310 69.831
3311 65.088
3312 50.165
3313 41.653
3314 454.33
3315 127.96
3316 234.72
3317 22.302
3318 90.605
3319 13.801
3320 60.098
3321 1.0495
3322 19.469
3323 65.006
3324 249.61
3325 8.3819
3326 32.692
3327 8.9747
3328 132.58
3329 54.645
3330 398.57
3331 246.13
3332 99.046
3333 42.758
3334 40.069
3335 0.54073
3336 89.735
3337 96.37
3338 64.771
3339 206.85
3340 208.7
3341 20.851
3342 45.394
3343 45.514
3344 395.88
3345 156.81
3346 72.365
3347 226.15
3348 128.16
3349 30.196
3350 0.14229
3351 45.527
3352 5.3711
3353 92.124
3354 49.836
3355 139.24
3356 67.242
3357 88.46
3358 74.562
3359 229.15
3360 86.568
3361 117.54
3362 173.9
3363 60.52
3364 4.5482
3365 214.98
3366 207.16
3367 42.33
3368 129.08
3369 118.18
3370 13.776
3371 61.184
3372 139.34
3373 136.09
3374 152.66
3375 99.364
3376 34.005
3377 30.077
3378 190.38
3379 3.0985
3380 57.371
3381 58.011
3382 18.325
3383 316.68
3384 86.464
3385 32.429
3386 7.0287
3387 32.098
3388 140.42
3389 29.526
3390 57.904
3391 2.7748
3392 1.7039
3393 94.649
3394 35.285
3395 76.3
3396 233.03
3397 10.773
3398 319.51
3399 40.986
3400 28.197
3401 44.478
3402 3.1325
3403 28.086
3404 34.004
3405 17.912
3406 72.662
3407 17.192
3408 125.27
3409 16.726
3410 132.29
3411 26.785
3412 52.635
3413 37.804
3414 9.6516
3415 56.682
3416 16.208
3417 257.17
3418 162.44
3419 37.248
3420 229.31
3421 17.99
3422 233.53
3423 22.719
3424 114.31
3425 60.885
3426 46.791
3427 212.8
3428 22.119
3429 99.335
3430 125.92
3431 65.947
3432 12.974
3433 21.008
3434 33.465
3435 16.741
3436 162.48
3437 110.55
3438 20.702
3439 48.098
3440 65.171
3441 129.2
3442 267.96
3443 27.633
3444 9.9992
3445 69.769
3446 28.19
3447 67.421
3448 101.84
3449 82.472
3450 30.039
3451 25.819
3452 65.984
3453 76.636
3454 59.994
3455 31.558
3456 81.63
3457 71.269
3458 52.134
3459 37.953
3460 129.04
3461 218.52
3462 206.24
3463 24.097
3464 10.472
3465 47.242
3466 11.871
3467 64.226
3468 52.935
3469 5.1818
3470 172.1
3471 147.01
3472 134.56
3473 155.84
3474 29.618
3475 99.803
3476 180.6
3477 46.857
3478 57.533
3479 132
3480 10.297
3481 37.848
3482 134.14
3483 149.14
3484 276.68
3485 274.52
3486 60.883
3487 415.65
3488 438.48
3489 354
3490 48.422
3491 249.28
3492 246.25
3493 15.624
3494 462.48
3495 109.85
3496 41.383
3497 81.56
3498 81.299
3499 79.683
3500 380.23
3501 130.91
3502 151.73
3503 10.525
3504 170.41
3505 123.39
3506 86.622
3507 113.07
3508 137.31
3509 144.97
3510 188.54
3511 68.288
3512 196.89
3513 29.02
3514 32.38
3515 145.14
3516 123.5
3517 9.6333
3518 20.507
3519 40.471
3520 124.99
3521 67.31
3522 77.764
3523 42.798
3524 18.691
3525 112.42
3526 21.401
3527 117.83
3528 304.19
3529 140.07
3530 131.62
3531 36.008
3532 42.762
3533 10.726
3534 63.79
3535 0.34624
3536 63.167
3537 112.59
3538 9.1852
3539 33.051
3540 24.635
3541 188.11
3542 15.863
3543 154.37
3544 115.25
3545 12.489
3546 37.007
3547 232.01
3548 106.52
3549 42.98
3550 62.054
3551 3.3823
3552 51.844
3553 25.49
3554 127.37
3555 79.8
3556 41.345
3557 42.035
3558 0.51996
3559 177.56
3560 74.427
3561 5.6422
3562 70.195
3563 58.881
3564 5.6838
3565 388.37
3566 67.101
3567 398.38
3568 17.608
3569 81.224
3570 160.15
3571 21.993
3572 46.914
3573 54.258
3574 8.3494
3575 12.368
3576 7.5819
3577 117.69
3578 106.54
3579 93.419
3580 79.248
3581 218.99
3582 0.17277
3583 155.89
3584 161.19
3585 195.19
3586 45.031
3587 17.688
3588 44.087
3589 261.87
3590 102.55
3591 44.891
3592 146.25
3593 246.13
3594 89.459
3595 122.4
3596 100.84
3597 173.45
3598 126.75
3599 46.862
3600 71.996
3601 10.715
3602 58.643
3603 103.29
3604 5.8289
3605 25.184
3606 129.77
3607 96.574
3608 120.13
3609 114.91
3610 4.4617
3611 22.729
3612 275.13
3613 36.236
3614 14.166
3615 73.733
3616 104.8
3617 181.44
3618 15.424
3619 29.967
3620 184.81
3621 39.011
3622 53.45
3623 252.2
3624 103.19
3625 60.505
3626 28.333
3627 30.231
3628 139.81
3629 7.4092
3630 135.33
3631 42.121
3632 15.086
3633 8.6974
3634 71.7
3635 197.64
3636 26.192
3637 83.979
3638 43.037
3639 36.48
3640 32.128
3641 61.733
3642 190.26
3643 97.738
3644 226.51
3645 77.613
3646 60.379
3647 133.25
3648 83.421
3649 8.3361
3650 25.589
3651 105.35
3652 76.17
3653 19.147
3654 87.083
3655 22.597
3656 15.454
3657 12.565
3658 10.284
3659 91.847
3660 75.357
3661 2.0328
3662 99.002
3663 10.873
3664 89.232
3665 62.44
3666 158.46
3667 121.29
3668 50.689
3669 44.026
3670 97.845
3671 64.418
3672 134.72
3673 91.216
3674 11.907
3675 151.64
3676 77.64
3677 103.83
3678 24.892
3679 12.534
3680 11.627
3681 197.19
3682 77.409
3683 64.033
3684 48.484
3685 65.873
3686 62.516
3687 310.78
3688 12.616
3689 52.941
3690 84.384
3691 166.21
3692 62.305
3693 38.352
3694 5.8743
3695 74.048
3696 89.699
3697 442.54
3698 86.685
3699 7.076
3700 180.92
3701 103.63
3702 45.619
3703 43.385
3704 149.23
3705 14.435
3706 21.175
3707 177.87
3708 25.746
3709 24.471
3710 2.8805
3711 62.646
3712 41.286
3713 64.312
3714 57.349
3715 173.71
3716 1.1764
3717 170.69
3718 45.221
3719 52.185
3720 366.57
3721 71.254
3722 48.746
3723 420.85
3724 117.18
3725 102.06
3726 332.07
3727 115.43
3728 17.961
3729 87.876
3730 295.31
3731 110.8
3732 64.814
3733 3.184
3734 269.95
3735 9.0705
3736 323.85
3737 9.2033
3738 9.2937
3739 115.81
3740 52.297
3741 53.495
3742 101.23
3743 22.592
3744 59.947
3745 61.037
3746 0.45911
3747 59.962
3748 29.03
3749 39.622
3750 36.87
3751 144.49
3752 120.76
3753 90.645
3754 31.764
3755 93.549
3756 759.27
3757 73.888
3758 174.46
3759 71.96
3760 89.344
3761 122.13
3762 134.9
3763 143.59
3764 1.0541
3765 129.07
3766 167.84
3767 226.23
3768 150.86
3769 3.752
3770 16.074
3771 230.39
3772 25.746
3773 61.382
3774 28.482
3775 56.032
3776 283.27
3777 101.64
3778 15.466
3779 354.76
3780 54.519
3781 85.072
3782 156.31
3783 171.4
3784 3.8553
3785 151.66
3786 137.56
3787 16.259
3788 4.4261
3789 135.72
3790 17.267
3791 26.864
3792 17.431
3793 97.405
3794 56.753
3795 13.92
3796 164.29
3797 105.74
3798 190.98
3799 21.869
3800 285.38
3801 167.02
3802 850.38
3803 120.2
3804 3.3955
3805 51.926
3806 56.69
3807 60.228
3808 192.25
3809 64.157
3810 194.5
3811 10.276
3812 22.376
3813 48.009
3814 144.42
3815 6.9336
3816 72.356
3817 264.3
3818 70.956
3819 28.45
3820 8.8885
3821 159.72
3822 56.398
3823 101.24
3824 74.145
3825 82.309
3826 25.871
3827 0.98918
3828 90.172
3829 16.341
3830 101.98
3831 8.6714
3832 87.204
3833 107.59
3834 74.877
3835 4.8919
3836 289.83
3837 35.362
3838 25.932
3839 33.688
3840 17.7
3841 116.83
3842 24.394
3843 112.16
3844 6.9019
3845 92.435
3846 47.98
3847 36.912
3848 38.6
3849 431.45
3850 125.6
3851 87.188
3852 121.09
3853 154.59
3854 8.3891
3855 74.423
3856 139.08
3857 22.64
3858 1.2451
3859 10.265
3860 82.103
3861 22.679
3862 212.81
3863 2.2473
3864 616.69
3865 5.8418
3866 61.572
3867 6.8037
3868 156
3869 14.317
3870 55.467
3871 85.622
3872 127.9
3873 31.193
3874 14.594
3875 107.23
3876 141.78
3877 85.057
3878 175.05
3879 59.927
3880 194.51
3881 9.0841
3882 11.498
3883 113.17
3884 13.006
3885 41.025
3886 39.184
3887 80.29
3888 209.46
3889 151.92
3890 14.862
3891 88.694
3892 104.17
3893 31.851
3894 71.45
3895 154.71
3896 79.821
3897 110.94
3898 25.716
3899 51.04
3900 47.862
3901 128.07
3902 39.689
3903 176.57
3904 35.823
3905 47.432
3906 67.968
3907 18.949
3908 39.132
3909 38.33
3910 107.62
3911 92.021
3912 42.297
3913 210.39
3914 102.84
3915 74.567
3916 168.67
3917 35.915
3918 81.98
3919 83.598
3920 84.337
3921 11.215
3922 192.19
3923 26.8
3924 170.04
3925 117.83
3926 29.414
3927 10.931
3928 272.46
3929 268.11
3930 95.415
3931 133.32
3932 95.491
3933 361.98
3934 79.384
3935 39.589
3936 234.81
3937 139.2
3938 155.46
3939 37.755
3940 185.99
3941 42.553
3942 40.879
3943 2.3116
3944 45.855
3945 197.16
3946 12.413
3947 111.16
3948 35.989
3949 42.551
3950 50.121
3951 161.6
3952 446.49
3953 97.09
3954 275.65
3955 52.68
3956 11.571
3957 244.8
3958 123.58
3959 81.409
3960 100.14
3961 41.845
3962 82.403
3963 113.77
3964 81.653
3965 179.36
3966 11.838
3967 122.3
3968 82.968
3969 69.305
3970 84.839
3971 354.24
3972 210.57
3973 80.79
3974 47.209
3975 104.89
3976 74.722
3977 30.011
3978 81.979
3979 241.11
3980 159.55
3981 73.19
3982 127.75
3983 68.151
3984 287.87
3985 20.841
3986 62.492
3987 96.966
3988 182.81
3989 71.151
3990 333.43
3991 287.92
3992 50.64
3993 132
3994 45.89
3995 228.67
3996 21.726
3997 55.65
3998 265.39
3999 104.82
4000 8.9239
4001 9.7396
4002 72.783
4003 129.44
4004 80.229
4005 33.973
4006 281.17
4007 110.22
4008 84.426
4009 150.87
4010 1.123
4011 106.1
4012 110.53
4013 218.22
4014 244.59
4015 48.367
4016 51.206
4017 117.81
4018 27.13
4019 3.023
4020 97.459
4021 290.62
4022 47.598
4023 6.748
4024 6.3223
4025 135.83
4026 119.81
4027 25.443
4028 107.08
4029 211.37
4030 61.109
4031 23.984
4032 209.81
4033 31.478
4034 496.95
4035 89.824
4036 276.22
4037 71.858
4038 57.052
4039 69.175
4040 6.1242
4041 108.29
4042 359.79
4043 30.758
4044 125.28
4045 37.338
4046 184.23
4047 4.5015
4048 16.742
4049 188.9
4050 1.1249
4051 3.9597
4052 88.102
4053 88.538
4054 239.39
4055 273.43
4056 14.272
4057 183.62
4058 285.34
4059 215.56
4060 23.516
4061 20.565
4062 194.44
4063 31.257
4064 27.44
4065 18.704
4066 259.11
4067 258.9
4068 57.966
4069 103.08
4070 121.86
4071 106.14
4072 49.213
4073 43.398
4074 4.9083
4075 120.05
4076 498.89
4077 111.09
4078 39.033
4079 70.998
4080 133.2
4081 221.38
4082 0.66705
4083 78.073
4084 54.531
4085 83.871
4086 97.458
4087 283.21
4088 6.3581
4089 78.877
4090 70.052
4091 243.38
4092 81.118
4093 169.01
4094 14.872
4095 42.184
4096 33.388
4097 30.431
4098 335.22
4099 237.74
4100 91.984
4101 369.69
4102 74.551
4103 300.5
4104 58.043
4105 79.033
4106 144.62
4107 35.246
4108 97.935
4109 63.761
4110 171.17
4111 332.27
4112 286.77
4113 155.4
4114 232.59
4115 160.58
4116 149.53
4117 158.02
4118 129.99
4119 129.64
4120 59.592
4121 0.7154
4122 42.615
4123 28.426
4124 123.56
4125 55.937
4126 53.52
4127 739.73
4128 809.51
4129 17.033
4130 36.531
4131 148.15
4132 42.341
4133 55.37
4134 37.451
4135 28.236
4136 75.952
4137 223.43
4138 0.56814
4139 22.958
4140 46.199
4141 165.39
4142 26.967
4143 16.26
4144 67.701
4145 59.55
4146 314.73
4147 49.602
4148 154.51
4149 25.898
4150 265
4151 105.18
4152 101.2
4153 9.2647
4154 192.86
4155 401.68
4156 141.87
4157 43.915
4158 9.8367
4159 187.47
4160 110.62
4161 13.751
4162 56.061
4163 12.193
4164 83.523
4165 71.752
4166 44
4167 200.66
4168 29.993
4169 243.51
4170 15.557
4171 440.36
4172 106.4
4173 53.198
4174 179.38
4175 75.179
4176 0.95003
4177 56.136
4178 220.63
4179 302.18
4180 16.553
4181 84.894
4182 3.8089
4183 37.072
4184 210.24
4185 149.34
4186 102.53
4187 101.74
4188 0.24186
4189 71.96
4190 11.371
4191 288.49
4192 49.533
4193 3.3355
4194 6.7672
4195 69.434
4196 31.545
4197 52.283
4198 77.239
4199 253.6
4200 125.02
4201 36.252
4202 66.33
4203 62.223
4204 82.585
4205 73.411
4206 198.19
4207 57.402
4208 260.06
4209 293.75
4210 237.37
4211 224.89
4212 178.31
4213 52.885
4214 77.092
4215 63.095
4216 30.239
4217 197.66
4218 98.641
4219 148.25
4220 77.303
4221 128.73
4222 12.345
4223 356.37
4224 90.059
4225 22.794
4226 27.236
4227 4.2615
4228 15.805
4229 78.9
4230 1.8053
4231 16.169
4232 59.652
4233 33.038
4234 99.888
4235 66.906
4236 804.55
4237 82.606
4238 47.838
4239 24.031
4240 22.601
4241 9.7763
4242 21.71
4243 22.032
4244 13.915
4245 315.21
4246 59.469
4247 441.31
4248 14.303
4249 376.24
4250 21.531
4251 38.589
4252 55.129
4253 9.0976
4254 45.49
4255 0.14045
4256 121.45
4257 133.02
4258 364.9
4259 103.43
4260 98.471
4261 126.69
4262 80.484
4263 86.397
4264 76.942
4265 96.853
4266 54.232
4267 273.05
4268 81.069
4269 14.589
4270 19.34
4271 40.895
4272 220.06
4273 84.475
4274 284.37
4275 81.89
4276 192.88
4277 185.81
4278 145.55
4279 55.676
4280 185.3
4281 139.52
4282 2.2479
4283 30.783
4284 8.5
4285 48.827
4286 19.383
4287 27.673
4288 38.423
4289 53.747
4290 11.837
4291 43.547
4292 94.87
4293 10.358
4294 152
4295 2.8056
4296 633.4
4297 214.67
4298 70.089
4299 60.072
4300 35.008
4301 5.8382
4302 93.539
4303 398.09
4304 23.465
4305 24.529
4306 53.285
4307 192.68
4308 86.907
4309 92.659
4310 116.29
4311 164.89
4312 90.405
4313 0.011747
4314 78.053
4315 147.55
4316 2.915
4317 124.38
4318 26.371
4319 37.428
4320 76.493
4321 53.851
4322 195.03
4323 79.406
4324 143.1
4325 25.154
4326 34.025
4327 306.09
4328 59.317
4329 40.964
4330 152.76
4331 98.686
4332 155.9
4333 65.921
4334 197.89
4335 24.52
4336 82.509
4337 75.055
4338 69.552
4339 129.93
4340 170.1
4341 42.389
4342 15.353
4343 155.26
4344 16.063
4345 69.649
4346 100.43
4347 269.07
4348 8.8242
4349 193.34
4350 102.69
4351 164.72
4352 2.666
4353 93.664
4354 85.899
4355 147.4
4356 46.662
4357 117.74
4358 66.694
4359 245.85
4360 25.474
4361 72.659
4362 66.33
4363 7.9192
4364 117.39
4365 31.84
4366 5.5992
4367 180.92
4368 208.69
4369 180.51
4370 93.206
4371 88.262
4372 33.99
4373 73.332
4374 6.5977
4375 24.234
4376 79.907
4377 148.08
4378 175.04
4379 20.834
4380 8.9098
4381 98.87
4382 18.958
4383 101.83
4384 155.95
4385 11.932
4386 176.55
4387 259.48
4388 11.545
4389 7.508
4390 61.747
4391 61.127
4392 13.504
4393 56.468
4394 120.45
4395 25.946
4396 161.23
4397 191.6
4398 176.03
4399 264.95
4400 2.5352
4401 166.57
4402 203.9
4403 158.9
4404 30.594
4405 38.005
4406 38.544
4407 107.09
4408 8.6137
4409 6.4377
4410 210.66
4411 210.55
4412 35.55
4413 30.909
4414 11.997
4415 23.93
4416 65.9
4417 9.3945
4418 8.4527
4419 26.164
4420 63.084
4421 173.11
4422 13.967
4423 14.417
4424 97.2
4425 403.46
4426 85.93
4427 8.487
4428 134.2
4429 196.08
4430 49.562
4431 117.65
4432 60.053
4433 333.8
4434 137.35
4435 558.44
4436 234.81
4437 99.606
4438 7.279
4439 117.17
4440 28.94
4441 39.161
4442 15.129
4443 15.331
4444 42.921
4445 7.1707
4446 67.455
4447 184.29
4448 66.678
4449 16.395
4450 28.675
4451 22.511
4452 73.141
4453 191.33
4454 125.75
4455 1.3042
4456 50.476
4457 8.4725
4458 89.163
4459 86.673
4460 82.302
4461 45.025
4462 142.63
4463 37.453
4464 124.7
4465 44.074
4466 24.666
4467 198.78
4468 44.617
4469 48.964
4470 88.636
4471 126.59
4472 8.1712
4473 280.72
4474 42.724
4475 156.04
4476 308.39
4477 73.508
4478 8.2997
4479 50.991
4480 18.213
4481 89.666
4482 129.47
4483 88.75
4484 254.38
4485 66.026
4486 10.4
4487 108.93
4488 14.882
4489 45.254
4490 140.17
4491 545.03
4492 39.106
4493 260
4494 112.25
4495 57.809
4496 95.377
4497 342.42
4498 109.73
4499 32.334
4500 96.457
4501 105.97
4502 16.792
4503 69.919
4504 22.226
4505 81.554
4506 1.787
4507 241.36
4508 121.41
4509 239.39
4510 256.32
4511 39.63
4512 146.32
4513 9.5455
4514 186.36
4515 118.47
4516 78.701
4517 110.89
4518 9.2943
4519 599.39
4520 209.82
4521 21.426
4522 3.8456
4523 83.749
4524 61.044
4525 266.77
4526 19.305
4527 4.1534
4528 206.84
4529 273.58
4530 78.918
4531 26.017
4532 126.35
4533 36.137
4534 15.825
4535 33.746
4536 53.873
4537 187.61
4538 58.193
4539 3.235
4540 32.873
4541 6.0548
4542 19.61
4543 36.964
4544 59.822
4545 136.65
4546 171.37
4547 31.155
4548 93.439
4549 343.17
4550 4.768
4551 259.31
4552 38.707
4553 253.17
4554 79.371
4555 60.041
4556 80.87
4557 70.566
4558 155.79
4559 126.23
4560 147.43
4561 183.37
4562 423.15
4563 151.1
4564 46.945
4565 638.44
4566 31.702
4567 76.912
4568 21.535
4569 105.14
4570 276.28
4571 27.884
4572 260.7
4573 24.077
4574 26.412
4575 147.88
4576 75.02
4577 397.02
4578 59.351
4579 26.024
4580 87.547
4581 388.07
4582 51.702
4583 79.836
4584 12.381
4585 130.97
4586 13.494
4587 99.288
4588 2.4517
4589 183.57
4590 26.713
4591 85.537
4592 128.39
4593 8.3794
4594 177.4
4595 67.328
4596 18.735
4597 29.822
4598 35.242
4599 170.16
4600 47.911
4601 138.28
4602 173.77
4603 7.5465
4604 18.193
4605 132.01
4606 81.383
4607 24.636
4608 57.766
4609 12.333
4610 97.318
4611 57.274
4612 46.825
4613 8.5293
4614 21.467
4615 36.681
4616 58.201
4617 19.04
4618 58.295
4619 193.42
4620 5.3915
4621 104.07
4622 21.073
4623 44.042
4624 30.077
4625 77.934
4626 83.208
4627 90.821
4628 93.492
4629 64.899
4630 215.38
4631 192.57
4632 36.376
4633 9.2716
4634 18.488
4635 105.39
4636 116.33
4637 49.178
4638 88.122
4639 136.72
4640 279.53
4641 58.191
4642 0.63211
4643 459.65
4644 287.8
4645 176.24
4646 30.979
4647 36.728
4648 54.842
4649 64.838
4650 50.008
4651 14.996
4652 105.18
4653 20.853
4654 42.866
4655 277.64
4656 39.718
4657 75.433
4658 11.43
4659 98.728
4660 42.027
4661 34.619
4662 132.55
4663 19.936
4664 31.666
4665 237.53
4666 133.16
4667 2.2628
4668 4.2555
4669 49.33
4670 136.47
4671 474.37
4672 34.483
4673 136.71
4674 53.688
4675 169.7
4676 8.3785
4677 276.21
4678 130.07
4679 22.617
4680 150.45
4681 22.319
4682 98.746
4683 3.8111
4684 286.07
4685 132.59
4686 109.89
4687 24.46
4688 12.741
4689 173.24
4690 325.23
4691 2.6147
4692 42.716
4693 74.185
4694 51.45
4695 161.17
4696 80.65
4697 0.28685
4698 12.368
4699 22.91
4700 98.855
4701 42.832
4702 7.4773
4703 53.141
4704 27.105
4705 134.27
4706 30.053
4707 7.7528
4708 37.739
4709 30.806
4710 26.349
4711 51.255
4712 90.425
4713 45.382
4714 64.025
4715 13.927
4716 45.14
4717 289.14
4718 122.91
4719 100.28
4720 186.78
4721 128.72
4722 64.675
4723 148.95
4724 57.597
4725 190.54
4726 184.99
4727 78.172
4728 212.47
4729 2.9547
4730 146.93
4731 100.57
4732 17.638
4733 28.482
4734 172.69
4735 292.48
4736 389.92
4737 76.497
4738 89.452
4739 4.708
4740 283.65
4741 19.122
4742 5.0419
4743 119.06
4744 62.31
4745 114.09
4746 2.0915
4747 16.461
4748 49.751
4749 238.35
4750 160.86
4751 48.316
4752 75.956
4753 865.94
4754 209.85
4755 70.904
4756 382.63
4757 93.111
4758 94.093
4759 199.7
4760 147.51
4761 281.17
4762 66.334
4763 62.592
4764 108.49
4765 26.152
4766 15.914
4767 273.33
4768 126.94
4769 44.235
4770 23.432
4771 18.892
4772 59.315
4773 316.3
4774 105
4775 78.223
4776 130.7
4777 42.661
4778 6.0204
4779 180.79
4780 294.76
4781 39.162
4782 270.69
4783 70.666
4784 199.48
4785 195.66
4786 36.721
4787 18.454
4788 72.98
4789 27.036
4790 58.82
4791 5.0629
4792 19.179
4793 21.896
4794 74.174
4795 131.67
4796 269.8
4797 62.025
4798 692.94
4799 53.647
4800 33.234
4801 2.2024
4802 46.929
4803 49.826
4804 46.155
4805 53.051
4806 29.559
4807 18.358
4808 182.29
4809 40.558
4810 89.447
4811 27.406
4812 23.099
4813 0.79933
4814 28.777
4815 89.789
4816 14.455
4817 139.67
4818 145.94
4819 168.82
4820 18.976
4821 380.92
4822 11.839
4823 89.44
4824 144.29
4825 56.054
4826 131.99
4827 22.629
4828 39.933
4829 14.663
4830 240.31
4831 311.49
4832 66.958
4833 37.022
4834 86.679
4835 225.79
4836 14.436
4837 5.095
4838 32.628
4839 121.87
4840 50.311
4841 62.687
4842 50.488
4843 13.476
4844 0.5516
4845 385.4
4846 179.75
4847 48.585
4848 37.986
4849 108.96
4850 1.8861
4851 17.935
4852 59.426
4853 173.82
4854 35.534
4855 83.583
4856 333.28
4857 46.742
4858 32.849
4859 328.68
4860 25.636
4861 10.133
4862 30.151
4863 38.598
4864 126.09
4865 72.491
4866 51.766
4867 17.425
4868 43.293
4869 182.46
4870 215.23
4871 6.5198
4872 61.327
4873 5.3011
4874 332.4
4875 28.828
4876 12.912
4877 347.45
4878 3.0355
4879 114.71
4880 68.752
4881 20.858
4882 2.5812
4883 3.1928
4884 25.201
4885 196.21
4886 22.353
4887 68.865
4888 155.56
4889 110.5
4890 312.8
4891 22.645
4892 57.788
4893 47.657
4894 48.054
4895 207.63
4896 17.584
4897 45.97
4898 120.79
4899 6.8337
4900 27.741
4901 203.51
4902 75.154
4903 110.03
4904 3.0262
4905 184.08
4906 283.89
4907 98.96
4908 20.502
4909 26.531
4910 70.379
4911 63.539
4912 7.7125
4913 73.849
4914 227.36
4915 25.242
4916 382.08
4917 164.34
4918 2.1786
4919 52.902
4920 52.454
4921 10.854
4922 8.8537
4923 1.8547
4924 21.356
4925 67.51
4926 208.63
4927 9.4547
4928 110.8
4929 24.29
4930 38.64
4931 71.11
4932 5.3044
4933 44.529
4934 6.7994
4935 24.791
4936 69.049
4937 199.4
4938 43.697
4939 39.974
4940 98.206
4941 73.026
4942 31.542
4943 70.22
4944 28.689
4945 12.434
4946 43.553
4947 486.84
4948 4.112
4949 55.967
4950 200.46
4951 8.524
4952 22.699
4953 129.64
4954 67.501
4955 114.56
4956 43.796
4957 49.725
4958 34.383
4959 38.523
4960 163.48
4961 16.689
4962 20.636
4963 43.95
4964 175.35
4965 242.51
4966 52.098
4967 138.01
4968 178.93
4969 28.319
4970 78.833
4971 455.53
4972 119.11
4973 110.29
4974 110.74
4975 52.578
4976 50.969
4977 65.103
4978 1.0119
4979 89.558
4980 125.18
4981 3.9031
4982 48.061
4983 179.9
4984 74.523
4985 64.34
4986 47.711
4987 60.463
4988 199.68
4989 46.516
4990 1.4859
4991 1.2681
4992 123.31
4993 19.96
4994 37.104
4995 94.142
4996 111.4
4997 128.22
4998 31.922
4999 131.5
5000 195.76
