0 0 0 0 0 0
5 0 0 0 0 0
10 0 0 0 0 0
15 0 0 0 0 0
20 0 0 0 0 0
25 0 0 0 0 0
30 0 0 0 0 0
35 0 0 0 0 0
40 0 0 0 0 0
45 0 0 0 0 0
50 0 0 0 0 0
55 0 873 0 0 0
60 0 873 0 0 0
65 0 9255 0 0 0
70 0 20825 0 0 0
75 0 30677 0 0 0
80 0 39892 0 0 0
85 0 46835 0 0 0
90 0 54771 0 0 0
95 0 61320 0 0 0
100 0 68518 0 0 0
105 0 75071 0 0 0
110 0 80723 0 0 0
115 0 84005 0 0 0
120 0 92021 0 0 0
125 0 98464 0 0 0
130 0 105701 0 0 0
135 0 118253 0 0 0
140 0 128575 0 0 0
145 0 140863 0 0 0
150 317 153709 0 0 0
155 1699 147367 0 0 0
160 12495 147634 0 0 0
165 25771 148140 0 0 0
170 39428 148889 0 0 0
175 51697 149742 0 0 0
180 65022 150567 0 0 0
185 78409 150925 0 0 0
190 84844 151654 0 0 0
195 86111 152971 0 0 0
200 90425 157837 0 0 0
205 97367 161049 0 0 0
210 101780 159154 0 0 0
215 102797 159154 0 0 0
220 104925 154620 0 0 0
225 109849 148588 0 0 0
230 111574 150124 0 0 0
235 116997 142896 0 0 0
240 121657 138168 0 0 0
245 125047 136021 0 0 0
250 128493 131175 0 0 0
255 131378 128093 0 0 0
260 133701 125153 0 0 0
265 139226 122173 0 0 0
270 143792 116828 0 0 0
275 146423 112463 0 0 0
280 155714 105653 0 0 0
285 157356 102380 0 0 0
290 156252 102773 0 0 0
295 156167 103475 0 0 0
300 156226 101730 0 0 0
305 154408 105768 0 0 0
310 153993 105246 0 0 0
315 156674 103175 0 0 0
320 154555 107268 0 0 0
325 153533 108193 0 0 0
330 157702 104234 0 0 0
335 154598 104634 0 0 0
340 155951 103872 0 0 0
345 156957 103079 0 0 0
350 154254 104355 0 0 0
355 154677 105490 0 0 0
360 156393 104012 0 0 0
365 156247 104093 0 0 0
370 154128 104840 0 0 0
375 155040 104304 0 0 0
380 154693 104986 0 0 0
385 155056 105284 0 0 0
390 154534 104190 0 0 0
395 157490 103194 0 0 0
400 156189 103046 0 0 0
405 155695 102720 0 0 0
410 154042 104741 0 0 0
415 157387 101915 0 0 0
420 158305 103310 0 0 0
425 154869 103414 0 0 0
430 154416 107342 0 0 0
435 153964 106798 0 0 0
440 156686 104056 0 0 0
445 154340 106009 0 0 0
450 155354 103180 0 0 0
455 156269 105401 0 0 0
460 157579 104186 0 0 0
465 157392 102949 0 0 0
470 157152 102581 0 0 0
475 157118 101650 0 0 0
480 156721 101272 0 0 0
485 156727 102534 0 0 0
490 153960 104503 0 0 0
495 156400 103867 0 0 0
500 156105 103855 0 0 0
505 157499 102719 0 0 0
510 157854 103205 0 0 0
515 156145 105521 0 0 0
520 158983 102863 0 0 0
525 155748 103132 0 0 0
530 156212 103977 0 0 0
535 154500 105810 0 0 0
540 156724 103456 0 0 0
545 156891 103951 0 0 0
550 154632 105163 0 0 0
555 157122 102040 0 0 0
560 155349 103390 0 0 0
565 154845 104288 0 0 0
570 157535 101286 0 0 0
575 157847 102341 0 0 0
580 155533 104365 0 0 0
585 155471 103798 0 0 0
590 155023 104434 0 0 0
595 154840 104794 0 0 0
600 157024 104966 0 0 0
605 156236 103736 0 0 0
610 157150 103014 0 0 0
615 155586 104467 0 0 0
620 154867 104326 0 0 0
625 153649 105547 0 0 0
630 156841 101663 0 0 0
635 156215 101775 0 0 0
640 157525 103202 0 0 0
645 153963 105230 0 0 0
650 156310 103190 0 0 0
655 156380 105614 0 0 0
660 156003 103570 0 0 0
665 156733 103368 0 0 0
670 157799 103104 0 0 0
675 153474 107972 0 0 0
680 155270 103251 0 0 0
685 159272 102628 0 0 0
690 157605 104017 0 0 0
695 158071 102432 0 0 0
700 158033 101656 0 0 0
705 156025 103883 0 0 0
710 157948 103235 0 0 0
715 156751 103519 0 0 0
720 156808 103938 0 0 0
725 156860 104343 0 0 0
730 156813 103716 0 0 0
735 154032 104815 0 0 0
740 153428 105004 0 0 0
745 156147 102090 0 0 0
750 154178 106364 0 0 0
755 153817 104889 0 0 0
760 154943 105754 0 0 0
765 158890 101134 0 0 0
770 154320 105879 0 0 0
775 156886 102221 0 0 0
780 156055 105939 0 0 0
785 154394 105027 0 0 0
790 153148 104874 0 0 0
795 153518 107439 0 0 0
800 155342 104341 0 0 0
805 153707 108238 0 0 0
810 158572 103338 0 0 0
815 158300 103331 0 0 0
820 155278 103483 0 0 0
825 155774 104365 0 0 0
830 156816 103543 0 0 0
835 156396 104339 0 0 0
840 154411 105698 0 0 0
845 156826 104225 0 0 0
850 156386 104490 0 0 0
855 153654 106580 0 0 0
860 160013 101530 0 0 0
865 155045 103158 0 0 0
870 156540 105204 0 0 0
875 155803 105797 0 0 0
880 157616 103198 0 0 0
885 155512 103943 0 0 0
890 154892 103909 0 0 0
895 154071 104745 0 0 0
900 159629 102064 0 0 0
905 154298 107073 0 0 0
910 156964 103916 0 0 0
915 153287 107618 0 0 0
920 154906 104791 0 0 0
925 155124 103295 0 0 0
930 156543 105124 0 0 0
935 157653 102943 0 0 0
940 160130 98221 0 0 0
945 161974 98527 0 0 0
950 165395 96251 0 0 0
955 161543 97463 0 0 0
960 162712 95802 0 476 0
965 163444 96251 0 816 0
970 160490 97894 0 818 0
975 162279 96299 0 822 0
980 164017 94484 0 834 0
985 161549 98783 0 834 0
990 164276 96148 0 834 0
995 136971 83567 0 39777 0
1000 138303 80388 0 39777 0
1005 136937 84257 0 39777 0
1010 135622 81362 0 41020 0
1015 130114 76507 0 53640 0
1020 128449 79886 0 53495 0
1025 129145 80563 0 49528 0
1030 130290 80771 0 49528 0
1035 132477 77378 0 49528 0
1040 129897 81926 0 49528 0
1045 130936 78435 0 49932 0
1050 131773 79334 0 50124 0
1055 128166 79774 0 51986 0
1060 128854 80736 0 52033 0
1065 129789 81891 0 49944 0
1070 130685 78509 0 49926 0
1075 131283 77055 0 49926 0
1080 128625 83164 0 46287 0
1085 130713 83228 0 47458 0
1090 129198 77875 0 52076 0
1095 130733 78863 0 51785 0
1100 128832 77924 0 52237 0
1105 129020 82413 0 48141 0
1110 130532 80116 0 50608 0
1115 131710 76915 0 50563 0
1120 128632 77584 0 53896 0
1125 129548 78803 0 49800 0
1130 131927 79129 0 49800 0
1135 131574 78388 0 49800 0
1140 131206 78947 0 49800 0
1145 129749 79896 0 48721 0
1150 130579 80719 0 48705 0
1155 131889 77811 0 48705 0
1160 132916 78913 0 48705 0
1165 129939 81570 0 48705 0
1170 133038 77654 0 48705 0
1175 132794 77718 0 48705 0
1180 129571 82417 0 46754 0
1185 129595 79812 0 50223 0
1190 128005 79655 0 52857 0
1195 129245 82713 0 47683 0
1200 129784 79047 0 51401 0
1205 130659 78428 0 51401 0
1210 128074 77894 0 53086 0
1215 129342 81233 0 49022 0
1220 131823 78631 0 49022 0
1225 129681 80851 0 49022 0
1230 133475 79519 0 49022 0
1235 130195 80589 0 49651 0
1240 131556 77583 0 52613 0
1245 128474 78750 0 52613 0
1250 130139 80028 0 48517 0
1255 131120 79878 0 48517 0
1260 130524 82448 0 48504 0
1265 127816 77457 0 53167 0
1270 128952 82033 0 49371 0
1275 129695 81521 0 49371 0
1280 128853 81844 0 49371 0
1285 128794 77633 0 53410 0
1290 130117 78960 0 49288 0
1295 131299 77820 0 49283 0
1300 132936 79253 0 49283 0
1305 130293 78936 0 49283 0
1310 131224 79135 0 49283 0
1315 132242 79855 0 49283 0
1320 130030 79840 0 48281 0
1325 131718 80202 0 48281 0
1330 133255 77464 0 48281 0
1335 133034 78092 0 48281 0
1340 130376 79419 0 50080 0
1345 131322 76549 0 52117 0
1350 128271 77528 0 55014 0
1355 129563 78385 0 50822 0
1360 130558 79403 0 50611 0
1365 131603 76492 0 50611 0
1370 128690 79476 0 50610 0
1375 128966 79135 0 50610 0
1380 132295 78702 0 50610 0
1385 130381 80945 0 47327 0
1390 132419 78539 0 47417 0
1395 132012 81775 0 48165 0
1400 129177 78974 0 52532 0
1405 129471 75916 0 55204 0
1410 130351 76788 0 51082 0
1415 131273 77815 0 51082 0
1420 128592 78681 0 51083 0
1425 129372 79488 0 51083 0
1430 131070 82229 0 46987 0
1435 133205 78551 0 46987 0
1440 129886 84201 0 46987 0
1445 131675 82183 0 46987 0
1450 127332 78686 0 54188 0
1455 128350 79495 0 54092 0
1460 129373 80392 0 49996 0
1465 130152 80672 0 49996 0
1470 130787 78847 0 49996 0
1475 132052 78187 0 49996 0
1480 130983 78498 0 49996 0
1485 130789 79004 0 50708 0
1490 132444 77863 0 49098 0
1495 131979 80206 0 49268 0
1500 129199 82941 0 48742 0
1505 129289 80204 0 48900 0
1510 130357 81186 0 48900 0
1515 133433 78664 0 48900 0
1520 127728 79036 0 52957 0
1525 130553 78204 0 49997 0
1530 131481 78827 0 49997 0
1535 132691 77714 0 49983 0
1540 129469 79835 0 49983 0
1545 130921 79427 0 49968 0
1550 128187 81605 0 49968 0
1555 131496 80907 0 45872 0
1560 131004 83697 0 45872 0
1565 128745 77848 0 51559 0
1570 129761 78924 0 51527 0
1575 130881 75880 0 51495 0
1580 132438 77262 0 51490 0
1585 130573 82338 0 47393 0
1590 132176 81347 0 47393 0
1595 130807 83337 0 47393 0
1600 132604 81774 0 47393 0
1605 132839 76832 0 49833 0
1610 128201 78773 0 52696 0
1615 129811 79901 0 48600 0
1620 132146 78307 0 48600 0
1625 129806 80547 0 48600 0
1630 131413 81620 0 48600 0
1635 129555 80018 0 48600 0
1640 131346 81983 0 48600 0
1645 129781 83365 0 48600 0
1650 130804 78427 0 49905 0
1655 131482 79503 0 49904 0
1660 129823 78287 0 49904 0
1665 130639 77535 0 49904 0
1670 129127 79778 0 49900 0
1675 130299 79122 0 49531 0
1680 131219 79631 0 49506 0
1685 132531 76880 0 49506 0
1690 129654 78052 0 50467 0
1695 131068 75180 0 53082 0
1700 128092 76481 0 53440 0
1705 129309 77456 0 51999 0
1710 130423 78683 0 51999 0
1715 127300 79001 0 51999 0
1720 131056 82904 0 47903 0
1725 132943 80435 0 47903 0
1730 130485 81394 0 47903 0
1735 131427 79433 0 47903 0
1740 136152 77114 0 48063 0
1745 129968 80558 0 48965 0
1750 130898 79101 0 48864 0
1755 131527 79777 0 48897 0
1760 132452 76562 0 49222 0
1765 133568 77611 0 49132 0
1770 130737 78622 0 49048 0
1775 132155 80114 0 48864 0
1780 131416 80666 0 48831 0
1785 132091 77439 0 48831 0
1790 131502 83589 0 44735 0
1795 134422 93812 0 32447 0
1800 135744 94975 0 28351 20206
1805 136913 95830 0 28351 20131
1810 138040 97332 0 24255 20128
1815 139360 102694 0 16063 20128
1820 145480 108063 0 7871 20128
1825 150539 109188 0 0 20127
1830 159118 101097 0 0 20127
1835 154866 105416 0 0 20127
1840 154813 106646 0 0 22749
1845 155886 104326 0 0 27242
1850 156811 104048 0 0 31448
1855 153883 104989 0 0 32307
1860 153135 104996 0 0 33457
1865 155811 104380 0 0 67843
1870 156885 101366 0 0 68177
1875 157859 102360 0 0 68040
1880 154931 103648 0 0 68036
1885 157898 103235 0 0 68036
1890 155402 102772 0 0 68035
1895 154494 103781 0 0 68018
1900 157215 104606 0 0 68002
1905 155975 102223 0 0 67998
1910 154218 104913 0 0 67998
1915 154362 107001 0 0 67998
1920 154893 104501 0 0 67998
1925 153869 108144 0 0 67998
1930 157309 101676 0 0 67998
1935 156764 103933 0 0 67998
1940 153879 107617 0 0 67998
1945 154658 107259 0 0 67998
1950 153487 105397 0 0 67998
1955 155185 104262 0 0 67998
1960 155808 102213 0 0 67998
1965 154785 103514 0 0 67998
1970 154097 107067 0 0 67998
1975 153794 104302 0 0 67998
1980 157447 103895 0 0 67998
1985 155392 104573 0 0 67998
1990 154608 103361 0 0 67998
1995 155627 103557 0 0 67998
2000 153923 104356 0 0 67998
2005 157221 104294 0 0 67998
2010 156055 103849 0 0 67998
2015 155893 103156 0 0 67998
2020 153880 104687 0 0 67998
2025 156454 104287 0 0 67998
2030 153622 105294 0 0 67998
2035 155081 105945 0 0 67998
2040 156970 101410 0 0 67998
2045 153800 106291 0 0 67998
2050 157581 101897 0 0 67998
2055 155722 104618 0 0 67998
2060 154106 104255 0 0 67998
2065 158487 102089 0 0 67998
2070 155015 104244 0 0 67998
2075 155634 105428 0 0 67998
2080 155769 102179 0 0 67998
2085 157604 102491 0 0 67998
2090 156743 104136 0 0 67998
2095 156207 103793 0 0 67998
2100 154880 103967 0 0 67998
2105 155696 104296 0 0 67998
2110 158171 103377 0 0 67998
2115 156263 104054 0 0 67998
2120 157276 102757 0 0 67998
2125 153854 104877 0 0 67998
2130 153745 105557 0 0 67998
2135 156281 103593 0 0 67998
2140 158221 102130 0 0 67998
2145 157089 101806 0 0 67998
2150 157177 103662 0 0 67998
2155 154159 105382 0 0 67998
2160 156061 103874 0 0 67998
2165 155419 106239 0 0 67998
2170 154048 107289 0 0 67998
2175 154970 103864 0 0 67998
2180 157307 103217 0 0 67998
2185 155648 102534 0 0 67998
2190 154673 104866 0 0 67998
2195 156374 103672 0 0 67998
2200 154312 106478 0 0 67998
2205 158352 102788 0 0 67998
2210 154926 103339 0 0 67998
2215 157007 104602 0 0 67998
2220 155843 103087 0 0 67998
2225 155249 105586 0 0 67998
2230 157924 103178 0 0 67998
2235 154850 107027 0 0 67998
2240 156786 101841 0 0 67998
2245 154391 105625 0 0 67998
2250 155342 105510 0 0 67998
2255 156888 101810 0 0 67998
2260 153229 104718 0 0 67998
2265 156377 103423 0 0 67998
2270 154122 106884 0 0 67998
2275 156600 102572 0 0 67998
2280 154641 105713 0 0 67998
2285 159166 101562 0 0 67998
2290 155548 104552 0 0 67998
2295 156816 104593 0 0 67998
2300 153591 107966 0 0 67998
2305 154708 103508 0 0 67998
2310 153129 105497 0 0 67998
2315 155518 102835 0 0 67998
2320 156324 101784 0 0 67998
2325 160271 101455 0 0 67998
2330 153719 106140 0 0 67998
2335 159506 102064 0 0 67998
2340 155794 104057 0 0 67998
2345 155295 103342 0 0 67998
2350 154601 103947 0 0 67998
2355 155282 103123 0 0 67998
2360 155523 102630 0 0 67998
2365 157128 104429 0 0 67998
2370 156725 103293 0 0 67998
2375 154086 103991 0 0 67998
2380 156057 103875 0 0 67998
2385 154938 103498 0 0 67998
2390 154390 104900 0 0 67998
2395 158137 103832 0 0 67998
2400 157003 103722 0 0 67998
2405 155281 102741 0 0 67998
2410 153943 105612 0 0 67998
2415 156415 102389 0 0 67998
2420 155266 105229 0 0 67998
2425 158316 103592 0 0 67998
2430 156306 102760 0 0 67998
2435 153744 105580 0 0 67998
2440 155409 104194 0 0 67998
2445 155211 105525 0 0 67998
2450 153526 105298 0 0 67998
2455 157949 102210 0 0 67998
2460 156625 104322 0 0 67998
2465 153292 104726 0 0 67998
2470 160110 100903 0 0 67998
2475 161035 100865 0 0 67998
2480 154921 103742 0 0 67998
2485 155892 104400 0 0 67998
2490 154223 106783 0 0 67998
2495 158146 103170 0 0 67998
2500 155796 104035 0 0 67998
2505 156370 103663 0 0 67998
2510 155687 103310 0 0 67998
2515 157246 102462 0 0 67998
2520 156118 105252 0 0 67998
2525 154703 105713 0 0 67998
2530 156696 104659 0 0 67998
2535 154493 104026 0 0 67998
2540 155125 105380 0 0 67998
2545 158472 101569 0 0 67998
2550 158466 101057 0 0 67998
2555 155099 103633 0 0 67998
2560 156023 102541 0 0 67998
2565 156010 102292 0 0 67998
2570 158150 101522 0 0 67998
2575 155503 106444 0 0 67998
2580 156527 102441 0 0 67998
2585 154477 105793 0 0 67998
2590 154667 106298 0 0 67998
2595 157141 103000 0 0 67998
2600 157126 100964 0 0 67998
2605 154929 105416 0 0 67998
2610 155902 103650 0 0 67998
2615 154854 104876 0 0 67998
2620 156663 105164 0 0 67998
2625 156952 104960 0 0 67998
2630 156903 101682 0 0 67998
2635 157091 103193 0 0 67998
2640 154921 105011 0 0 67998
2645 155402 102925 0 0 67998
2650 158542 103380 0 0 67998
2655 153749 105830 0 0 67998
2660 155253 106150 0 0 67998
2665 157479 102143 0 0 67998
2670 158199 101664 0 0 67998
2675 155409 102861 0 0 67998
