0.0049328 0.0002
0.0069884 0.0004
0.0073691 0.0006
0.011747 0.0008
0.10386 0.001
0.11926 0.0012
0.12338 0.0014
0.14045 0.0016
0.14229 0.0018
0.15128 0.002
0.17277 0.0022
0.23894 0.0024
0.24186 0.0026
0.2748 0.0028
0.28685 0.003
0.34624 0.0032
0.35666 0.0034
0.36173 0.0036
0.37253 0.0038
0.37535 0.004
0.39435 0.0042
0.44321 0.0044
0.45911 0.0046
0.46965 0.0048
0.47482 0.005
0.49272 0.0052
0.517 0.0054
0.51996 0.0056
0.54073 0.0058
0.5516 0.006
0.56814 0.0062
0.61692 0.0064
0.62918 0.0066
0.63211 0.0068
0.65714 0.007
0.66705 0.0072
0.67051 0.0074
0.6775 0.0076
0.7154 0.0078
0.74401 0.008
0.75504 0.0082
0.79933 0.0084
0.80625 0.0086
0.83845 0.0088
0.8497 0.009
0.92913 0.0092
0.92982 0.0094
0.94229 0.0096
0.95003 0.0098
0.97594 0.01
0.97966 0.0102
0.98918 0.0104
1.0119 0.0106
1.0428 0.0108
1.0473 0.011
1.0495 0.0112
1.0541 0.0114
1.0652 0.0116
1.1073 0.0118
1.1154 0.012
1.123 0.0122
1.1249 0.0124
1.1278 0.0126
1.1746 0.0128
1.1764 0.013
1.2109 0.0132
1.2451 0.0134
1.2492 0.0136
1.2681 0.0138
1.2811 0.014
1.2923 0.0142
1.3042 0.0144
1.3436 0.0146
1.3617 0.0148
1.3684 0.015
1.4051 0.0152
1.4177 0.0154
1.4246 0.0156
1.428 0.0158
1.4583 0.016
1.4698 0.0162
1.4699 0.0164
1.4859 0.0166
1.4949 0.0168
1.5141 0.017
1.528 0.0172
1.5394 0.0174
1.5691 0.0176
1.5889 0.0178
1.6168 0.018
1.6745 0.0182
1.7039 0.0184
1.7773 0.0186
1.7859 0.0188
1.787 0.019
1.8025 0.0192
1.8053 0.0194
1.8071 0.0196
1.8472 0.0198
1.8547 0.02
1.8718 0.0202
1.8861 0.0204
1.9736 0.0206
2.0018 0.0208
2.0247 0.021
2.0328 0.0212
2.0915 0.0214
2.1098 0.0216
2.1125 0.0218
2.1294 0.022
2.1515 0.0222
2.1786 0.0224
2.2024 0.0226
2.2139 0.0228
2.2336 0.023
2.2377 0.0232
2.2409 0.0234
2.2473 0.0236
2.2474 0.0238
2.2479 0.024
2.2628 0.0242
2.3052 0.0244
2.3116 0.0246
2.3344 0.0248
2.335 0.025
2.3382 0.0252
2.4375 0.0254
2.4517 0.0256
2.4548 0.0258
2.4737 0.026
2.5165 0.0262
2.5271 0.0264
2.5352 0.0266
2.555 0.0268
2.5709 0.027
2.5812 0.0272
2.6036 0.0274
2.6147 0.0276
2.6332 0.0278
2.6392 0.028
2.6408 0.0282
2.666 0.0284
2.7289 0.0286
2.7748 0.0288
2.7852 0.029
2.8038 0.0292
2.8056 0.0294
2.8199 0.0296
2.8805 0.0298
2.8841 0.03
2.915 0.0302
2.9278 0.0304
2.9474 0.0306
2.9536 0.0308
2.9547 0.031
2.9584 0.0312
2.9746 0.0314
2.9777 0.0316
3.0062 0.0318
3.023 0.032
3.0262 0.0322
3.0355 0.0324
3.046 0.0326
3.0985 0.0328
3.1057 0.033
3.1128 0.0332
3.1325 0.0334
3.1763 0.0336
3.184 0.0338
3.1928 0.034
3.2285 0.0342
3.235 0.0344
3.2415 0.0346
3.2571 0.0348
3.307 0.035
3.3355 0.0352
3.3823 0.0354
3.3955 0.0356
3.3957 0.0358
3.4091 0.036
3.4125 0.0362
3.4877 0.0364
3.4921 0.0366
3.5123 0.0368
3.5284 0.037
3.5843 0.0372
3.6876 0.0374
3.752 0.0376
3.7666 0.0378
3.7781 0.038
3.8027 0.0382
3.8089 0.0384
3.8111 0.0386
3.8456 0.0388
3.8553 0.039
3.8836 0.0392
3.8959 0.0394
3.9031 0.0396
3.925 0.0398
3.9439 0.04
3.9519 0.0402
3.9597 0.0404
3.9655 0.0406
3.9777 0.0408
4.0233 0.041
4.0519 0.0412
4.0685 0.0414
4.0835 0.0416
4.112 0.0418
4.1144 0.042
4.1175 0.0422
4.1534 0.0424
4.1674 0.0426
4.2116 0.0428
4.233 0.043
4.2555 0.0432
4.2566 0.0434
4.2615 0.0436
4.2641 0.0438
4.2795 0.044
4.2951 0.0442
4.3742 0.0444
4.3826 0.0446
4.4216 0.0448
4.4247 0.045
4.4261 0.0452
4.4617 0.0454
4.5015 0.0456
4.511 0.0458
4.5299 0.046
4.5482 0.0462
4.5732 0.0464
4.5792 0.0466
4.6439 0.0468
4.6546 0.047
4.708 0.0472
4.7477 0.0474
4.768 0.0476
4.7876 0.0478
4.7993 0.048
4.8381 0.0482
4.8795 0.0484
4.8919 0.0486
4.9027 0.0488
4.9083 0.049
4.9133 0.0492
4.9145 0.0494
4.9271 0.0496
4.9304 0.0498
4.9371 0.05
4.9534 0.0502
4.9595 0.0504
5.0398 0.0506
5.0419 0.0508
5.0427 0.051
5.0629 0.0512
5.095 0.0514
5.0984 0.0516
5.1236 0.0518
5.1818 0.052
5.225 0.0522
5.2576 0.0524
5.2721 0.0526
5.3011 0.0528
5.3044 0.053
5.3273 0.0532
5.3711 0.0534
5.3915 0.0536
5.5529 0.0538
5.5538 0.054
5.5845 0.0542
5.5953 0.0544
5.5972 0.0546
5.5992 0.0548
5.6422 0.055
5.6583 0.0552
5.6838 0.0554
5.7102 0.0556
5.7191 0.0558
5.7385 0.056
5.8289 0.0562
5.8382 0.0564
5.8418 0.0566
5.8639 0.0568
5.8743 0.057
5.8896 0.0572
6.0009 0.0574
6.0204 0.0576
6.0548 0.0578
6.0676 0.058
6.1242 0.0582
6.129 0.0584
6.1697 0.0586
6.3093 0.0588
6.3223 0.059
6.3581 0.0592
6.3779 0.0594
6.4001 0.0596
6.4006 0.0598
6.4112 0.06
6.4225 0.0602
6.4377 0.0604
6.4516 0.0606
6.4549 0.0608
6.4617 0.061
6.4787 0.0612
6.5198 0.0614
6.5304 0.0616
6.5317 0.0618
6.5691 0.062
6.5977 0.0622
6.6322 0.0624
6.6927 0.0626
6.748 0.0628
6.7672 0.063
6.7994 0.0632
6.8037 0.0634
6.8337 0.0636
6.9019 0.0638
6.9029 0.064
6.9336 0.0642
6.9415 0.0644
7.0287 0.0646
7.076 0.0648
7.085 0.065
7.0986 0.0652
7.1707 0.0654
7.1851 0.0656
7.2385 0.0658
7.2711 0.066
7.279 0.0662
7.2852 0.0664
7.2916 0.0666
7.3039 0.0668
7.3101 0.067
7.3145 0.0672
7.3481 0.0674
7.3967 0.0676
7.4092 0.0678
7.4213 0.068
7.4372 0.0682
7.4773 0.0684
7.4817 0.0686
7.5031 0.0688
7.508 0.069
7.5395 0.0692
7.5465 0.0694
7.5819 0.0696
7.661 0.0698
7.7125 0.07
7.7375 0.0702
7.7528 0.0704
7.7821 0.0706
7.7897 0.0708
7.8229 0.071
7.8549 0.0712
7.872 0.0714
7.9056 0.0716
7.9134 0.0718
7.9192 0.072
7.9258 0.0722
7.9328 0.0724
7.9693 0.0726
7.9737 0.0728
7.9857 0.073
8.02 0.0732
8.0327 0.0734
8.0469 0.0736
8.0869 0.0738
8.1205 0.074
8.1712 0.0742
8.2023 0.0744
8.2167 0.0746
8.2183 0.0748
8.2465 0.075
8.2664 0.0752
8.2918 0.0754
8.2997 0.0756
8.3058 0.0758
8.3129 0.076
8.3268 0.0762
8.3361 0.0764
8.3383 0.0766
8.3494 0.0768
8.3785 0.077
8.3794 0.0772
8.3819 0.0774
8.3837 0.0776
8.3891 0.0778
8.4527 0.078
8.453 0.0782
8.4725 0.0784
8.487 0.0786
8.5 0.0788
8.5074 0.079
8.524 0.0792
8.5293 0.0794
8.6003 0.0796
8.6137 0.0798
8.6334 0.08
8.6714 0.0802
8.6896 0.0804
8.6974 0.0806
8.6997 0.0808
8.7109 0.081
8.7557 0.0812
8.7934 0.0814
8.8242 0.0816
8.8273 0.0818
8.85 0.082
8.8537 0.0822
8.8596 0.0824
8.8698 0.0826
8.8885 0.0828
8.8938 0.083
8.9098 0.0832
8.9239 0.0834
8.9384 0.0836
8.9747 0.0838
8.9823 0.084
9.0207 0.0842
9.0256 0.0844
9.07 0.0846
9.0705 0.0848
9.0812 0.085
9.0841 0.0852
9.0976 0.0854
9.1852 0.0856
9.2033 0.0858
9.2038 0.086
9.2074 0.0862
9.2247 0.0864
9.2647 0.0866
9.2655 0.0868
9.2716 0.087
9.2937 0.0872
9.2943 0.0874
9.3049 0.0876
9.3343 0.0878
9.3437 0.088
9.3574 0.0882
9.39 0.0884
9.3945 0.0886
9.4229 0.0888
9.4519 0.089
9.4547 0.0892
9.4665 0.0894
9.4702 0.0896
9.5053 0.0898
9.5125 0.09
9.538 0.0902
9.5455 0.0904
9.6208 0.0906
9.6333 0.0908
9.6516 0.091
9.7028 0.0912
9.7146 0.0914
9.7396 0.0916
9.7642 0.0918
9.7763 0.092
9.8367 0.0922
9.8377 0.0924
9.8608 0.0926
9.8744 0.0928
9.9643 0.093
9.9992 0.0932
10.037 0.0934
10.076 0.0936
10.106 0.0938
10.133 0.094
10.146 0.0942
10.177 0.0944
10.195 0.0946
10.205 0.0948
10.216 0.095
10.235 0.0952
10.259 0.0954
10.265 0.0956
10.276 0.0958
10.277 0.096
10.284 0.0962
10.287 0.0964
10.297 0.0966
10.347 0.0968
10.358 0.097
10.368 0.0972
10.398 0.0974
10.4 0.0976
10.419 0.0978
10.451 0.098
10.472 0.0982
10.499 0.0984
10.499 0.0986
10.524 0.0988
10.525 0.099
10.549 0.0992
10.599 0.0994
10.622 0.0996
10.648 0.0998
10.705 0.1
10.715 0.1002
10.726 0.1004
10.754 0.1006
10.768 0.1008
10.773 0.101
10.828 0.1012
10.854 0.1014
10.873 0.1016
10.878 0.1018
10.894 0.102
10.931 0.1022
10.993 0.1024
11.043 0.1026
11.048 0.1028
11.089 0.103
11.133 0.1032
11.172 0.1034
11.207 0.1036
11.215 0.1038
11.243 0.104
11.279 0.1042
11.293 0.1044
11.371 0.1046
11.414 0.1048
11.43 0.105
11.461 0.1052
11.467 0.1054
11.498 0.1056
11.545 0.1058
11.571 0.106
11.625 0.1062
11.627 0.1064
11.67 0.1066
11.74 0.1068
11.76 0.107
11.767 0.1072
11.835 0.1074
11.837 0.1076
11.838 0.1078
11.839 0.108
11.871 0.1082
11.881 0.1084
11.881 0.1086
11.882 0.1088
11.887 0.109
11.904 0.1092
11.907 0.1094
11.924 0.1096
11.925 0.1098
11.932 0.11
11.942 0.1102
11.948 0.1104
11.95 0.1106
11.997 0.1108
12.027 0.111
12.039 0.1112
12.043 0.1114
12.189 0.1116
12.193 0.1118
12.265 0.112
12.307 0.1122
12.333 0.1124
12.34 0.1126
12.345 0.1128
12.364 0.113
12.368 0.1132
12.368 0.1134
12.379 0.1136
12.381 0.1138
12.381 0.114
12.404 0.1142
12.405 0.1144
12.413 0.1146
12.434 0.1148
12.46 0.115
12.472 0.1152
12.489 0.1154
12.534 0.1156
12.539 0.1158
12.565 0.116
12.616 0.1162
12.651 0.1164
12.74 0.1166
12.741 0.1168
12.802 0.117
12.804 0.1172
12.841 0.1174
12.912 0.1176
12.925 0.1178
12.952 0.118
12.965 0.1182
12.971 0.1184
12.974 0.1186
13.006 0.1188
13.075 0.119
13.106 0.1192
13.121 0.1194
13.149 0.1196
13.19 0.1198
13.196 0.12
13.302 0.1202
13.318 0.1204
13.361 0.1206
13.404 0.1208
13.417 0.121
13.44 0.1212
13.458 0.1214
13.476 0.1216
13.494 0.1218
13.504 0.122
13.555 0.1222
13.625 0.1224
13.647 0.1226
13.678 0.1228
13.699 0.123
13.74 0.1232
13.746 0.1234
13.751 0.1236
13.776 0.1238
13.801 0.124
13.803 0.1242
13.841 0.1244
13.865 0.1246
13.879 0.1248
13.881 0.125
13.915 0.1252
13.916 0.1254
13.92 0.1256
13.92 0.1258
13.927 0.126
13.967 0.1262
13.987 0.1264
14.026 0.1266
14.13 0.1268
14.142 0.127
14.166 0.1272
14.191 0.1274
14.272 0.1276
14.303 0.1278
14.317 0.128
14.358 0.1282
14.358 0.1284
14.369 0.1286
14.37 0.1288
14.417 0.129
14.417 0.1292
14.423 0.1294
14.435 0.1296
14.436 0.1298
14.447 0.13
14.455 0.1302
14.469 0.1304
14.543 0.1306
14.549 0.1308
14.549 0.131
14.589 0.1312
14.594 0.1314
14.62 0.1316
14.663 0.1318
14.706 0.132
14.712 0.1322
14.721 0.1324
14.751 0.1326
14.768 0.1328
14.775 0.133
14.785 0.1332
14.862 0.1334
14.872 0.1336
14.882 0.1338
14.885 0.134
14.905 0.1342
14.941 0.1344
14.996 0.1346
15.049 0.1348
15.079 0.135
15.086 0.1352
15.091 0.1354
15.095 0.1356
15.124 0.1358
15.129 0.136
15.188 0.1362
15.212 0.1364
15.246 0.1366
15.251 0.1368
15.282 0.137
15.331 0.1372
15.353 0.1374
15.361 0.1376
15.37 0.1378
15.372 0.138
15.375 0.1382
15.38 0.1384
15.401 0.1386
15.407 0.1388
15.408 0.139
15.408 0.1392
15.414 0.1394
15.417 0.1396
15.424 0.1398
15.454 0.14
15.466 0.1402
15.477 0.1404
15.477 0.1406
15.523 0.1408
15.526 0.141
15.557 0.1412
15.563 0.1414
15.616 0.1416
15.624 0.1418
15.725 0.142
15.805 0.1422
15.825 0.1424
15.84 0.1426
15.844 0.1428
15.862 0.143
15.863 0.1432
15.908 0.1434
15.914 0.1436
15.947 0.1438
15.951 0.144
15.953 0.1442
16.007 0.1444
16.048 0.1446
16.06 0.1448
16.063 0.145
16.074 0.1452
16.103 0.1454
16.134 0.1456
16.146 0.1458
16.152 0.146
16.169 0.1462
16.202 0.1464
16.208 0.1466
16.243 0.1468
16.259 0.147
16.26 0.1472
16.273 0.1474
16.287 0.1476
16.328 0.1478
16.339 0.148
16.341 0.1482
16.395 0.1484
16.402 0.1486
16.461 0.1488
16.469 0.149
16.471 0.1492
16.477 0.1494
16.541 0.1496
16.553 0.1498
16.563 0.15
16.574 0.1502
16.583 0.1504
16.672 0.1506
16.689 0.1508
16.726 0.151
16.741 0.1512
16.742 0.1514
16.792 0.1516
16.916 0.1518
16.919 0.152
16.938 0.1522
16.973 0.1524
17.022 0.1526
17.026 0.1528
17.033 0.153
17.045 0.1532
17.047 0.1534
17.054 0.1536
17.112 0.1538
17.117 0.154
17.12 0.1542
17.167 0.1544
17.186 0.1546
17.192 0.1548
17.236 0.155
17.267 0.1552
17.31 0.1554
17.329 0.1556
17.359 0.1558
17.368 0.156
17.378 0.1562
17.425 0.1564
17.431 0.1566
17.53 0.1568
17.584 0.157
17.608 0.1572
17.609 0.1574
17.615 0.1576
17.617 0.1578
17.638 0.158
17.688 0.1582
17.7 0.1584
17.707 0.1586
17.719 0.1588
17.762 0.159
17.786 0.1592
17.787 0.1594
17.799 0.1596
17.814 0.1598
17.83 0.16
17.862 0.1602
17.869 0.1604
17.88 0.1606
17.912 0.1608
17.935 0.161
17.961 0.1612
17.99 0.1614
17.991 0.1616
17.998 0.1618
18.021 0.162
18.032 0.1622
18.043 0.1624
18.049 0.1626
18.053 0.1628
18.078 0.163
18.085 0.1632
18.086 0.1634
18.09 0.1636
18.142 0.1638
18.147 0.164
18.149 0.1642
18.193 0.1644
18.213 0.1646
18.242 0.1648
18.254 0.165
18.263 0.1652
18.29 0.1654
18.298 0.1656
18.325 0.1658
18.327 0.166
18.358 0.1662
18.38 0.1664
18.408 0.1666
18.444 0.1668
18.447 0.167
18.454 0.1672
18.488 0.1674
18.494 0.1676
18.536 0.1678
18.549 0.168
18.669 0.1682
18.691 0.1684
18.704 0.1686
18.735 0.1688
18.754 0.169
18.863 0.1692
18.872 0.1694
18.892 0.1696
18.898 0.1698
18.941 0.17
18.949 0.1702
18.958 0.1704
18.976 0.1706
18.983 0.1708
19.015 0.171
19.04 0.1712
19.041 0.1714
19.057 0.1716
19.08 0.1718
19.087 0.172
19.105 0.1722
19.122 0.1724
19.129 0.1726
19.147 0.1728
19.179 0.173
19.186 0.1732
19.248 0.1734
19.249 0.1736
19.28 0.1738
19.305 0.174
19.309 0.1742
19.34 0.1744
19.352 0.1746
19.356 0.1748
19.383 0.175
19.387 0.1752
19.402 0.1754
19.429 0.1756
19.463 0.1758
19.469 0.176
19.524 0.1762
19.575 0.1764
19.594 0.1766
19.6 0.1768
19.601 0.177
19.61 0.1772
19.675 0.1774
19.755 0.1776
19.776 0.1778
19.801 0.178
19.936 0.1782
19.96 0.1784
20.009 0.1786
20.055 0.1788
20.079 0.179
20.082 0.1792
20.109 0.1794
20.112 0.1796
20.156 0.1798
20.26 0.18
20.274 0.1802
20.275 0.1804
20.291 0.1806
20.321 0.1808
20.323 0.181
20.433 0.1812
20.502 0.1814
20.507 0.1816
20.525 0.1818
20.565 0.182
20.577 0.1822
20.596 0.1824
20.636 0.1826
20.664 0.1828
20.702 0.183
20.727 0.1832
20.728 0.1834
20.772 0.1836
20.794 0.1838
20.804 0.184
20.834 0.1842
20.841 0.1844
20.851 0.1846
20.853 0.1848
20.858 0.185
20.978 0.1852
21.008 0.1854
21.035 0.1856
21.063 0.1858
21.073 0.186
21.131 0.1862
21.162 0.1864
21.175 0.1866
21.194 0.1868
21.207 0.187
21.241 0.1872
21.307 0.1874
21.329 0.1876
21.356 0.1878
21.36 0.188
21.364 0.1882
21.399 0.1884
21.401 0.1886
21.426 0.1888
21.429 0.189
21.461 0.1892
21.467 0.1894
21.523 0.1896
21.524 0.1898
21.531 0.19
21.534 0.1902
21.535 0.1904
21.661 0.1906
21.71 0.1908
21.726 0.191
21.73 0.1912
21.744 0.1914
21.762 0.1916
21.821 0.1918
21.869 0.192
21.892 0.1922
21.896 0.1924
21.905 0.1926
21.969 0.1928
21.993 0.193
22.032 0.1932
22.065 0.1934
22.119 0.1936
22.166 0.1938
22.226 0.194
22.254 0.1942
22.267 0.1944
22.294 0.1946
22.302 0.1948
22.319 0.195
22.323 0.1952
22.353 0.1954
22.356 0.1956
22.357 0.1958
22.361 0.196
22.376 0.1962
22.386 0.1964
22.393 0.1966
22.426 0.1968
22.483 0.197
22.502 0.1972
22.505 0.1974
22.511 0.1976
22.512 0.1978
22.53 0.198
22.57 0.1982
22.578 0.1984
22.592 0.1986
22.597 0.1988
22.601 0.199
22.609 0.1992
22.617 0.1994
22.625 0.1996
22.629 0.1998
22.64 0.2
22.645 0.2002
22.679 0.2004
22.695 0.2006
22.699 0.2008
22.706 0.201
22.71 0.2012
22.719 0.2014
22.729 0.2016
22.738 0.2018
22.794 0.202
22.813 0.2022
22.834 0.2024
22.846 0.2026
22.857 0.2028
22.899 0.203
22.9 0.2032
22.91 0.2034
22.936 0.2036
22.939 0.2038
22.958 0.204
22.973 0.2042
22.987 0.2044
23.079 0.2046
23.08 0.2048
23.09 0.205
23.099 0.2052
23.106 0.2054
23.24 0.2056
23.276 0.2058
23.283 0.206
23.338 0.2062
23.415 0.2064
23.429 0.2066
23.432 0.2068
23.465 0.207
23.477 0.2072
23.516 0.2074
23.528 0.2076
23.546 0.2078
23.615 0.208
23.717 0.2082
23.773 0.2084
23.794 0.2086
23.82 0.2088
23.878 0.209
23.89 0.2092
23.898 0.2094
23.93 0.2096
23.953 0.2098
23.967 0.21
23.984 0.2102
24.02 0.2104
24.031 0.2106
24.033 0.2108
24.073 0.211
24.077 0.2112
24.097 0.2114
24.111 0.2116
24.124 0.2118
24.17 0.212
24.184 0.2122
24.193 0.2124
24.234 0.2126
24.282 0.2128
24.29 0.213
24.31 0.2132
24.32 0.2134
24.394 0.2136
24.46 0.2138
24.467 0.214
24.471 0.2142
24.474 0.2144
24.49 0.2146
24.501 0.2148
24.52 0.215
24.52 0.2152
24.529 0.2154
24.534 0.2156
24.576 0.2158
24.614 0.216
24.635 0.2162
24.636 0.2164
24.666 0.2166
24.791 0.2168
24.796 0.217
24.805 0.2172
24.892 0.2174
24.918 0.2176
24.979 0.2178
24.993 0.218
24.997 0.2182
25.02 0.2184
25.032 0.2186
25.041 0.2188
25.078 0.219
25.096 0.2192
25.123 0.2194
25.131 0.2196
25.154 0.2198
25.174 0.22
25.184 0.2202
25.201 0.2204
25.217 0.2206
25.225 0.2208
25.242 0.221
25.243 0.2212
25.25 0.2214
25.32 0.2216
25.443 0.2218
25.474 0.222
25.474 0.2222
25.49 0.2224
25.511 0.2226
25.589 0.2228
25.636 0.223
25.708 0.2232
25.716 0.2234
25.745 0.2236
25.746 0.2238
25.746 0.224
25.795 0.2242
25.819 0.2244
25.821 0.2246
25.823 0.2248
25.853 0.225
25.86 0.2252
25.871 0.2254
25.878 0.2256
25.878 0.2258
25.879 0.226
25.898 0.2262
25.932 0.2264
25.946 0.2266
26.017 0.2268
26.018 0.227
26.024 0.2272
26.066 0.2274
26.08 0.2276
26.105 0.2278
26.121 0.228
26.129 0.2282
26.152 0.2284
26.158 0.2286
26.164 0.2288
26.169 0.229
26.182 0.2292
26.192 0.2294
26.203 0.2296
26.258 0.2298
26.339 0.23
26.349 0.2302
26.349 0.2304
26.371 0.2306
26.404 0.2308
26.412 0.231
26.427 0.2312
26.491 0.2314
26.528 0.2316
26.531 0.2318
26.563 0.232
26.582 0.2322
26.585 0.2324
26.611 0.2326
26.623 0.2328
26.642 0.233
26.653 0.2332
26.713 0.2334
26.724 0.2336
26.785 0.2338
26.8 0.234
26.822 0.2342
26.822 0.2344
26.837 0.2346
26.864 0.2348
26.918 0.235
26.963 0.2352
26.967 0.2354
27.036 0.2356
27.065 0.2358
27.102 0.236
27.105 0.2362
27.13 0.2364
27.154 0.2366
27.168 0.2368
27.236 0.237
27.241 0.2372
27.256 0.2374
27.406 0.2376
27.439 0.2378
27.44 0.238
27.458 0.2382
27.541 0.2384
27.57 0.2386
27.615 0.2388
27.616 0.239
27.633 0.2392
27.673 0.2394
27.693 0.2396
27.713 0.2398
27.728 0.24
27.741 0.2402
27.757 0.2404
27.79 0.2406
27.802 0.2408
27.808 0.241
27.838 0.2412
27.884 0.2414
27.943 0.2416
27.984 0.2418
27.988 0.242
27.996 0.2422
28.003 0.2424
28.012 0.2426
28.015 0.2428
28.045 0.243
28.047 0.2432
28.062 0.2434
28.086 0.2436
28.135 0.2438
28.19 0.244
28.197 0.2442
28.233 0.2444
28.236 0.2446
28.319 0.2448
28.333 0.245
28.334 0.2452
28.335 0.2454
28.389 0.2456
28.39 0.2458
28.421 0.246
28.426 0.2462
28.433 0.2464
28.45 0.2466
28.453 0.2468
28.472 0.247
28.482 0.2472
28.482 0.2474
28.515 0.2476
28.519 0.2478
28.53 0.248
28.53 0.2482
28.614 0.2484
28.668 0.2486
28.675 0.2488
28.689 0.249
28.725 0.2492
28.753 0.2494
28.777 0.2496
28.803 0.2498
28.819 0.25
28.828 0.2502
28.94 0.2504
29.014 0.2506
29.02 0.2508
29.03 0.251
29.067 0.2512
29.159 0.2514
29.225 0.2516
29.384 0.2518
29.384 0.252
29.386 0.2522
29.403 0.2524
29.413 0.2526
29.414 0.2528
29.508 0.253
29.526 0.2532
29.538 0.2534
29.539 0.2536
29.541 0.2538
29.559 0.254
29.618 0.2542
29.631 0.2544
29.634 0.2546
29.679 0.2548
29.68 0.255
29.731 0.2552
29.787 0.2554
29.822 0.2556
29.836 0.2558
29.963 0.256
29.967 0.2562
29.99 0.2564
29.993 0.2566
30.006 0.2568
30.011 0.257
30.017 0.2572
30.039 0.2574
30.043 0.2576
30.053 0.2578
30.071 0.258
30.077 0.2582
30.077 0.2584
30.093 0.2586
30.151 0.2588
30.196 0.259
30.231 0.2592
30.239 0.2594
30.311 0.2596
30.314 0.2598
30.401 0.26
30.407 0.2602
30.418 0.2604
30.431 0.2606
30.44 0.2608
30.465 0.261
30.469 0.2612
30.511 0.2614
30.513 0.2616
30.517 0.2618
30.562 0.262
30.594 0.2622
30.628 0.2624
30.705 0.2626
30.758 0.2628
30.783 0.263
30.806 0.2632
30.845 0.2634
30.895 0.2636
30.899 0.2638
30.909 0.264
30.975 0.2642
30.979 0.2644
31.012 0.2646
31.061 0.2648
31.155 0.265
31.193 0.2652
31.196 0.2654
31.204 0.2656
31.238 0.2658
31.257 0.266
31.269 0.2662
31.279 0.2664
31.322 0.2666
31.478 0.2668
31.519 0.267
31.524 0.2672
31.539 0.2674
31.542 0.2676
31.545 0.2678
31.558 0.268
31.59 0.2682
31.598 0.2684
31.603 0.2686
31.609 0.2688
31.612 0.269
31.666 0.2692
31.694 0.2694
31.702 0.2696
31.737 0.2698
31.739 0.27
31.764 0.2702
31.768 0.2704
31.784 0.2706
31.784 0.2708
31.808 0.271
31.835 0.2712
31.84 0.2714
31.851 0.2716
31.86 0.2718
31.912 0.272
31.919 0.2722
31.922 0.2724
31.923 0.2726
31.931 0.2728
32.003 0.273
32.067 0.2732
32.098 0.2734
32.128 0.2736
32.173 0.2738
32.271 0.274
32.334 0.2742
32.335 0.2744
32.362 0.2746
32.38 0.2748
32.407 0.275
32.429 0.2752
32.52 0.2754
32.549 0.2756
32.58 0.2758
32.628 0.276
32.659 0.2762
32.68 0.2764
32.692 0.2766
32.806 0.2768
32.849 0.277
32.869 0.2772
32.873 0.2774
32.9 0.2776
32.997 0.2778
33.038 0.278
33.051 0.2782
33.111 0.2784
33.197 0.2786
33.226 0.2788
33.234 0.279
33.251 0.2792
33.289 0.2794
33.332 0.2796
33.388 0.2798
33.389 0.28
33.426 0.2802
33.453 0.2804
33.461 0.2806
33.465 0.2808
33.548 0.281
33.597 0.2812
33.607 0.2814
33.662 0.2816
33.684 0.2818
33.688 0.282
33.694 0.2822
33.746 0.2824
33.799 0.2826
33.805 0.2828
33.851 0.283
33.876 0.2832
33.887 0.2834
33.931 0.2836
33.95 0.2838
33.953 0.284
33.973 0.2842
33.99 0.2844
34.004 0.2846
34.005 0.2848
34.007 0.285
34.025 0.2852
34.05 0.2854
34.077 0.2856
34.079 0.2858
34.132 0.286
34.211 0.2862
34.315 0.2864
34.328 0.2866
34.383 0.2868
34.483 0.287
34.517 0.2872
34.619 0.2874
34.748 0.2876
34.781 0.2878
34.789 0.288
34.822 0.2882
34.822 0.2884
34.835 0.2886
34.842 0.2888
34.853 0.289
34.875 0.2892
34.883 0.2894
34.913 0.2896
34.921 0.2898
34.934 0.29
34.984 0.2902
34.999 0.2904
35.008 0.2906
35.061 0.2908
35.073 0.291
35.16 0.2912
35.164 0.2914
35.186 0.2916
35.225 0.2918
35.242 0.292
35.246 0.2922
35.285 0.2924
35.362 0.2926
35.43 0.2928
35.514 0.293
35.523 0.2932
35.534 0.2934
35.55 0.2936
35.55 0.2938
35.567 0.294
35.569 0.2942
35.623 0.2944
35.684 0.2946
35.707 0.2948
35.823 0.295
35.915 0.2952
35.989 0.2954
36.008 0.2956
36.015 0.2958
36.072 0.296
36.137 0.2962
36.236 0.2964
36.252 0.2966
36.304 0.2968
36.376 0.297
36.387 0.2972
36.389 0.2974
36.401 0.2976
36.43 0.2978
36.48 0.298
36.48 0.2982
36.531 0.2984
36.555 0.2986
36.56 0.2988
36.561 0.299
36.633 0.2992
36.681 0.2994
36.721 0.2996
36.723 0.2998
36.728 0.3
36.87 0.3002
36.883 0.3004
36.912 0.3006
36.929 0.3008
36.964 0.301
36.977 0.3012
37.007 0.3014
37.022 0.3016
37.072 0.3018
37.104 0.302
37.195 0.3022
37.203 0.3024
37.248 0.3026
37.272 0.3028
37.284 0.303
37.286 0.3032
37.293 0.3034
37.331 0.3036
37.338 0.3038
37.349 0.304
37.377 0.3042
37.387 0.3044
37.391 0.3046
37.428 0.3048
37.451 0.305
37.453 0.3052
37.488 0.3054
37.527 0.3056
37.597 0.3058
37.66 0.306
37.67 0.3062
37.707 0.3064
37.713 0.3066
37.739 0.3068
37.755 0.307
37.784 0.3072
37.801 0.3074
37.804 0.3076
37.827 0.3078
37.848 0.308
37.904 0.3082
37.912 0.3084
37.953 0.3086
37.959 0.3088
37.986 0.309
38.005 0.3092
38.096 0.3094
38.115 0.3096
38.126 0.3098
38.143 0.31
38.187 0.3102
38.219 0.3104
38.239 0.3106
38.325 0.3108
38.33 0.311
38.352 0.3112
38.392 0.3114
38.423 0.3116
38.523 0.3118
38.544 0.312
38.568 0.3122
38.589 0.3124
38.598 0.3126
38.6 0.3128
38.638 0.313
38.64 0.3132
38.646 0.3134
38.672 0.3136
38.691 0.3138
38.698 0.314
38.707 0.3142
38.71 0.3144
38.741 0.3146
38.804 0.3148
38.807 0.315
38.905 0.3152
38.991 0.3154
39.011 0.3156
39.022 0.3158
39.031 0.316
39.033 0.3162
39.1 0.3164
39.103 0.3166
39.105 0.3168
39.106 0.317
39.111 0.3172
39.132 0.3174
39.161 0.3176
39.162 0.3178
39.181 0.318
39.181 0.3182
39.184 0.3184
39.19 0.3186
39.213 0.3188
39.304 0.319
39.328 0.3192
39.404 0.3194
39.411 0.3196
39.419 0.3198
39.476 0.32
39.483 0.3202
39.504 0.3204
39.524 0.3206
39.589 0.3208
39.609 0.321
39.622 0.3212
39.63 0.3214
39.689 0.3216
39.694 0.3218
39.697 0.322
39.712 0.3222
39.718 0.3224
39.73 0.3226
39.745 0.3228
39.782 0.323
39.851 0.3232
39.909 0.3234
39.933 0.3236
39.947 0.3238
39.948 0.324
39.974 0.3242
40.012 0.3244
40.045 0.3246
40.048 0.3248
40.059 0.325
40.069 0.3252
40.078 0.3254
40.119 0.3256
40.175 0.3258
40.211 0.326
40.226 0.3262
40.29 0.3264
40.302 0.3266
40.353 0.3268
40.384 0.327
40.447 0.3272
40.471 0.3274
40.528 0.3276
40.558 0.3278
40.634 0.328
40.688 0.3282
40.691 0.3284
40.755 0.3286
40.775 0.3288
40.818 0.329
40.879 0.3292
40.895 0.3294
40.951 0.3296
40.964 0.3298
40.984 0.33
40.986 0.3302
40.987 0.3304
40.988 0.3306
40.999 0.3308
41.007 0.331
41.007 0.3312
41.01 0.3314
41.025 0.3316
41.046 0.3318
41.092 0.332
41.117 0.3322
41.144 0.3324
41.26 0.3326
41.286 0.3328
41.317 0.333
41.323 0.3332
41.345 0.3334
41.347 0.3336
41.354 0.3338
41.38 0.334
41.383 0.3342
41.567 0.3344
41.595 0.3346
41.633 0.3348
41.653 0.335
41.674 0.3352
41.752 0.3354
41.754 0.3356
41.773 0.3358
41.845 0.336
41.888 0.3362
41.927 0.3364
41.966 0.3366
41.992 0.3368
42.001 0.337
42.004 0.3372
42.027 0.3374
42.035 0.3376
42.096 0.3378
42.117 0.338
42.121 0.3382
42.184 0.3384
42.19 0.3386
42.268 0.3388
42.297 0.339
42.33 0.3392
42.341 0.3394
42.366 0.3396
42.389 0.3398
42.429 0.34
42.498 0.3402
42.532 0.3404
42.541 0.3406
42.551 0.3408
42.553 0.341
42.587 0.3412
42.615 0.3414
42.661 0.3416
42.687 0.3418
42.716 0.342
42.724 0.3422
42.758 0.3424
42.762 0.3426
42.772 0.3428
42.773 0.343
42.798 0.3432
42.832 0.3434
42.866 0.3436
42.912 0.3438
42.921 0.344
42.98 0.3442
42.984 0.3444
42.987 0.3446
43.005 0.3448
43.033 0.345
43.037 0.3452
43.075 0.3454
43.095 0.3456
43.144 0.3458
43.181 0.346
43.227 0.3462
43.293 0.3464
43.385 0.3466
43.398 0.3468
43.406 0.347
43.437 0.3472
43.45 0.3474
43.547 0.3476
43.553 0.3478
43.659 0.348
43.695 0.3482
43.697 0.3484
43.718 0.3486
43.737 0.3488
43.756 0.349
43.791 0.3492
43.794 0.3494
43.796 0.3496
43.827 0.3498
43.834 0.35
43.84 0.3502
43.888 0.3504
43.915 0.3506
43.95 0.3508
43.95 0.351
43.958 0.3512
44 0.3514
44.021 0.3516
44.026 0.3518
44.042 0.352
44.07 0.3522
44.074 0.3524
44.087 0.3526
44.105 0.3528
44.122 0.353
44.188 0.3532
44.235 0.3534
44.239 0.3536
44.283 0.3538
44.322 0.354
44.329 0.3542
44.34 0.3544
44.345 0.3546
44.423 0.3548
44.478 0.355
44.504 0.3552
44.518 0.3554
44.529 0.3556
44.532 0.3558
44.552 0.356
44.592 0.3562
44.601 0.3564
44.611 0.3566
44.617 0.3568
44.676 0.357
44.891 0.3572
44.923 0.3574
44.955 0.3576
44.976 0.3578
45.004 0.358
45.02 0.3582
45.025 0.3584
45.031 0.3586
45.063 0.3588
45.125 0.359
45.14 0.3592
45.165 0.3594
45.221 0.3596
45.225 0.3598
45.247 0.36
45.254 0.3602
45.276 0.3604
45.277 0.3606
45.3 0.3608
45.322 0.361
45.369 0.3612
45.378 0.3614
45.382 0.3616
45.394 0.3618
45.49 0.362
45.495 0.3622
45.514 0.3624
45.527 0.3626
45.564 0.3628
45.619 0.363
45.62 0.3632
45.649 0.3634
45.652 0.3636
45.656 0.3638
45.668 0.364
45.669 0.3642
45.752 0.3644
45.808 0.3646
45.835 0.3648
45.855 0.365
45.89 0.3652
45.907 0.3654
45.914 0.3656
45.97 0.3658
46.003 0.366
46.011 0.3662
46.069 0.3664
46.08 0.3666
46.147 0.3668
46.151 0.367
46.155 0.3672
46.172 0.3674
46.185 0.3676
46.199 0.3678
46.376 0.368
46.42 0.3682
46.437 0.3684
46.516 0.3686
46.559 0.3688
46.597 0.369
46.604 0.3692
46.609 0.3694
46.651 0.3696
46.662 0.3698
46.705 0.37
46.716 0.3702
46.742 0.3704
46.791 0.3706
46.809 0.3708
46.825 0.371
46.832 0.3712
46.845 0.3714
46.857 0.3716
46.862 0.3718
46.914 0.372
46.929 0.3722
46.945 0.3724
47.114 0.3726
47.135 0.3728
47.209 0.373
47.241 0.3732
47.242 0.3734
47.277 0.3736
47.288 0.3738
47.43 0.374
47.432 0.3742
47.437 0.3744
47.479 0.3746
47.531 0.3748
47.598 0.375
47.61 0.3752
47.627 0.3754
47.635 0.3756
47.645 0.3758
47.657 0.376
47.711 0.3762
47.718 0.3764
47.812 0.3766
47.838 0.3768
47.862 0.377
47.911 0.3772
47.942 0.3774
47.98 0.3776
48.009 0.3778
48.054 0.378
48.061 0.3782
48.079 0.3784
48.098 0.3786
48.124 0.3788
48.217 0.379
48.311 0.3792
48.316 0.3794
48.332 0.3796
48.367 0.3798
48.38 0.38
48.422 0.3802
48.484 0.3804
48.503 0.3806
48.542 0.3808
48.567 0.381
48.585 0.3812
48.676 0.3814
48.695 0.3816
48.709 0.3818
48.746 0.382
48.827 0.3822
48.837 0.3824
48.849 0.3826
48.867 0.3828
48.877 0.383
48.92 0.3832
48.93 0.3834
48.946 0.3836
48.964 0.3838
48.992 0.384
49.025 0.3842
49.072 0.3844
49.099 0.3846
49.129 0.3848
49.135 0.385
49.142 0.3852
49.162 0.3854
49.178 0.3856
49.213 0.3858
49.267 0.386
49.293 0.3862
49.33 0.3864
49.335 0.3866
49.358 0.3868
49.38 0.387
49.41 0.3872
49.439 0.3874
49.469 0.3876
49.473 0.3878
49.486 0.388
49.513 0.3882
49.533 0.3884
49.562 0.3886
49.602 0.3888
49.652 0.389
49.697 0.3892
49.725 0.3894
49.751 0.3896
49.826 0.3898
49.836 0.39
49.839 0.3902
49.866 0.3904
49.97 0.3906
50.008 0.3908
50.119 0.391
50.121 0.3912
50.165 0.3914
50.258 0.3916
50.294 0.3918
50.311 0.392
50.33 0.3922
50.413 0.3924
50.476 0.3926
50.478 0.3928
50.488 0.393
50.547 0.3932
50.622 0.3934
50.64 0.3936
50.654 0.3938
50.689 0.394
50.691 0.3942
50.763 0.3944
50.796 0.3946
50.823 0.3948
50.84 0.395
50.853 0.3952
50.923 0.3954
50.96 0.3956
50.969 0.3958
50.991 0.396
51.04 0.3962
51.058 0.3964
51.13 0.3966
51.151 0.3968
51.159 0.397
51.187 0.3972
51.206 0.3974
51.215 0.3976
51.222 0.3978
51.245 0.398
51.255 0.3982
51.394 0.3984
51.433 0.3986
51.45 0.3988
51.457 0.399
51.475 0.3992
51.568 0.3994
51.684 0.3996
51.698 0.3998
51.702 0.4
51.766 0.4002
51.837 0.4004
51.844 0.4006
51.868 0.4008
51.878 0.401
51.926 0.4012
52.027 0.4014
52.068 0.4016
52.098 0.4018
52.134 0.402
52.136 0.4022
52.18 0.4024
52.185 0.4026
52.225 0.4028
52.27 0.403
52.283 0.4032
52.294 0.4034
52.294 0.4036
52.295 0.4038
52.297 0.404
52.319 0.4042
52.363 0.4044
52.396 0.4046
52.454 0.4048
52.571 0.405
52.578 0.4052
52.605 0.4054
52.635 0.4056
52.663 0.4058
52.68 0.406
52.802 0.4062
52.87 0.4064
52.873 0.4066
52.885 0.4068
52.902 0.407
52.935 0.4072
52.941 0.4074
52.991 0.4076
53.051 0.4078
53.127 0.408
53.127 0.4082
53.128 0.4084
53.134 0.4086
53.141 0.4088
53.198 0.409
53.285 0.4092
53.303 0.4094
53.309 0.4096
53.327 0.4098
53.446 0.41
53.45 0.4102
53.464 0.4104
53.471 0.4106
53.495 0.4108
53.52 0.411
53.549 0.4112
53.567 0.4114
53.647 0.4116
53.672 0.4118
53.681 0.412
53.688 0.4122
53.698 0.4124
53.7 0.4126
53.747 0.4128
53.75 0.413
53.781 0.4132
53.782 0.4134
53.792 0.4136
53.798 0.4138
53.851 0.414
53.873 0.4142
53.891 0.4144
53.893 0.4146
53.917 0.4148
53.953 0.415
53.992 0.4152
54.172 0.4154
54.226 0.4156
54.232 0.4158
54.258 0.416
54.271 0.4162
54.401 0.4164
54.46 0.4166
54.468 0.4168
54.514 0.417
54.519 0.4172
54.531 0.4174
54.571 0.4176
54.603 0.4178
54.614 0.418
54.645 0.4182
54.67 0.4184
54.681 0.4186
54.725 0.4188
54.748 0.419
54.842 0.4192
54.927 0.4194
54.982 0.4196
54.993 0.4198
55.052 0.42
55.056 0.4202
55.079 0.4204
55.128 0.4206
55.129 0.4208
55.129 0.421
55.147 0.4212
55.152 0.4214
55.193 0.4216
55.37 0.4218
55.376 0.422
55.431 0.4222
55.467 0.4224
55.475 0.4226
55.528 0.4228
55.531 0.423
55.65 0.4232
55.676 0.4234
55.728 0.4236
55.733 0.4238
55.81 0.424
55.83 0.4242
55.859 0.4244
55.904 0.4246
55.917 0.4248
55.924 0.425
55.937 0.4252
55.941 0.4254
55.944 0.4256
55.962 0.4258
55.967 0.426
56.032 0.4262
56.053 0.4264
56.054 0.4266
56.061 0.4268
56.136 0.427
56.212 0.4272
56.224 0.4274
56.333 0.4276
56.381 0.4278
56.39 0.428
56.398 0.4282
56.449 0.4284
56.468 0.4286
56.506 0.4288
56.513 0.429
56.56 0.4292
56.58 0.4294
56.589 0.4296
56.591 0.4298
56.604 0.43
56.682 0.4302
56.69 0.4304
56.696 0.4306
56.716 0.4308
56.725 0.431
56.753 0.4312
56.773 0.4314
56.837 0.4316
56.898 0.4318
56.953 0.432
56.989 0.4322
57.052 0.4324
57.192 0.4326
57.274 0.4328
57.349 0.433
57.353 0.4332
57.371 0.4334
57.402 0.4336
57.533 0.4338
57.534 0.434
57.582 0.4342
57.597 0.4344
57.597 0.4346
57.682 0.4348
57.696 0.435
57.727 0.4352
57.75 0.4354
57.762 0.4356
57.766 0.4358
57.788 0.436
57.807 0.4362
57.809 0.4364
57.867 0.4366
57.904 0.4368
57.936 0.437
57.956 0.4372
57.966 0.4374
58.011 0.4376
58.043 0.4378
58.191 0.438
58.193 0.4382
58.201 0.4384
58.267 0.4386
58.268 0.4388
58.295 0.439
58.307 0.4392
58.359 0.4394
58.376 0.4396
58.411 0.4398
58.468 0.44
58.541 0.4402
58.57 0.4404
58.643 0.4406
58.685 0.4408
58.715 0.441
58.722 0.4412
58.82 0.4414
58.857 0.4416
58.877 0.4418
58.881 0.442
58.934 0.4422
58.969 0.4424
59.23 0.4426
59.241 0.4428
59.315 0.443
59.317 0.4432
59.345 0.4434
59.351 0.4436
59.397 0.4438
59.426 0.444
59.43 0.4442
59.469 0.4444
59.476 0.4446
59.55 0.4448
59.592 0.445
59.64 0.4452
59.646 0.4454
59.652 0.4456
59.687 0.4458
59.693 0.446
59.705 0.4462
59.794 0.4464
59.822 0.4466
59.848 0.4468
59.887 0.447
59.907 0.4472
59.927 0.4474
59.947 0.4476
59.962 0.4478
59.991 0.448
59.994 0.4482
59.999 0.4484
60.041 0.4486
60.053 0.4488
60.072 0.449
60.098 0.4492
60.177 0.4494
60.187 0.4496
60.228 0.4498
60.251 0.45
60.351 0.4502
60.379 0.4504
60.413 0.4506
60.463 0.4508
60.471 0.451
60.505 0.4512
60.52 0.4514
60.565 0.4516
60.571 0.4518
60.598 0.452
60.678 0.4522
60.696 0.4524
60.71 0.4526
60.745 0.4528
60.863 0.453
60.88 0.4532
60.883 0.4534
60.885 0.4536
60.982 0.4538
61.037 0.454
61.044 0.4542
61.109 0.4544
61.118 0.4546
61.127 0.4548
61.134 0.455
61.173 0.4552
61.184 0.4554
61.206 0.4556
61.207 0.4558
61.327 0.456
61.339 0.4562
61.382 0.4564
61.446 0.4566
61.562 0.4568
61.572 0.457
61.632 0.4572
61.683 0.4574
61.733 0.4576
61.744 0.4578
61.747 0.458
61.796 0.4582
61.85 0.4584
61.853 0.4586
61.886 0.4588
61.946 0.459
62.025 0.4592
62.054 0.4594
62.223 0.4596
62.305 0.4598
62.31 0.46
62.376 0.4602
62.408 0.4604
62.44 0.4606
62.474 0.4608
62.476 0.461
62.492 0.4612
62.493 0.4614
62.516 0.4616
62.574 0.4618
62.592 0.462
62.63 0.4622
62.64 0.4624
62.646 0.4626
62.687 0.4628
62.752 0.463
62.767 0.4632
62.781 0.4634
62.852 0.4636
62.868 0.4638
62.872 0.464
62.909 0.4642
62.921 0.4644
62.977 0.4646
63.008 0.4648
63.024 0.465
63.084 0.4652
63.095 0.4654
63.167 0.4656
63.248 0.4658
63.252 0.466
63.253 0.4662
63.266 0.4664
63.339 0.4666
63.512 0.4668
63.52 0.467
63.539 0.4672
63.539 0.4674
63.555 0.4676
63.562 0.4678
63.657 0.468
63.676 0.4682
63.761 0.4684
63.79 0.4686
63.885 0.4688
64.006 0.469
64.009 0.4692
64.022 0.4694
64.025 0.4696
64.033 0.4698
64.122 0.47
64.157 0.4702
64.218 0.4704
64.226 0.4706
64.272 0.4708
64.312 0.471
64.314 0.4712
64.34 0.4714
64.384 0.4716
64.404 0.4718
64.418 0.472
64.527 0.4722
64.535 0.4724
64.675 0.4726
64.738 0.4728
64.771 0.473
64.8 0.4732
64.814 0.4734
64.834 0.4736
64.838 0.4738
64.899 0.474
64.956 0.4742
64.977 0.4744
65.006 0.4746
65.088 0.4748
65.103 0.475
65.119 0.4752
65.119 0.4754
65.171 0.4756
65.196 0.4758
65.2 0.476
65.298 0.4762
65.338 0.4764
65.357 0.4766
65.382 0.4768
65.427 0.477
65.485 0.4772
65.495 0.4774
65.499 0.4776
65.632 0.4778
65.714 0.478
65.77 0.4782
65.873 0.4784
65.9 0.4786
65.921 0.4788
65.947 0.479
65.98 0.4792
65.984 0.4794
66.008 0.4796
66.024 0.4798
66.026 0.48
66.075 0.4802
66.145 0.4804
66.19 0.4806
66.253 0.4808
66.275 0.481
66.33 0.4812
66.33 0.4814
66.334 0.4816
66.37 0.4818
66.436 0.482
66.495 0.4822
66.502 0.4824
66.538 0.4826
66.573 0.4828
66.602 0.483
66.649 0.4832
66.659 0.4834
66.66 0.4836
66.678 0.4838
66.694 0.484
66.748 0.4842
66.772 0.4844
66.794 0.4846
66.8 0.4848
66.823 0.485
66.906 0.4852
66.936 0.4854
66.953 0.4856
66.958 0.4858
67.004 0.486
67.094 0.4862
67.101 0.4864
67.136 0.4866
67.157 0.4868
67.199 0.487
67.242 0.4872
67.31 0.4874
67.328 0.4876
67.394 0.4878
67.421 0.488
67.425 0.4882
67.455 0.4884
67.485 0.4886
67.496 0.4888
67.501 0.489
67.51 0.4892
67.548 0.4894
67.599 0.4896
67.654 0.4898
67.674 0.49
67.701 0.4902
67.734 0.4904
67.75 0.4906
67.84 0.4908
67.849 0.491
67.86 0.4912
67.917 0.4914
67.968 0.4916
67.98 0.4918
68.05 0.492
68.151 0.4922
68.158 0.4924
68.205 0.4926
68.23 0.4928
68.257 0.493
68.288 0.4932
68.49 0.4934
68.492 0.4936
68.534 0.4938
68.67 0.494
68.752 0.4942
68.832 0.4944
68.858 0.4946
68.865 0.4948
68.906 0.495
68.924 0.4952
68.965 0.4954
68.99 0.4956
69.031 0.4958
69.049 0.496
69.112 0.4962
69.133 0.4964
69.158 0.4966
69.175 0.4968
69.212 0.497
69.268 0.4972
69.278 0.4974
69.298 0.4976
69.305 0.4978
69.314 0.498
69.385 0.4982
69.399 0.4984
69.434 0.4986
69.519 0.4988
69.552 0.499
69.592 0.4992
69.648 0.4994
69.649 0.4996
69.695 0.4998
69.769 0.5
69.831 0.5002
69.833 0.5004
69.856 0.5006
69.875 0.5008
69.919 0.501
69.922 0.5012
69.976 0.5014
69.981 0.5016
70.052 0.5018
70.08 0.502
70.089 0.5022
70.195 0.5024
70.205 0.5026
70.22 0.5028
70.234 0.503
70.238 0.5032
70.309 0.5034
70.379 0.5036
70.403 0.5038
70.41 0.504
70.452 0.5042
70.55 0.5044
70.566 0.5046
70.666 0.5048
70.793 0.505
70.83 0.5052
70.881 0.5054
70.885 0.5056
70.89 0.5058
70.904 0.506
70.915 0.5062
70.956 0.5064
70.973 0.5066
70.991 0.5068
70.998 0.507
71.022 0.5072
71.105 0.5074
71.11 0.5076
71.133 0.5078
71.151 0.508
71.163 0.5082
71.174 0.5084
71.254 0.5086
71.269 0.5088
71.349 0.509
71.355 0.5092
71.387 0.5094
71.408 0.5096
71.45 0.5098
71.48 0.51
71.579 0.5102
71.7 0.5104
71.752 0.5106
71.858 0.5108
71.862 0.511
71.872 0.5112
71.944 0.5114
71.96 0.5116
71.96 0.5118
71.996 0.512
72.115 0.5122
72.352 0.5124
72.356 0.5126
72.365 0.5128
72.491 0.513
72.562 0.5132
72.659 0.5134
72.662 0.5136
72.745 0.5138
72.783 0.514
72.791 0.5142
72.843 0.5144
72.885 0.5146
72.94 0.5148
72.941 0.515
72.98 0.5152
73.026 0.5154
73.095 0.5156
73.141 0.5158
73.19 0.516
73.219 0.5162
73.332 0.5164
73.336 0.5166
73.357 0.5168
73.371 0.517
73.411 0.5172
73.508 0.5174
73.609 0.5176
73.699 0.5178
73.712 0.518
73.733 0.5182
73.849 0.5184
73.886 0.5186
73.888 0.5188
73.906 0.519
73.913 0.5192
73.944 0.5194
73.974 0.5196
73.989 0.5198
74.047 0.52
74.048 0.5202
74.08 0.5204
74.145 0.5206
74.174 0.5208
74.185 0.521
74.324 0.5212
74.423 0.5214
74.427 0.5216
74.523 0.5218
74.551 0.522
74.562 0.5222
74.567 0.5224
74.59 0.5226
74.645 0.5228
74.676 0.523
74.722 0.5232
74.757 0.5234
74.877 0.5236
74.97 0.5238
75.02 0.524
75.025 0.5242
75.043 0.5244
75.055 0.5246
75.154 0.5248
75.158 0.525
75.179 0.5252
75.183 0.5254
75.249 0.5256
75.252 0.5258
75.276 0.526
75.351 0.5262
75.357 0.5264
75.385 0.5266
75.433 0.5268
75.433 0.527
75.441 0.5272
75.446 0.5274
75.519 0.5276
75.574 0.5278
75.623 0.528
75.72 0.5282
75.748 0.5284
75.755 0.5286
75.864 0.5288
75.952 0.529
75.953 0.5292
75.956 0.5294
75.961 0.5296
76.045 0.5298
76.07 0.53
76.1 0.5302
76.123 0.5304
76.17 0.5306
76.211 0.5308
76.223 0.531
76.235 0.5312
76.276 0.5314
76.3 0.5316
76.324 0.5318
76.412 0.532
76.493 0.5322
76.497 0.5324
76.528 0.5326
76.576 0.5328
76.636 0.533
76.688 0.5332
76.721 0.5334
76.754 0.5336
76.896 0.5338
76.912 0.534
76.913 0.5342
76.942 0.5344
77.015 0.5346
77.092 0.5348
77.147 0.535
77.174 0.5352
77.223 0.5354
77.239 0.5356
77.303 0.5358
77.316 0.536
77.409 0.5362
77.563 0.5364
77.613 0.5366
77.64 0.5368
77.764 0.537
77.816 0.5372
77.934 0.5374
77.956 0.5376
77.972 0.5378
77.987 0.538
78.04 0.5382
78.053 0.5384
78.065 0.5386
78.073 0.5388
78.085 0.539
78.136 0.5392
78.172 0.5394
78.195 0.5396
78.217 0.5398
78.223 0.54
78.367 0.5402
78.415 0.5404
78.457 0.5406
78.502 0.5408
78.601 0.541
78.657 0.5412
78.689 0.5414
78.701 0.5416
78.712 0.5418
78.712 0.542
78.724 0.5422
78.8 0.5424
78.833 0.5426
78.857 0.5428
78.873 0.543
78.877 0.5432
78.9 0.5434
78.918 0.5436
78.945 0.5438
79.033 0.544
79.072 0.5442
79.184 0.5444
79.188 0.5446
79.191 0.5448
79.202 0.545
79.248 0.5452
79.267 0.5454
79.319 0.5456
79.35 0.5458
79.371 0.546
79.384 0.5462
79.406 0.5464
79.454 0.5466
79.502 0.5468
79.505 0.547
79.683 0.5472
79.72 0.5474
79.751 0.5476
79.8 0.5478
79.821 0.548
79.836 0.5482
79.907 0.5484
79.952 0.5486
80.229 0.5488
80.238 0.549
80.29 0.5492
80.442 0.5494
80.478 0.5496
80.484 0.5498
80.556 0.55
80.586 0.5502
80.65 0.5504
80.652 0.5506
80.79 0.5508
80.87 0.551
81.006 0.5512
81.069 0.5514
81.118 0.5516
81.124 0.5518
81.224 0.552
81.265 0.5522
81.299 0.5524
81.304 0.5526
81.378 0.5528
81.383 0.553
81.409 0.5532
81.546 0.5534
81.554 0.5536
81.56 0.5538
81.568 0.554
81.622 0.5542
81.63 0.5544
81.653 0.5546
81.659 0.5548
81.698 0.555
81.795 0.5552
81.84 0.5554
81.89 0.5556
81.894 0.5558
81.93 0.556
81.979 0.5562
81.98 0.5564
81.991 0.5566
82.01 0.5568
82.019 0.557
82.032 0.5572
82.054 0.5574
82.055 0.5576
82.069 0.5578
82.103 0.558
82.163 0.5582
82.179 0.5584
82.189 0.5586
82.294 0.5588
82.302 0.559
82.309 0.5592
82.396 0.5594
82.403 0.5596
82.472 0.5598
82.509 0.56
82.51 0.5602
82.585 0.5604
82.598 0.5606
82.606 0.5608
82.637 0.561
82.8 0.5612
82.928 0.5614
82.955 0.5616
82.968 0.5618
83.057 0.562
83.069 0.5622
83.175 0.5624
83.208 0.5626
83.38 0.5628
83.421 0.563
83.429 0.5632
83.438 0.5634
83.484 0.5636
83.523 0.5638
83.564 0.564
83.583 0.5642
83.598 0.5644
83.749 0.5646
83.871 0.5648
83.871 0.565
83.978 0.5652
83.979 0.5654
84 0.5656
84.038 0.5658
84.056 0.566
84.176 0.5662
84.337 0.5664
84.384 0.5666
84.388 0.5668
84.426 0.567
84.46 0.5672
84.475 0.5674
84.536 0.5676
84.562 0.5678
84.668 0.568
84.675 0.5682
84.712 0.5684
84.742 0.5686
84.839 0.5688
84.894 0.569
84.915 0.5692
84.967 0.5694
85.002 0.5696
85.022 0.5698
85.057 0.57
85.072 0.5702
85.082 0.5704
85.172 0.5706
85.22 0.5708
85.228 0.571
85.375 0.5712
85.381 0.5714
85.403 0.5716
85.452 0.5718
85.537 0.572
85.558 0.5722
85.622 0.5724
85.664 0.5726
85.682 0.5728
85.802 0.573
85.834 0.5732
85.865 0.5734
85.899 0.5736
85.905 0.5738
85.93 0.574
86.073 0.5742
86.23 0.5744
86.281 0.5746
86.374 0.5748
86.397 0.575
86.464 0.5752
86.482 0.5754
86.505 0.5756
86.568 0.5758
86.607 0.576
86.622 0.5762
86.673 0.5764
86.679 0.5766
86.685 0.5768
86.866 0.577
86.905 0.5772
86.906 0.5774
86.907 0.5776
86.951 0.5778
86.951 0.578
87.083 0.5782
87.085 0.5784
87.102 0.5786
87.144 0.5788
87.188 0.579
87.204 0.5792
87.301 0.5794
87.322 0.5796
87.547 0.5798
87.571 0.58
87.786 0.5802
87.876 0.5804
87.919 0.5806
87.931 0.5808
87.937 0.581
87.978 0.5812
87.978 0.5814
88.03 0.5816
88.102 0.5818
88.122 0.582
88.166 0.5822
88.262 0.5824
88.347 0.5826
88.371 0.5828
88.431 0.583
88.435 0.5832
88.46 0.5834
88.538 0.5836
88.541 0.5838
88.616 0.584
88.636 0.5842
88.657 0.5844
88.694 0.5846
88.75 0.5848
88.766 0.585
88.807 0.5852
88.853 0.5854
88.879 0.5856
89.004 0.5858
89.03 0.586
89.078 0.5862
89.163 0.5864
89.21 0.5866
89.232 0.5868
89.267 0.587
89.336 0.5872
89.344 0.5874
89.44 0.5876
89.447 0.5878
89.452 0.588
89.459 0.5882
89.558 0.5884
89.582 0.5886
89.629 0.5888
89.644 0.589
89.658 0.5892
89.666 0.5894
89.699 0.5896
89.735 0.5898
89.789 0.59
89.824 0.5902
89.874 0.5904
89.966 0.5906
90.059 0.5908
90.114 0.591
90.171 0.5912
90.172 0.5914
90.198 0.5916
90.236 0.5918
90.405 0.592
90.425 0.5922
90.493 0.5924
90.535 0.5926
90.553 0.5928
90.562 0.593
90.605 0.5932
90.612 0.5934
90.645 0.5936
90.689 0.5938
90.806 0.594
90.821 0.5942
90.873 0.5944
90.905 0.5946
90.998 0.5948
91.136 0.595
91.136 0.5952
91.139 0.5954
91.141 0.5956
91.152 0.5958
91.158 0.596
91.187 0.5962
91.206 0.5964
91.216 0.5966
91.264 0.5968
91.321 0.597
91.412 0.5972
91.499 0.5974
91.589 0.5976
91.592 0.5978
91.726 0.598
91.847 0.5982
91.984 0.5984
92.021 0.5986
92.124 0.5988
92.224 0.599
92.231 0.5992
92.24 0.5994
92.241 0.5996
92.262 0.5998
92.29 0.6
92.299 0.6002
92.337 0.6004
92.34 0.6006
92.401 0.6008
92.435 0.601
92.659 0.6012
92.693 0.6014
92.806 0.6016
92.817 0.6018
92.832 0.602
92.89 0.6022
92.91 0.6024
92.944 0.6026
92.966 0.6028
93.078 0.603
93.111 0.6032
93.202 0.6034
93.206 0.6036
93.22 0.6038
93.419 0.604
93.439 0.6042
93.492 0.6044
93.497 0.6046
93.539 0.6048
93.549 0.605
93.551 0.6052
93.6 0.6054
93.664 0.6056
93.765 0.6058
93.801 0.606
93.819 0.6062
93.822 0.6064
93.866 0.6066
93.943 0.6068
94.013 0.607
94.089 0.6072
94.093 0.6074
94.142 0.6076
94.152 0.6078
94.528 0.608
94.649 0.6082
94.651 0.6084
94.666 0.6086
94.73 0.6088
94.794 0.609
94.857 0.6092
94.86 0.6094
94.87 0.6096
95.165 0.6098
95.216 0.61
95.272 0.6102
95.286 0.6104
95.336 0.6106
95.377 0.6108
95.415 0.611
95.491 0.6112
95.521 0.6114
95.565 0.6116
95.594 0.6118
95.657 0.612
95.899 0.6122
95.924 0.6124
95.979 0.6126
96.007 0.6128
96.098 0.613
96.106 0.6132
96.162 0.6134
96.244 0.6136
96.291 0.6138
96.348 0.614
96.37 0.6142
96.457 0.6144
96.475 0.6146
96.574 0.6148
96.585 0.615
96.656 0.6152
96.682 0.6154
96.71 0.6156
96.84 0.6158
96.853 0.616
96.9 0.6162
96.966 0.6164
97.027 0.6166
97.059 0.6168
97.071 0.617
97.09 0.6172
97.162 0.6174
97.2 0.6176
97.243 0.6178
97.318 0.618
97.33 0.6182
97.336 0.6184
97.389 0.6186
97.398 0.6188
97.405 0.619
97.45 0.6192
97.458 0.6194
97.459 0.6196
97.48 0.6198
97.525 0.62
97.639 0.6202
97.656 0.6204
97.693 0.6206
97.738 0.6208
97.742 0.621
97.799 0.6212
97.799 0.6214
97.845 0.6216
97.86 0.6218
97.933 0.622
97.935 0.6222
97.943 0.6224
98.206 0.6226
98.294 0.6228
98.319 0.623
98.368 0.6232
98.398 0.6234
98.471 0.6236
98.479 0.6238
98.551 0.624
98.577 0.6242
98.599 0.6244
98.641 0.6246
98.686 0.6248
98.728 0.625
98.746 0.6252
98.757 0.6254
98.855 0.6256
98.856 0.6258
98.87 0.626
98.874 0.6262
98.96 0.6264
99.002 0.6266
99.046 0.6268
99.06 0.627
99.264 0.6272
99.288 0.6274
99.335 0.6276
99.364 0.6278
99.372 0.628
99.591 0.6282
99.606 0.6284
99.608 0.6286
99.639 0.6288
99.646 0.629
99.803 0.6292
99.888 0.6294
99.964 0.6296
99.975 0.6298
100.02 0.63
100.14 0.6302
100.28 0.6304
100.29 0.6306
100.4 0.6308
100.43 0.631
100.49 0.6312
100.52 0.6314
100.57 0.6316
100.66 0.6318
100.77 0.632
100.84 0.6322
100.96 0.6324
101.2 0.6326
101.21 0.6328
101.23 0.633
101.24 0.6332
101.41 0.6334
101.44 0.6336
101.49 0.6338
101.52 0.634
101.6 0.6342
101.64 0.6344
101.64 0.6346
101.74 0.6348
101.83 0.635
101.84 0.6352
101.86 0.6354
101.92 0.6356
101.98 0.6358
102.01 0.636
102.06 0.6362
102.07 0.6364
102.47 0.6366
102.53 0.6368
102.55 0.637
102.56 0.6372
102.57 0.6374
102.6 0.6376
102.69 0.6378
102.74 0.638
102.77 0.6382
102.84 0.6384
102.89 0.6386
102.9 0.6388
103.08 0.639
103.08 0.6392
103.19 0.6394
103.29 0.6396
103.3 0.6398
103.36 0.64
103.43 0.6402
103.44 0.6404
103.58 0.6406
103.6 0.6408
103.63 0.641
103.65 0.6412
103.74 0.6414
103.76 0.6416
103.77 0.6418
103.8 0.642
103.83 0.6422
103.91 0.6424
103.98 0.6426
103.98 0.6428
104.07 0.643
104.17 0.6432
104.4 0.6434
104.41 0.6436
104.56 0.6438
104.67 0.644
104.8 0.6442
104.82 0.6444
104.89 0.6446
104.93 0.6448
104.94 0.645
105 0.6452
105 0.6454
105.14 0.6456
105.18 0.6458
105.18 0.646
105.21 0.6462
105.35 0.6464
105.36 0.6466
105.39 0.6468
105.54 0.647
105.54 0.6472
105.74 0.6474
105.76 0.6476
105.83 0.6478
105.97 0.648
106.06 0.6482
106.08 0.6484
106.08 0.6486
106.1 0.6488
106.14 0.649
106.31 0.6492
106.32 0.6494
106.4 0.6496
106.43 0.6498
106.52 0.65
106.52 0.6502
106.54 0.6504
106.56 0.6506
106.62 0.6508
106.66 0.651
106.88 0.6512
106.88 0.6514
106.92 0.6516
107.08 0.6518
107.09 0.652
107.11 0.6522
107.23 0.6524
107.34 0.6526
107.38 0.6528
107.42 0.653
107.5 0.6532
107.53 0.6534
107.55 0.6536
107.59 0.6538
107.62 0.654
107.62 0.6542
107.71 0.6544
107.84 0.6546
107.88 0.6548
107.94 0.655
108.06 0.6552
108.08 0.6554
108.1 0.6556
108.15 0.6558
108.15 0.656
108.22 0.6562
108.29 0.6564
108.33 0.6566
108.36 0.6568
108.42 0.657
108.48 0.6572
108.49 0.6574
108.53 0.6576
108.59 0.6578
108.65 0.658
108.77 0.6582
108.77 0.6584
108.82 0.6586
108.84 0.6588
108.89 0.659
108.93 0.6592
108.96 0.6594
108.98 0.6596
109.03 0.6598
109.07 0.66
109.22 0.6602
109.25 0.6604
109.32 0.6606
109.46 0.6608
109.47 0.661
109.59 0.6612
109.63 0.6614
109.73 0.6616
109.82 0.6618
109.85 0.662
109.87 0.6622
109.89 0.6624
109.91 0.6626
109.91 0.6628
109.91 0.663
110.03 0.6632
110.03 0.6634
110.09 0.6636
110.17 0.6638
110.22 0.664
110.23 0.6642
110.29 0.6644
110.38 0.6646
110.44 0.6648
110.5 0.665
110.53 0.6652
110.55 0.6654
110.61 0.6656
110.62 0.6658
110.71 0.666
110.74 0.6662
110.8 0.6664
110.8 0.6666
110.89 0.6668
110.89 0.667
110.94 0.6672
111.08 0.6674
111.09 0.6676
111.16 0.6678
111.19 0.668
111.2 0.6682
111.27 0.6684
111.4 0.6686
111.41 0.6688
111.59 0.669
111.73 0.6692
111.92 0.6694
111.94 0.6696
112.16 0.6698
112.25 0.67
112.27 0.6702
112.38 0.6704
112.38 0.6706
112.39 0.6708
112.42 0.671
112.59 0.6712
112.7 0.6714
112.93 0.6716
113.07 0.6718
113.12 0.672
113.14 0.6722
113.15 0.6724
113.17 0.6726
113.25 0.6728
113.6 0.673
113.62 0.6732
113.77 0.6734
114.02 0.6736
114.09 0.6738
114.11 0.674
114.12 0.6742
114.21 0.6744
114.26 0.6746
114.3 0.6748
114.31 0.675
114.39 0.6752
114.51 0.6754
114.51 0.6756
114.55 0.6758
114.56 0.676
114.68 0.6762
114.71 0.6764
114.78 0.6766
114.83 0.6768
114.84 0.677
114.91 0.6772
115.18 0.6774
115.22 0.6776
115.25 0.6778
115.36 0.678
115.43 0.6782
115.48 0.6784
115.51 0.6786
115.53 0.6788
115.55 0.679
115.81 0.6792
116.04 0.6794
116.17 0.6796
116.18 0.6798
116.24 0.68
116.29 0.6802
116.31 0.6804
116.33 0.6806
116.36 0.6808
116.44 0.681
116.55 0.6812
116.59 0.6814
116.65 0.6816
116.76 0.6818
116.83 0.682
116.93 0.6822
117.13 0.6824
117.17 0.6826
117.18 0.6828
117.22 0.683
117.23 0.6832
117.39 0.6834
117.45 0.6836
117.5 0.6838
117.54 0.684
117.6 0.6842
117.6 0.6844
117.61 0.6846
117.65 0.6848
117.69 0.685
117.69 0.6852
117.74 0.6854
117.79 0.6856
117.81 0.6858
117.83 0.686
117.83 0.6862
117.87 0.6864
117.89 0.6866
117.89 0.6868
117.92 0.687
117.98 0.6872
118.18 0.6874
118.18 0.6876
118.23 0.6878
118.23 0.688
118.36 0.6882
118.38 0.6884
118.4 0.6886
118.44 0.6888
118.47 0.689
118.6 0.6892
118.61 0.6894
118.67 0.6896
118.77 0.6898
118.84 0.69
118.85 0.6902
118.87 0.6904
118.88 0.6906
119.06 0.6908
119.07 0.691
119.11 0.6912
119.14 0.6914
119.22 0.6916
119.3 0.6918
119.51 0.692
119.55 0.6922
119.56 0.6924
119.64 0.6926
119.81 0.6928
119.9 0.693
119.99 0.6932
120 0.6934
120.02 0.6936
120.05 0.6938
120.12 0.694
120.13 0.6942
120.14 0.6944
120.18 0.6946
120.2 0.6948
120.2 0.695
120.2 0.6952
120.29 0.6954
120.45 0.6956
120.52 0.6958
120.62 0.696
120.75 0.6962
120.76 0.6964
120.79 0.6966
120.81 0.6968
120.91 0.697
120.98 0.6972
121.03 0.6974
121.09 0.6976
121.25 0.6978
121.29 0.698
121.39 0.6982
121.41 0.6984
121.43 0.6986
121.45 0.6988
121.67 0.699
121.7 0.6992
121.8 0.6994
121.8 0.6996
121.86 0.6998
121.87 0.7
121.91 0.7002
121.99 0.7004
122.02 0.7006
122.05 0.7008
122.13 0.701
122.18 0.7012
122.2 0.7014
122.3 0.7016
122.36 0.7018
122.4 0.702
122.41 0.7022
122.52 0.7024
122.53 0.7026
122.59 0.7028
122.62 0.703
122.64 0.7032
122.69 0.7034
122.77 0.7036
122.87 0.7038
122.91 0.704
123.09 0.7042
123.31 0.7044
123.39 0.7046
123.41 0.7048
123.46 0.705
123.48 0.7052
123.5 0.7054
123.56 0.7056
123.58 0.7058
123.65 0.706
123.66 0.7062
123.66 0.7064
123.78 0.7066
123.88 0.7068
123.99 0.707
124.34 0.7072
124.36 0.7074
124.38 0.7076
124.46 0.7078
124.53 0.708
124.67 0.7082
124.69 0.7084
124.7 0.7086
124.74 0.7088
124.76 0.709
124.77 0.7092
124.99 0.7094
125.01 0.7096
125.02 0.7098
125.18 0.71
125.2 0.7102
125.27 0.7104
125.28 0.7106
125.33 0.7108
125.39 0.711
125.6 0.7112
125.68 0.7114
125.75 0.7116
125.78 0.7118
125.79 0.712
125.92 0.7122
126.03 0.7124
126.09 0.7126
126.11 0.7128
126.23 0.713
126.29 0.7132
126.29 0.7134
126.35 0.7136
126.36 0.7138
126.49 0.714
126.59 0.7142
126.59 0.7144
126.69 0.7146
126.75 0.7148
126.94 0.715
126.99 0.7152
127.16 0.7154
127.18 0.7156
127.24 0.7158
127.24 0.716
127.37 0.7162
127.54 0.7164
127.68 0.7166
127.75 0.7168
127.84 0.717
127.9 0.7172
127.95 0.7174
127.96 0.7176
127.98 0.7178
128.07 0.718
128.1 0.7182
128.12 0.7184
128.16 0.7186
128.22 0.7188
128.29 0.719
128.39 0.7192
128.5 0.7194
128.59 0.7196
128.69 0.7198
128.72 0.72
128.73 0.7202
128.93 0.7204
129.04 0.7206
129.04 0.7208
129.07 0.721
129.08 0.7212
129.12 0.7214
129.16 0.7216
129.2 0.7218
129.34 0.722
129.35 0.7222
129.44 0.7224
129.47 0.7226
129.54 0.7228
129.56 0.723
129.64 0.7232
129.64 0.7234
129.7 0.7236
129.77 0.7238
129.85 0.724
129.93 0.7242
129.99 0.7244
130.01 0.7246
130.07 0.7248
130.1 0.725
130.18 0.7252
130.21 0.7254
130.5 0.7256
130.54 0.7258
130.62 0.726
130.7 0.7262
130.74 0.7264
130.75 0.7266
130.86 0.7268
130.91 0.727
130.94 0.7272
130.97 0.7274
131.1 0.7276
131.25 0.7278
131.26 0.728
131.29 0.7282
131.48 0.7284
131.5 0.7286
131.62 0.7288
131.67 0.729
131.68 0.7292
131.84 0.7294
131.96 0.7296
131.96 0.7298
131.99 0.73
132 0.7302
132 0.7304
132 0.7306
132.01 0.7308
132.1 0.731
132.2 0.7312
132.26 0.7314
132.29 0.7316
132.51 0.7318
132.55 0.732
132.58 0.7322
132.59 0.7324
132.71 0.7326
133.02 0.7328
133.11 0.733
133.16 0.7332
133.2 0.7334
133.25 0.7336
133.3 0.7338
133.32 0.734
133.32 0.7342
133.32 0.7344
133.34 0.7346
133.53 0.7348
133.56 0.735
133.68 0.7352
133.69 0.7354
133.97 0.7356
134.03 0.7358
134.08 0.736
134.14 0.7362
134.18 0.7364
134.2 0.7366
134.24 0.7368
134.27 0.737
134.33 0.7372
134.35 0.7374
134.37 0.7376
134.42 0.7378
134.56 0.738
134.72 0.7382
134.72 0.7384
134.9 0.7386
134.9 0.7388
134.98 0.739
135.06 0.7392
135.1 0.7394
135.1 0.7396
135.16 0.7398
135.27 0.74
135.33 0.7402
135.33 0.7404
135.38 0.7406
135.4 0.7408
135.56 0.741
135.68 0.7412
135.72 0.7414
135.72 0.7416
135.72 0.7418
135.77 0.742
135.83 0.7422
135.93 0.7424
136.02 0.7426
136.07 0.7428
136.09 0.743
136.1 0.7432
136.1 0.7434
136.17 0.7436
136.22 0.7438
136.43 0.744
136.47 0.7442
136.59 0.7444
136.65 0.7446
136.71 0.7448
136.72 0.745
136.74 0.7452
136.78 0.7454
136.87 0.7456
137.01 0.7458
137.07 0.746
137.14 0.7462
137.31 0.7464
137.35 0.7466
137.37 0.7468
137.38 0.747
137.49 0.7472
137.56 0.7474
137.63 0.7476
137.87 0.7478
138.01 0.748
138.03 0.7482
138.07 0.7484
138.08 0.7486
138.13 0.7488
138.28 0.749
138.39 0.7492
138.54 0.7494
138.63 0.7496
139.06 0.7498
139.08 0.75
139.18 0.7502
139.2 0.7504
139.22 0.7506
139.22 0.7508
139.24 0.751
139.34 0.7512
139.37 0.7514
139.52 0.7516
139.66 0.7518
139.67 0.752
139.81 0.7522
139.81 0.7524
139.85 0.7526
139.91 0.7528
139.98 0.753
140.02 0.7532
140.05 0.7534
140.07 0.7536
140.12 0.7538
140.17 0.754
140.17 0.7542
140.25 0.7544
140.36 0.7546
140.4 0.7548
140.42 0.755
140.62 0.7552
140.64 0.7554
140.68 0.7556
140.94 0.7558
141.02 0.756
141.11 0.7562
141.52 0.7564
141.54 0.7566
141.65 0.7568
141.78 0.757
141.87 0.7572
141.92 0.7574
141.98 0.7576
142 0.7578
142.13 0.758
142.41 0.7582
142.5 0.7584
142.63 0.7586
142.7 0.7588
142.72 0.759
142.94 0.7592
143.1 0.7594
143.32 0.7596
143.34 0.7598
143.53 0.76
143.59 0.7602
143.94 0.7604
144.12 0.7606
144.29 0.7608
144.42 0.761
144.44 0.7612
144.49 0.7614
144.55 0.7616
144.62 0.7618
144.64 0.762
144.73 0.7622
144.8 0.7624
144.97 0.7626
145.01 0.7628
145.02 0.763
145.14 0.7632
145.15 0.7634
145.47 0.7636
145.52 0.7638
145.55 0.764
145.62 0.7642
145.92 0.7644
145.94 0.7646
145.95 0.7648
146.05 0.765
146.25 0.7652
146.32 0.7654
146.43 0.7656
146.46 0.7658
146.62 0.766
146.93 0.7662
146.93 0.7664
146.96 0.7666
147.01 0.7668
147.12 0.767
147.15 0.7672
147.22 0.7674
147.4 0.7676
147.42 0.7678
147.43 0.768
147.51 0.7682
147.55 0.7684
147.57 0.7686
147.72 0.7688
147.74 0.769
147.86 0.7692
147.88 0.7694
147.93 0.7696
148.08 0.7698
148.08 0.77
148.15 0.7702
148.16 0.7704
148.25 0.7706
148.25 0.7708
148.42 0.771
148.52 0.7712
148.56 0.7714
148.69 0.7716
148.95 0.7718
149 0.772
149.08 0.7722
149.12 0.7724
149.14 0.7726
149.18 0.7728
149.23 0.773
149.28 0.7732
149.34 0.7734
149.34 0.7736
149.41 0.7738
149.46 0.774
149.53 0.7742
149.57 0.7744
149.58 0.7746
149.71 0.7748
149.9 0.775
149.98 0.7752
150.02 0.7754
150.07 0.7756
150.26 0.7758
150.26 0.776
150.3 0.7762
150.45 0.7764
150.63 0.7766
150.86 0.7768
150.87 0.777
150.89 0.7772
150.95 0.7774
151.1 0.7776
151.27 0.7778
151.48 0.778
151.64 0.7782
151.66 0.7784
151.73 0.7786
151.9 0.7788
151.92 0.779
151.92 0.7792
152 0.7794
152.23 0.7796
152.34 0.7798
152.38 0.78
152.66 0.7802
152.76 0.7804
152.83 0.7806
153.12 0.7808
153.13 0.781
153.34 0.7812
153.47 0.7814
153.47 0.7816
154.18 0.7818
154.19 0.782
154.32 0.7822
154.37 0.7824
154.47 0.7826
154.51 0.7828
154.59 0.783
154.66 0.7832
154.71 0.7834
154.71 0.7836
154.73 0.7838
155.03 0.784
155.26 0.7842
155.33 0.7844
155.4 0.7846
155.46 0.7848
155.53 0.785
155.56 0.7852
155.66 0.7854
155.68 0.7856
155.75 0.7858
155.79 0.786
155.79 0.7862
155.84 0.7864
155.89 0.7866
155.9 0.7868
155.95 0.787
155.96 0.7872
155.99 0.7874
156 0.7876
156.04 0.7878
156.07 0.788
156.2 0.7882
156.31 0.7884
156.32 0.7886
156.4 0.7888
156.43 0.789
156.5 0.7892
156.66 0.7894
156.66 0.7896
156.81 0.7898
156.85 0.79
156.92 0.7902
156.98 0.7904
157.02 0.7906
157.07 0.7908
157.15 0.791
157.19 0.7912
157.61 0.7914
157.78 0.7916
157.85 0.7918
158.02 0.792
158.12 0.7922
158.46 0.7924
158.48 0.7926
158.5 0.7928
158.55 0.793
158.9 0.7932
159.05 0.7934
159.3 0.7936
159.44 0.7938
159.55 0.794
159.55 0.7942
159.65 0.7944
159.7 0.7946
159.72 0.7948
159.78 0.795
159.8 0.7952
160.03 0.7954
160.14 0.7956
160.15 0.7958
160.25 0.796
160.47 0.7962
160.58 0.7964
160.67 0.7966
160.67 0.7968
160.74 0.797
160.84 0.7972
160.86 0.7974
160.96 0.7976
161.1 0.7978
161.17 0.798
161.19 0.7982
161.23 0.7984
161.28 0.7986
161.38 0.7988
161.43 0.799
161.6 0.7992
161.6 0.7994
161.72 0.7996
161.99 0.7998
162.18 0.8
162.21 0.8002
162.32 0.8004
162.44 0.8006
162.48 0.8008
162.86 0.801
162.87 0.8012
162.91 0.8014
163.04 0.8016
163.17 0.8018
163.25 0.802
163.48 0.8022
163.57 0.8024
163.59 0.8026
163.67 0.8028
163.74 0.803
164.14 0.8032
164.25 0.8034
164.29 0.8036
164.3 0.8038
164.34 0.804
164.48 0.8042
164.62 0.8044
164.72 0.8046
164.89 0.8048
165.31 0.805
165.39 0.8052
165.42 0.8054
165.52 0.8056
165.71 0.8058
165.95 0.806
165.98 0.8062
166.15 0.8064
166.15 0.8066
166.21 0.8068
166.55 0.807
166.57 0.8072
166.69 0.8074
166.95 0.8076
167.02 0.8078
167.06 0.808
167.48 0.8082
167.64 0.8084
167.73 0.8086
167.79 0.8088
167.79 0.809
167.84 0.8092
167.88 0.8094
168.5 0.8096
168.53 0.8098
168.59 0.81
168.67 0.8102
168.82 0.8104
168.9 0.8106
169.01 0.8108
169.12 0.811
169.17 0.8112
169.17 0.8114
169.38 0.8116
169.44 0.8118
169.56 0.812
169.7 0.8122
169.91 0.8124
169.97 0.8126
169.98 0.8128
170 0.813
170.04 0.8132
170.04 0.8134
170.1 0.8136
170.16 0.8138
170.3 0.814
170.41 0.8142
170.54 0.8144
170.65 0.8146
170.69 0.8148
170.76 0.815
170.77 0.8152
171.02 0.8154
171.04 0.8156
171.11 0.8158
171.15 0.816
171.17 0.8162
171.35 0.8164
171.36 0.8166
171.37 0.8168
171.4 0.817
171.84 0.8172
171.84 0.8174
171.98 0.8176
172.1 0.8178
172.28 0.818
172.46 0.8182
172.65 0.8184
172.69 0.8186
172.89 0.8188
172.91 0.819
172.94 0.8192
173.11 0.8194
173.24 0.8196
173.32 0.8198
173.38 0.82
173.45 0.8202
173.5 0.8204
173.64 0.8206
173.71 0.8208
173.77 0.821
173.82 0.8212
173.9 0.8214
174.12 0.8216
174.42 0.8218
174.46 0.822
174.77 0.8222
174.85 0.8224
174.95 0.8226
175.04 0.8228
175.05 0.823
175.05 0.8232
175.12 0.8234
175.3 0.8236
175.35 0.8238
175.73 0.824
175.99 0.8242
176.03 0.8244
176.17 0.8246
176.24 0.8248
176.42 0.825
176.55 0.8252
176.57 0.8254
176.69 0.8256
176.8 0.8258
177.12 0.826
177.16 0.8262
177.19 0.8264
177.26 0.8266
177.4 0.8268
177.56 0.827
177.6 0.8272
177.87 0.8274
178.02 0.8276
178.02 0.8278
178.05 0.828
178.09 0.8282
178.24 0.8284
178.27 0.8286
178.31 0.8288
178.49 0.829
178.52 0.8292
178.59 0.8294
178.88 0.8296
178.93 0.8298
179.11 0.83
179.36 0.8302
179.38 0.8304
179.75 0.8306
179.78 0.8308
179.9 0.831
179.94 0.8312
180.09 0.8314
180.23 0.8316
180.34 0.8318
180.36 0.832
180.39 0.8322
180.51 0.8324
180.6 0.8326
180.79 0.8328
180.88 0.833
180.92 0.8332
180.92 0.8334
181.26 0.8336
181.38 0.8338
181.44 0.834
181.46 0.8342
181.95 0.8344
182.16 0.8346
182.26 0.8348
182.29 0.835
182.29 0.8352
182.32 0.8354
182.35 0.8356
182.46 0.8358
182.51 0.836
182.65 0.8362
182.81 0.8364
183.27 0.8366
183.32 0.8368
183.37 0.837
183.42 0.8372
183.43 0.8374
183.48 0.8376
183.57 0.8378
183.62 0.838
183.62 0.8382
183.67 0.8384
183.7 0.8386
184.03 0.8388
184.08 0.839
184.17 0.8392
184.23 0.8394
184.29 0.8396
184.31 0.8398
184.39 0.84
184.66 0.8402
184.81 0.8404
184.99 0.8406
185.19 0.8408
185.3 0.841
185.33 0.8412
185.33 0.8414
185.43 0.8416
185.62 0.8418
185.67 0.842
185.81 0.8422
185.99 0.8424
186.13 0.8426
186.18 0.8428
186.36 0.843
186.41 0.8432
186.56 0.8434
186.76 0.8436
186.78 0.8438
186.98 0.844
187.02 0.8442
187.07 0.8444
187.21 0.8446
187.24 0.8448
187.47 0.845
187.56 0.8452
187.61 0.8454
187.71 0.8456
187.76 0.8458
187.79 0.846
187.89 0.8462
188.01 0.8464
188.05 0.8466
188.11 0.8468
188.17 0.847
188.28 0.8472
188.3 0.8474
188.54 0.8476
188.63 0.8478
188.63 0.848
188.83 0.8482
188.84 0.8484
188.9 0.8486
189.21 0.8488
189.34 0.849
189.37 0.8492
189.38 0.8494
190.26 0.8496
190.26 0.8498
190.29 0.85
190.33 0.8502
190.38 0.8504
190.54 0.8506
190.55 0.8508
190.68 0.851
190.98 0.8512
191.08 0.8514
191.29 0.8516
191.33 0.8518
191.53 0.852
191.53 0.8522
191.6 0.8524
191.61 0.8526
191.63 0.8528
191.72 0.853
191.84 0.8532
191.84 0.8534
192.01 0.8536
192.19 0.8538
192.25 0.854
192.37 0.8542
192.57 0.8544
192.68 0.8546
192.83 0.8548
192.86 0.855
192.88 0.8552
193.08 0.8554
193.2 0.8556
193.34 0.8558
193.42 0.856
193.45 0.8562
193.62 0.8564
194.44 0.8566
194.5 0.8568
194.51 0.857
194.87 0.8572
195.03 0.8574
195.19 0.8576
195.33 0.8578
195.66 0.858
195.76 0.8582
195.86 0.8584
196.08 0.8586
196.21 0.8588
196.36 0.859
196.82 0.8592
196.83 0.8594
196.88 0.8596
196.89 0.8598
196.95 0.86
197.1 0.8602
197.16 0.8604
197.19 0.8606
197.38 0.8608
197.64 0.861
197.66 0.8612
197.79 0.8614
197.82 0.8616
197.89 0.8618
198.19 0.862
198.52 0.8622
198.66 0.8624
198.74 0.8626
198.78 0.8628
199.37 0.863
199.4 0.8632
199.48 0.8634
199.68 0.8636
199.7 0.8638
199.95 0.864
200.24 0.8642
200.27 0.8644
200.46 0.8646
200.64 0.8648
200.66 0.865
200.69 0.8652
200.74 0.8654
201.36 0.8656
201.8 0.8658
201.81 0.866
201.83 0.8662
202.16 0.8664
202.21 0.8666
202.4 0.8668
202.41 0.867
202.47 0.8672
203 0.8674
203.08 0.8676
203.32 0.8678
203.38 0.868
203.51 0.8682
203.56 0.8684
203.8 0.8686
203.87 0.8688
203.9 0.869
204.49 0.8692
205.81 0.8694
206.24 0.8696
206.25 0.8698
206.28 0.87
206.33 0.8702
206.44 0.8704
206.84 0.8706
206.85 0.8708
206.88 0.871
207.16 0.8712
207.17 0.8714
207.37 0.8716
207.52 0.8718
207.63 0.872
207.94 0.8722
208.05 0.8724
208.12 0.8726
208.63 0.8728
208.69 0.873
208.7 0.8732
209.26 0.8734
209.33 0.8736
209.46 0.8738
209.51 0.874
209.72 0.8742
209.73 0.8744
209.81 0.8746
209.82 0.8748
209.83 0.875
209.85 0.8752
209.89 0.8754
210.03 0.8756
210.14 0.8758
210.24 0.876
210.39 0.8762
210.43 0.8764
210.46 0.8766
210.55 0.8768
210.57 0.877
210.6 0.8772
210.63 0.8774
210.66 0.8776
211.02 0.8778
211.06 0.878
211.37 0.8782
211.62 0.8784
211.92 0.8786
212.12 0.8788
212.33 0.879
212.47 0.8792
212.8 0.8794
212.81 0.8796
213.2 0.8798
213.23 0.88
213.26 0.8802
213.43 0.8804
213.67 0.8806
214.34 0.8808
214.44 0.881
214.67 0.8812
214.89 0.8814
214.98 0.8816
215.05 0.8818
215.09 0.882
215.18 0.8822
215.23 0.8824
215.38 0.8826
215.56 0.8828
215.79 0.883
215.98 0.8832
216.06 0.8834
216.15 0.8836
216.19 0.8838
216.26 0.884
216.42 0.8842
216.46 0.8844
217.02 0.8846
217.32 0.8848
217.43 0.885
217.85 0.8852
217.94 0.8854
218.01 0.8856
218.06 0.8858
218.11 0.886
218.15 0.8862
218.22 0.8864
218.34 0.8866
218.36 0.8868
218.52 0.887
218.54 0.8872
218.81 0.8874
218.92 0.8876
218.94 0.8878
218.99 0.888
219.46 0.8882
219.63 0.8884
219.66 0.8886
220.06 0.8888
220.23 0.889
220.37 0.8892
220.55 0.8894
220.63 0.8896
220.76 0.8898
220.9 0.89
220.93 0.8902
220.96 0.8904
221.38 0.8906
221.48 0.8908
221.7 0.891
222.36 0.8912
222.92 0.8914
222.94 0.8916
223.2 0.8918
223.43 0.892
223.81 0.8922
223.89 0.8924
223.89 0.8926
224.66 0.8928
224.66 0.893
224.86 0.8932
224.89 0.8934
225.17 0.8936
225.42 0.8938
225.65 0.894
225.79 0.8942
225.84 0.8944
225.89 0.8946
226.04 0.8948
226.15 0.895
226.2 0.8952
226.23 0.8954
226.51 0.8956
226.57 0.8958
226.8 0.896
227.06 0.8962
227.14 0.8964
227.19 0.8966
227.21 0.8968
227.23 0.897
227.36 0.8972
227.62 0.8974
227.87 0.8976
228.15 0.8978
228.35 0.898
228.49 0.8982
228.67 0.8984
228.72 0.8986
229.1 0.8988
229.15 0.899
229.31 0.8992
229.37 0.8994
229.52 0.8996
229.87 0.8998
229.92 0.9
230.17 0.9002
230.39 0.9004
230.42 0.9006
230.74 0.9008
231.11 0.901
231.18 0.9012
231.4 0.9014
231.7 0.9016
232.01 0.9018
232.39 0.902
232.54 0.9022
232.59 0.9024
233.03 0.9026
233.39 0.9028
233.53 0.903
233.57 0.9032
233.61 0.9034
233.75 0.9036
233.79 0.9038
234.08 0.904
234.1 0.9042
234.72 0.9044
234.8 0.9046
234.81 0.9048
234.81 0.905
235.37 0.9052
235.41 0.9054
235.85 0.9056
236.42 0.9058
236.63 0.906
236.78 0.9062
236.9 0.9064
237.03 0.9066
237.03 0.9068
237.24 0.907
237.27 0.9072
237.37 0.9074
237.53 0.9076
237.69 0.9078
237.74 0.908
238.24 0.9082
238.35 0.9084
238.62 0.9086
238.76 0.9088
238.91 0.909
239.17 0.9092
239.39 0.9094
239.39 0.9096
239.78 0.9098
240.31 0.91
240.96 0.9102
241.11 0.9104
241.15 0.9106
241.28 0.9108
241.36 0.911
241.74 0.9112
242.23 0.9114
242.26 0.9116
242.35 0.9118
242.51 0.912
242.92 0.9122
243.38 0.9124
243.51 0.9126
243.6 0.9128
243.73 0.913
243.76 0.9132
243.76 0.9134
243.78 0.9136
244.18 0.9138
244.59 0.914
244.8 0.9142
244.82 0.9144
245.33 0.9146
245.83 0.9148
245.85 0.915
246.13 0.9152
246.13 0.9154
246.25 0.9156
246.79 0.9158
247.18 0.916
247.43 0.9162
247.66 0.9164
247.9 0.9166
248.57 0.9168
248.58 0.917
248.75 0.9172
248.76 0.9174
248.83 0.9176
249.03 0.9178
249.28 0.918
249.61 0.9182
250.32 0.9184
251.56 0.9186
251.71 0.9188
252.2 0.919
252.22 0.9192
252.81 0.9194
253.06 0.9196
253.17 0.9198
253.18 0.92
253.37 0.9202
253.6 0.9204
254.06 0.9206
254.17 0.9208
254.24 0.921
254.38 0.9212
254.57 0.9214
255.19 0.9216
255.91 0.9218
256.03 0.922
256.13 0.9222
256.21 0.9224
256.25 0.9226
256.32 0.9228
256.92 0.923
257.17 0.9232
257.44 0.9234
258.68 0.9236
258.9 0.9238
259.11 0.924
259.31 0.9242
259.48 0.9244
259.74 0.9246
259.96 0.9248
260 0.925
260.06 0.9252
260.44 0.9254
260.69 0.9256
260.7 0.9258
260.79 0.926
260.84 0.9262
261.21 0.9264
261.4 0.9266
261.87 0.9268
263.29 0.927
263.6 0.9272
263.67 0.9274
263.71 0.9276
264.3 0.9278
264.77 0.928
264.95 0.9282
265 0.9284
265 0.9286
265.39 0.9288
265.55 0.929
265.77 0.9292
265.85 0.9294
266.22 0.9296
266.4 0.9298
266.48 0.93
266.77 0.9302
267.87 0.9304
267.96 0.9306
268.11 0.9308
268.54 0.931
268.69 0.9312
269.07 0.9314
269.3 0.9316
269.73 0.9318
269.8 0.932
269.95 0.9322
270.65 0.9324
270.69 0.9326
270.92 0.9328
271.03 0.933
271.04 0.9332
271.38 0.9334
271.72 0.9336
272.14 0.9338
272.41 0.934
272.46 0.9342
272.99 0.9344
273.04 0.9346
273.05 0.9348
273.33 0.935
273.43 0.9352
273.58 0.9354
273.7 0.9356
274 0.9358
274.52 0.936
275.13 0.9362
275.65 0.9364
276.16 0.9366
276.21 0.9368
276.22 0.937
276.28 0.9372
276.39 0.9374
276.46 0.9376
276.47 0.9378
276.68 0.938
277.43 0.9382
277.62 0.9384
277.64 0.9386
277.99 0.9388
278.11 0.939
278.91 0.9392
279.53 0.9394
280.35 0.9396
280.69 0.9398
280.72 0.94
281.17 0.9402
281.17 0.9404
281.69 0.9406
281.89 0.9408
283.21 0.941
283.27 0.9412
283.32 0.9414
283.52 0.9416
283.65 0.9418
283.89 0.942
284.37 0.9422
284.68 0.9424
284.92 0.9426
285.34 0.9428
285.34 0.943
285.38 0.9432
285.42 0.9434
285.74 0.9436
286.07 0.9438
286.58 0.944
286.61 0.9442
286.77 0.9444
287.57 0.9446
287.63 0.9448
287.8 0.945
287.87 0.9452
287.92 0.9454
288.2 0.9456
288.49 0.9458
289.14 0.946
289.83 0.9462
290.38 0.9464
290.62 0.9466
290.77 0.9468
291.37 0.947
292.48 0.9472
292.7 0.9474
292.96 0.9476
293.45 0.9478
293.75 0.948
293.75 0.9482
294.45 0.9484
294.47 0.9486
294.76 0.9488
295.31 0.949
296.2 0.9492
296.35 0.9494
296.79 0.9496
298.81 0.9498
299.25 0.95
299.3 0.9502
299.77 0.9504
300.5 0.9506
300.64 0.9508
300.69 0.951
301.17 0.9512
301.5 0.9514
301.53 0.9516
301.61 0.9518
301.69 0.952
302.18 0.9522
303.2 0.9524
303.48 0.9526
303.58 0.9528
303.85 0.953
303.89 0.9532
304.19 0.9534
305 0.9536
306.09 0.9538
306.26 0.954
306.36 0.9542
307.7 0.9544
307.73 0.9546
308.32 0.9548
308.39 0.955
309.38 0.9552
310.04 0.9554
310.58 0.9556
310.78 0.9558
311.27 0.956
311.49 0.9562
311.51 0.9564
312.12 0.9566
312.4 0.9568
312.44 0.957
312.8 0.9572
313.06 0.9574
313.55 0.9576
313.89 0.9578
313.89 0.958
314.73 0.9582
315.11 0.9584
315.21 0.9586
315.21 0.9588
316.05 0.959
316.18 0.9592
316.29 0.9594
316.3 0.9596
316.6 0.9598
316.68 0.96
316.88 0.9602
318.43 0.9604
319.51 0.9606
321.98 0.9608
323.85 0.961
324 0.9612
325.23 0.9614
325.66 0.9616
326.69 0.9618
326.84 0.962
327.14 0.9622
328.21 0.9624
328.6 0.9626
328.68 0.9628
329 0.963
329.67 0.9632
329.74 0.9634
329.81 0.9636
332.07 0.9638
332.27 0.964
332.4 0.9642
333.28 0.9644
333.43 0.9646
333.58 0.9648
333.8 0.965
335.22 0.9652
336.76 0.9654
337.17 0.9656
338.04 0.9658
338.52 0.966
339.27 0.9662
342.42 0.9664
343.17 0.9666
343.25 0.9668
343.26 0.967
343.39 0.9672
345.56 0.9674
345.65 0.9676
345.79 0.9678
346.37 0.968
347.45 0.9682
347.56 0.9684
349.35 0.9686
350.85 0.9688
351.31 0.969
351.49 0.9692
351.5 0.9694
352.12 0.9696
354 0.9698
354.24 0.97
354.64 0.9702
354.76 0.9704
355.66 0.9706
356.37 0.9708
356.69 0.971
357.74 0.9712
359.15 0.9714
359.79 0.9716
360.08 0.9718
361.51 0.972
361.98 0.9722
362.45 0.9724
363.1 0.9726
363.67 0.9728
364.02 0.973
364.9 0.9732
366.57 0.9734
367.83 0.9736
367.91 0.9738
369.61 0.974
369.69 0.9742
371.22 0.9744
374.27 0.9746
376.05 0.9748
376.24 0.975
377.05 0.9752
380.23 0.9754
380.92 0.9756
382.08 0.9758
382.16 0.976
382.5 0.9762
382.63 0.9764
382.69 0.9766
382.9 0.9768
385.4 0.977
387.18 0.9772
388.07 0.9774
388.37 0.9776
389.27 0.9778
389.28 0.978
389.92 0.9782
391.76 0.9784
392.11 0.9786
393.22 0.9788
393.35 0.979
395.88 0.9792
397.02 0.9794
397.29 0.9796
398.09 0.9798
398.38 0.98
398.57 0.9802
398.59 0.9804
400.74 0.9806
401.68 0.9808
402.21 0.981
403.46 0.9812
404.39 0.9814
410.83 0.9816
410.85 0.9818
411.29 0.982
411.51 0.9822
411.74 0.9824
411.83 0.9826
413.4 0.9828
414.48 0.983
415.65 0.9832
419.36 0.9834
420.04 0.9836
420.85 0.9838
423.15 0.984
425.05 0.9842
428.68 0.9844
428.81 0.9846
429.03 0.9848
431.45 0.985
432.95 0.9852
436.18 0.9854
436.87 0.9856
438.48 0.9858
438.82 0.986
440.36 0.9862
441.31 0.9864
442.54 0.9866
444.92 0.9868
445.8 0.987
446.49 0.9872
450.94 0.9874
452.64 0.9876
454.33 0.9878
455.53 0.988
457.91 0.9882
459.65 0.9884
462.48 0.9886
464.85 0.9888
466.06 0.989
467.45 0.9892
469.03 0.9894
473.48 0.9896
474.37 0.9898
476.03 0.99
480.43 0.9902
482.35 0.9904
484.85 0.9906
485.31 0.9908
486.84 0.991
489.46 0.9912
492.27 0.9914
493.21 0.9916
495.39 0.9918
495.98 0.992
496.09 0.9922
496.95 0.9924
498.89 0.9926
500.4 0.9928
502.31 0.993
508.24 0.9932
519.44 0.9934
519.7 0.9936
522.6 0.9938
531.32 0.994
531.68 0.9942
533.51 0.9944
534.43 0.9946
537.81 0.9948
545.03 0.995
548.52 0.9952
554.76 0.9954
556.44 0.9956
558.44 0.9958
576.13 0.996
586.66 0.9962
599.39 0.9964
604.53 0.9966
605.05 0.9968
608.33 0.997
616.69 0.9972
633.4 0.9974
636.08 0.9976
638.44 0.9978
646.38 0.998
684.59 0.9982
685.2 0.9984
692.94 0.9986
739.73 0.9988
759.27 0.999
804.55 0.9992
809.51 0.9994
850.38 0.9996
865.94 0.9998
964.28 1
