1195 0.0049328
2302 0.0069884
1450 0.0073691
4313 0.011747
1530 0.10386
3038 0.11926
1643 0.12338
4255 0.14045
3350 0.14229
396 0.15128
3582 0.17277
2492 0.23894
4188 0.24186
2981 0.2748
4697 0.28685
3535 0.34624
628 0.35666
2503 0.36173
1617 0.37253
966 0.37535
1494 0.39435
317 0.44321
3746 0.45911
2497 0.46965
585 0.47482
2312 0.49272
914 0.517
3558 0.51996
3335 0.54073
4844 0.5516
4138 0.56814
68 0.61692
343 0.62918
4642 0.63211
1576 0.65714
4082 0.66705
1709 0.67051
1776 0.6775
4121 0.7154
1135 0.74401
591 0.75504
4813 0.79933
2720 0.80625
122 0.83845
2366 0.8497
3109 0.92913
2534 0.92982
2050 0.94229
4176 0.95003
3189 0.97594
1839 0.97966
3827 0.98918
4978 1.0119
2221 1.0428
1734 1.0473
3321 1.0495
3764 1.0541
1171 1.0652
3293 1.1073
1048 1.1154
4010 1.123
4050 1.1249
2173 1.1278
3298 1.1746
3716 1.1764
1057 1.2109
3858 1.2451
1614 1.2492
4991 1.2681
57 1.2811
1156 1.2923
4455 1.3042
1574 1.3436
915 1.3617
2555 1.3684
1474 1.4051
1783 1.4177
2640 1.4246
509 1.428
3172 1.4583
2725 1.4698
2797 1.4699
4990 1.4859
361 1.4949
3139 1.5141
2323 1.528
1257 1.5394
802 1.5691
2960 1.5889
1634 1.6168
1342 1.6745
3392 1.7039
3084 1.7773
2506 1.7859
4506 1.787
1197 1.8025
4230 1.8053
132 1.8071
1770 1.8472
4923 1.8547
1469 1.8718
4850 1.8861
1832 1.9736
2168 2.0018
2527 2.0247
3661 2.0328
4746 2.0915
372 2.1098
1529 2.1125
2080 2.1294
2031 2.1515
4918 2.1786
4801 2.2024
2363 2.2139
978 2.2336
3291 2.2377
1652 2.2409
3863 2.2473
29 2.2474
4282 2.2479
4667 2.2628
2839 2.3052
3943 2.3116
858 2.3344
1788 2.335
2616 2.3382
305 2.4375
4588 2.4517
1208 2.4548
2628 2.4737
2441 2.5165
500 2.5271
4400 2.5352
1628 2.555
677 2.5709
4882 2.5812
1382 2.6036
4691 2.6147
2101 2.6332
253 2.6392
2027 2.6408
4352 2.666
1309 2.7289
3391 2.7748
945 2.7852
2764 2.8038
4295 2.8056
3205 2.8199
3710 2.8805
2938 2.8841
4316 2.915
2737 2.9278
1151 2.9474
240 2.9536
4729 2.9547
2491 2.9584
956 2.9746
606 2.9777
2086 3.0062
4019 3.023
4904 3.0262
4878 3.0355
825 3.046
3379 3.0985
987 3.1057
1682 3.1128
3402 3.1325
2698 3.1763
3733 3.184
4883 3.1928
1027 3.2285
4539 3.235
2339 3.2415
2136 3.2571
1982 3.307
4193 3.3355
3551 3.3823
3804 3.3955
334 3.3957
2638 3.4091
2973 3.4125
3184 3.4877
774 3.4921
2773 3.5123
426 3.5284
925 3.5843
1990 3.6876
3769 3.752
1700 3.7666
541 3.7781
362 3.8027
4182 3.8089
4683 3.8111
4522 3.8456
3784 3.8553
2926 3.8836
2551 3.8959
4981 3.9031
747 3.925
2786 3.9439
1082 3.9519
4051 3.9597
2263 3.9655
503 3.9777
1285 4.0233
183 4.0519
2519 4.0685
1012 4.0835
4948 4.112
1936 4.1144
218 4.1175
4527 4.1534
1190 4.1674
2142 4.2116
1013 4.233
4668 4.2555
717 4.2566
4227 4.2615
1670 4.2641
2244 4.2795
2068 4.2951
712 4.3742
1962 4.3826
190 4.4216
270 4.4247
3788 4.4261
3610 4.4617
4047 4.5015
2806 4.511
659 4.5299
3364 4.5482
885 4.5732
2320 4.5792
1872 4.6439
2345 4.6546
4739 4.708
185 4.7477
4550 4.768
34 4.7876
3145 4.7993
2825 4.8381
580 4.8795
3835 4.8919
1515 4.9027
4074 4.9083
465 4.9133
2582 4.9145
92 4.9271
691 4.9304
2375 4.9371
2424 4.9534
2287 4.9595
1845 5.0398
4742 5.0419
1264 5.0427
4791 5.0629
4837 5.095
2729 5.0984
1512 5.1236
3469 5.1818
2059 5.225
1952 5.2576
2623 5.2721
4873 5.3011
4932 5.3044
1076 5.3273
3352 5.3711
4620 5.3915
1553 5.5529
846 5.5538
478 5.5845
3071 5.5953
423 5.5972
4366 5.5992
3561 5.6422
3007 5.6583
3564 5.6838
3000 5.7102
2666 5.7191
1031 5.7385
3604 5.8289
4301 5.8382
3865 5.8418
1953 5.8639
3694 5.8743
83 5.8896
1698 6.0009
4778 6.0204
4541 6.0548
241 6.0676
4040 6.1242
1178 6.129
2674 6.1697
2672 6.3093
4024 6.3223
4088 6.3581
3001 6.3779
1150 6.4001
2022 6.4006
3296 6.4112
37 6.4225
4409 6.4377
539 6.4516
1164 6.4549
593 6.4617
535 6.4787
4871 6.5198
2914 6.5304
1821 6.5317
2461 6.5691
4374 6.5977
1014 6.6322
2760 6.6927
4023 6.748
4194 6.7672
4934 6.7994
3867 6.8037
4899 6.8337
3844 6.9019
265 6.9029
3815 6.9336
19 6.9415
3386 7.0287
3699 7.076
2632 7.085
743 7.0986
4445 7.1707
2629 7.1851
3120 7.2385
1666 7.2711
4438 7.279
1241 7.2852
2176 7.2916
609 7.3039
249 7.3101
1165 7.3145
2342 7.3481
1594 7.3967
3629 7.4092
1819 7.4213
2893 7.4372
4702 7.4773
2194 7.4817
3230 7.5031
4389 7.508
2842 7.5395
4603 7.5465
3576 7.5819
2996 7.661
4912 7.7125
2141 7.7375
4707 7.7528
3073 7.7821
1549 7.7897
3181 7.8229
998 7.8549
1870 7.872
2143 7.9056
2621 7.9134
4363 7.9192
2988 7.9258
2625 7.9328
3117 7.9693
442 7.9737
405 7.9857
1521 8.02
3151 8.0327
64 8.0469
221 8.0869
2693 8.1205
4472 8.1712
2371 8.2023
3250 8.2167
3008 8.2183
2178 8.2465
1169 8.2664
1023 8.2918
4478 8.2997
2591 8.3058
1988 8.3129
2214 8.3268
3649 8.3361
394 8.3383
3574 8.3494
4676 8.3785
4593 8.3794
3325 8.3819
327 8.3837
3854 8.3891
4418 8.4527
134 8.453
4457 8.4725
4427 8.487
4284 8.5
800 8.5074
4951 8.524
4613 8.5293
1673 8.6003
4408 8.6137
298 8.6334
3831 8.6714
853 8.6896
3633 8.6974
1395 8.6997
2726 8.7109
1162 8.7557
1263 8.7934
4348 8.8242
1916 8.8273
76 8.85
4922 8.8537
307 8.8596
2778 8.8698
3820 8.8885
377 8.8938
4380 8.9098
4000 8.9239
687 8.9384
3327 8.9747
2238 8.9823
1434 9.0207
1405 9.0256
1293 9.07
3735 9.0705
3135 9.0812
3881 9.0841
4253 9.0976
3538 9.1852
3737 9.2033
430 9.2038
1495 9.2074
3248 9.2247
4153 9.2647
2328 9.2655
4633 9.2716
3738 9.2937
4518 9.2943
2464 9.3049
1865 9.3343
1024 9.3437
2242 9.3574
348 9.39
4417 9.3945
781 9.4229
2748 9.4519
4927 9.4547
1346 9.4665
133 9.4702
961 9.5053
2790 9.5125
1202 9.538
4513 9.5455
3267 9.6208
3517 9.6333
3414 9.6516
3027 9.7028
2169 9.7146
4001 9.7396
868 9.7642
4241 9.7763
4158 9.8367
2301 9.8377
1203 9.8608
205 9.8744
2057 9.9643
3444 9.9992
542 10.037
2512 10.076
1535 10.106
4861 10.133
378 10.146
2905 10.177
2468 10.195
1191 10.205
1437 10.216
839 10.235
1061 10.259
3859 10.265
3811 10.276
2415 10.277
3658 10.284
767 10.287
3480 10.297
2201 10.347
4293 10.358
2362 10.368
20 10.398
4486 10.4
694 10.419
3074 10.451
3464 10.472
2985 10.499
749 10.499
2915 10.524
3503 10.525
2937 10.549
316 10.599
792 10.622
814 10.648
504 10.705
3601 10.715
3533 10.726
2460 10.754
2251 10.768
3397 10.773
1265 10.828
4921 10.854
3663 10.873
1334 10.878
1485 10.894
3927 10.931
815 10.993
1931 11.043
1129 11.048
3040 11.089
568 11.133
2078 11.172
383 11.207
3921 11.215
1789 11.243
3202 11.279
2021 11.293
4190 11.371
458 11.414
4658 11.43
2525 11.461
1148 11.467
3882 11.498
4388 11.545
3956 11.571
526 11.625
3680 11.627
1743 11.67
471 11.74
3173 11.76
832 11.767
1822 11.835
4290 11.837
3966 11.838
4822 11.839
3466 11.871
1771 11.881
715 11.881
1032 11.882
3289 11.887
879 11.904
3674 11.907
479 11.924
49 11.925
4385 11.932
1363 11.942
3141 11.948
1526 11.95
4414 11.997
1914 12.027
2810 12.039
124 12.043
3101 12.189
4163 12.193
2014 12.265
1038 12.307
4609 12.333
2908 12.34
4222 12.345
710 12.364
3575 12.368
4698 12.368
3035 12.379
3075 12.381
4584 12.381
849 12.404
2835 12.405
3946 12.413
4945 12.434
325 12.46
1451 12.472
3545 12.489
3679 12.534
2184 12.539
3657 12.565
3688 12.616
2573 12.651
2200 12.74
4688 12.741
2397 12.802
1401 12.804
2475 12.841
4876 12.912
2091 12.925
1728 12.952
522 12.965
3217 12.971
3432 12.974
3884 13.006
2449 13.075
1304 13.106
2918 13.121
1906 13.149
162 13.19
1868 13.196
2653 13.302
2478 13.318
2290 13.361
860 13.404
1998 13.417
360 13.44
2574 13.458
4843 13.476
4586 13.494
4392 13.504
3077 13.555
2481 13.625
2067 13.647
2394 13.678
579 13.699
756 13.74
1122 13.746
4161 13.751
3370 13.776
3319 13.801
751 13.803
2783 13.841
1319 13.865
844 13.879
783 13.881
4244 13.915
121 13.916
3795 13.92
414 13.92
4715 13.927
4422 13.967
581 13.987
1075 14.026
1332 14.13
1849 14.142
3614 14.166
2643 14.191
4056 14.272
4248 14.303
3869 14.317
427 14.358
876 14.358
299 14.369
3060 14.37
2939 14.417
4423 14.417
1096 14.423
3705 14.435
4836 14.436
3286 14.447
4816 14.455
2658 14.469
728 14.543
1211 14.549
1339 14.549
4269 14.589
3874 14.594
965 14.62
4829 14.663
2989 14.706
3111 14.712
1349 14.721
226 14.751
1786 14.768
2160 14.775
2581 14.785
3890 14.862
4094 14.872
4488 14.882
488 14.885
2929 14.905
2942 14.941
4651 14.996
1571 15.049
907 15.079
3632 15.086
2271 15.091
470 15.095
2955 15.124
4442 15.129
2728 15.188
1954 15.212
1326 15.246
1933 15.251
1228 15.282
4443 15.331
4342 15.353
172 15.361
3104 15.37
66 15.372
1119 15.375
2732 15.38
231 15.401
2346 15.407
1086 15.408
730 15.408
2275 15.414
3222 15.417
3618 15.424
3656 15.454
3778 15.466
1980 15.477
351 15.477
2563 15.523
1336 15.526
4170 15.557
2592 15.563
1629 15.616
3493 15.624
2249 15.725
4228 15.805
4534 15.825
251 15.84
718 15.844
3115 15.862
3542 15.863
761 15.908
4766 15.914
623 15.947
2307 15.951
3170 15.953
3018 16.007
256 16.048
2580 16.06
4344 16.063
3770 16.074
60 16.103
3070 16.134
2105 16.146
476 16.152
4231 16.169
2161 16.202
3416 16.208
2306 16.243
3787 16.259
4143 16.26
408 16.273
482 16.287
2267 16.328
2700 16.339
3829 16.341
4449 16.395
3226 16.402
4747 16.461
2203 16.469
1105 16.471
586 16.477
2805 16.541
4180 16.553
451 16.563
2163 16.574
1603 16.583
1587 16.672
4961 16.689
3409 16.726
3435 16.741
4048 16.742
4502 16.792
455 16.916
421 16.919
1627 16.938
1809 16.973
766 17.022
3058 17.026
4129 17.033
1272 17.045
276 17.047
2979 17.054
2963 17.112
2782 17.117
2959 17.12
686 17.167
271 17.186
3407 17.192
2237 17.236
3790 17.267
1238 17.31
1824 17.329
1556 17.359
968 17.368
2382 17.378
4867 17.425
3792 17.431
2129 17.53
4896 17.584
3568 17.608
1969 17.609
2777 17.615
234 17.617
4732 17.638
3587 17.688
3840 17.7
70 17.707
1128 17.719
2733 17.762
2215 17.786
2402 17.787
2637 17.799
51 17.814
2131 17.83
2246 17.862
53 17.869
1070 17.88
3405 17.912
4851 17.935
3728 17.961
3421 17.99
2026 17.991
1827 17.998
2042 18.021
365 18.032
2216 18.043
1684 18.049
131 18.053
1656 18.078
1243 18.085
3216 18.086
948 18.09
261 18.142
2186 18.147
1037 18.149
4604 18.193
4480 18.213
3260 18.242
3044 18.254
2683 18.263
2030 18.29
79 18.298
3382 18.325
2611 18.327
4807 18.358
417 18.38
2577 18.408
1320 18.444
2430 18.447
4787 18.454
4634 18.488
2239 18.494
1300 18.536
279 18.549
3068 18.669
3524 18.691
4065 18.704
4596 18.735
2794 18.754
673 18.863
2276 18.872
4771 18.892
2305 18.898
543 18.941
3907 18.949
4382 18.958
4820 18.976
273 18.983
991 19.015
4617 19.04
181 19.041
238 19.057
1848 19.08
671 19.087
2719 19.105
4741 19.122
422 19.129
3653 19.147
4792 19.179
1559 19.186
1217 19.248
1235 19.249
2294 19.28
4526 19.305
626 19.309
4270 19.34
440 19.352
1516 19.356
4286 19.383
1139 19.387
472 19.402
777 19.429
2613 19.463
3322 19.469
1509 19.524
2360 19.575
1612 19.594
1072 19.6
1052 19.601
4542 19.61
189 19.675
2447 19.755
350 19.776
3179 19.801
4663 19.936
4993 19.96
97 20.009
1588 20.055
3019 20.079
2466 20.082
1638 20.109
1351 20.112
353 20.156
2248 20.26
1716 20.274
432 20.275
1420 20.291
1206 20.321
798 20.323
1844 20.433
4908 20.502
3518 20.507
2454 20.525
4061 20.565
1901 20.577
2767 20.596
4962 20.636
1907 20.664
3438 20.702
2784 20.727
1979 20.728
700 20.772
1707 20.794
1714 20.804
4379 20.834
3985 20.841
3341 20.851
4653 20.853
4881 20.858
375 20.978
3433 21.008
680 21.035
2107 21.063
4622 21.073
1237 21.131
2886 21.162
3706 21.175
1353 21.194
1481 21.207
2038 21.241
1641 21.307
1937 21.329
4924 21.356
2420 21.36
869 21.364
3003 21.399
3526 21.401
4521 21.426
2336 21.429
142 21.461
4614 21.467
2458 21.523
342 21.524
4250 21.531
2175 21.534
4568 21.535
1598 21.661
4242 21.71
3996 21.726
1454 21.73
1281 21.744
2413 21.762
1731 21.821
3799 21.869
2896 21.892
4793 21.896
2838 21.905
315 21.969
3571 21.993
4243 22.032
2795 22.065
3428 22.119
1145 22.166
4504 22.226
2654 22.254
676 22.267
1863 22.294
3317 22.302
4681 22.319
1063 22.323
4886 22.353
483 22.356
2477 22.357
178 22.361
3812 22.376
2268 22.386
2109 22.393
1282 22.426
2609 22.483
292 22.502
806 22.505
4451 22.511
1004 22.512
1419 22.53
42 22.57
563 22.578
3743 22.592
3655 22.597
4240 22.601
1578 22.609
4679 22.617
1773 22.625
4827 22.629
3857 22.64
4891 22.645
3861 22.679
3039 22.695
4952 22.699
1187 22.706
2218 22.71
3423 22.719
3611 22.729
434 22.738
4225 22.794
1781 22.813
899 22.834
3096 22.846
513 22.857
648 22.899
338 22.9
4699 22.91
2144 22.936
1059 22.939
4139 22.958
2207 22.973
45 22.987
1283 23.079
1161 23.08
1441 23.09
4812 23.099
2549 23.106
2318 23.24
489 23.276
2941 23.283
2860 23.338
2956 23.415
280 23.429
4770 23.432
4304 23.465
2219 23.477
4060 23.516
1838 23.528
1986 23.546
1136 23.615
1140 23.717
1793 23.773
195 23.794
2335 23.82
2327 23.878
1922 23.89
1778 23.898
4415 23.93
1123 23.953
3053 23.967
4031 23.984
2423 24.02
4239 24.031
105 24.033
531 24.073
4573 24.077
3463 24.097
959 24.111
3130 24.124
399 24.17
1468 24.184
186 24.193
4375 24.234
146 24.282
4929 24.29
2788 24.31
863 24.32
3842 24.394
4687 24.46
1742 24.467
3709 24.471
2380 24.474
2661 24.49
1464 24.501
2935 24.52
4335 24.52
4305 24.529
695 24.534
545 24.576
1240 24.614
3540 24.635
4607 24.636
4466 24.666
4935 24.791
398 24.796
2526 24.805
3678 24.892
1292 24.918
985 24.979
1317 24.993
229 24.997
84 25.02
630 25.032
2576 25.041
245 25.078
3021 25.096
1758 25.123
2516 25.131
4325 25.154
456 25.174
3605 25.184
4884 25.201
2353 25.217
3017 25.225
4915 25.242
2071 25.243
2 25.25
2103 25.32
4027 25.443
1280 25.474
4360 25.474
3553 25.49
340 25.511
3650 25.589
4860 25.636
1220 25.708
3898 25.716
2126 25.745
3708 25.746
3772 25.746
2701 25.795
3451 25.819
1246 25.821
309 25.823
1396 25.853
1738 25.86
3826 25.871
2005 25.878
3052 25.878
2228 25.879
4149 25.898
3838 25.932
4395 25.946
4531 26.017
1144 26.018
4579 26.024
2482 26.066
1995 26.08
486 26.105
3236 26.121
1964 26.129
4765 26.152
2568 26.158
4419 26.164
1471 26.169
1704 26.182
3636 26.192
1820 26.203
12 26.258
2154 26.339
1447 26.349
4710 26.349
4318 26.371
2108 26.404
4574 26.412
1976 26.427
477 26.491
468 26.528
4909 26.531
277 26.563
171 26.582
714 26.585
1429 26.611
510 26.623
2532 26.642
2904 26.653
4590 26.713
2750 26.724
3411 26.785
3923 26.8
2354 26.822
275 26.822
1365 26.837
3791 26.864
2894 26.918
1840 26.963
4142 26.967
4789 27.036
3275 27.065
463 27.102
4704 27.105
4018 27.13
1355 27.154
2831 27.168
4226 27.236
3176 27.241
813 27.256
4811 27.406
321 27.439
4064 27.44
2630 27.458
2209 27.541
3133 27.57
2594 27.615
933 27.616
3443 27.633
4287 27.673
880 27.693
1762 27.713
1159 27.728
4900 27.741
2964 27.757
834 27.79
1370 27.802
1985 27.808
2410 27.838
4571 27.884
2310 27.943
2384 27.984
441 27.988
3054 27.996
2073 28.003
2925 28.012
3032 28.015
1341 28.045
1016 28.047
2260 28.062
3403 28.086
544 28.135
3446 28.19
3400 28.197
650 28.233
4135 28.236
4969 28.319
3626 28.333
2502 28.334
467 28.335
447 28.389
904 28.39
2517 28.421
4123 28.426
2500 28.433
3819 28.45
669 28.453
826 28.472
3774 28.482
4733 28.482
2977 28.515
949 28.519
2852 28.53
3087 28.53
571 28.614
3009 28.668
4450 28.675
4944 28.689
2217 28.725
3020 28.753
4814 28.777
960 28.803
3106 28.819
4875 28.828
4440 28.94
2485 29.014
3513 29.02
3748 29.03
3025 29.067
1510 29.159
1608 29.225
159 29.384
1689 29.384
1229 29.386
1323 29.403
3069 29.413
3926 29.414
1961 29.508
3389 29.526
2858 29.538
1184 29.539
562 29.541
4806 29.559
3474 29.618
2903 29.631
2834 29.634
511 29.679
1103 29.68
1565 29.731
1498 29.787
4597 29.822
3306 29.836
2746 29.963
3619 29.967
957 29.99
4168 29.993
1298 30.006
3977 30.011
2096 30.017
3450 30.039
2389 30.043
4706 30.053
505 30.071
3377 30.077
4624 30.077
143 30.093
4862 30.151
3349 30.196
3627 30.231
4216 30.239
89 30.311
1049 30.314
2798 30.401
1748 30.407
1727 30.418
4097 30.431
1219 30.44
102 30.465
685 30.469
1213 30.511
3309 30.513
2083 30.517
1960 30.562
4404 30.594
1109 30.628
3067 30.705
4043 30.758
4283 30.783
4709 30.806
3066 30.845
2081 30.895
1278 30.899
4413 30.909
2474 30.975
4646 30.979
3168 31.012
1566 31.061
4547 31.155
3873 31.193
2116 31.196
1470 31.204
1194 31.238
4063 31.257
2697 31.269
1472 31.279
2329 31.322
4033 31.478
1413 31.519
1760 31.524
2511 31.539
4942 31.542
4196 31.545
3455 31.558
1884 31.59
1 31.598
1596 31.603
1989 31.609
799 31.612
4664 31.666
921 31.694
4566 31.702
3046 31.737
1167 31.739
3754 31.764
112 31.768
1259 31.784
546 31.784
768 31.808
1729 31.835
4365 31.84
3893 31.851
2662 31.86
3048 31.912
823 31.919
4998 31.922
480 31.923
74 31.931
720 32.003
228 32.067
3387 32.098
3640 32.128
2969 32.173
1768 32.271
4499 32.334
2575 32.335
2210 32.362
3514 32.38
1487 32.407
3385 32.429
1835 32.52
1893 32.549
3043 32.58
4838 32.628
1597 32.659
597 32.68
3326 32.692
1022 32.806
4858 32.849
359 32.869
4540 32.873
3108 32.9
318 32.997
4233 33.038
3539 33.051
953 33.111
3180 33.197
2600 33.226
4800 33.234
2587 33.251
460 33.289
3213 33.332
4096 33.388
2866 33.389
2910 33.426
931 33.453
2635 33.461
3434 33.465
1131 33.548
615 33.597
1253 33.607
2180 33.662
3103 33.684
3839 33.688
7 33.694
4535 33.746
637 33.799
346 33.805
1759 33.851
908 33.876
1418 33.887
2054 33.931
697 33.95
2554 33.953
4005 33.973
4372 33.99
3404 34.004
3376 34.005
3303 34.007
4326 34.025
314 34.05
1111 34.077
1290 34.079
3174 34.132
1482 34.211
499 34.315
992 34.328
4958 34.383
4672 34.483
587 34.517
4661 34.619
412 34.748
1120 34.781
1805 34.789
1350 34.822
2317 34.822
862 34.835
689 34.842
274 34.853
311 34.875
632 34.883
99 34.913
821 34.921
474 34.934
2968 34.984
2652 34.999
4300 35.008
469 35.061
2387 35.073
3218 35.16
1461 35.164
842 35.186
2769 35.225
4598 35.242
4107 35.246
3394 35.285
3837 35.362
1192 35.43
2151 35.514
1977 35.523
4854 35.534
1312 35.55
4412 35.55
1212 35.567
1921 35.569
1514 35.623
638 35.684
983 35.707
3904 35.823
3917 35.915
3948 35.989
3531 36.008
2548 36.015
1254 36.072
4533 36.137
3613 36.236
4201 36.252
809 36.304
4632 36.376
2922 36.387
301 36.389
2627 36.401
2734 36.43
2811 36.48
3639 36.48
4130 36.531
1580 36.555
1114 36.56
990 36.561
529 36.633
4615 36.681
4786 36.721
117 36.723
4647 36.728
3750 36.87
1645 36.883
3847 36.912
406 36.929
4543 36.964
13 36.977
3546 37.007
4833 37.022
4183 37.072
4994 37.104
1829 37.195
618 37.203
3419 37.248
1154 37.272
1500 37.284
182 37.286
2193 37.293
2971 37.331
4045 37.338
1262 37.349
481 37.377
1142 37.387
1504 37.391
4319 37.428
4134 37.451
4463 37.453
2006 37.488
1362 37.527
3113 37.597
786 37.66
223 37.67
1877 37.707
1697 37.713
4708 37.739
3939 37.755
2762 37.784
723 37.801
3413 37.804
3215 37.827
3481 37.848
719 37.904
1902 37.912
3459 37.953
1245 37.959
4848 37.986
4405 38.005
2927 38.096
2722 38.115
1747 38.126
748 38.143
376 38.187
1377 38.219
2257 38.239
1318 38.325
3909 38.33
3693 38.352
2033 38.392
4288 38.423
4959 38.523
4406 38.544
24 38.568
4251 38.589
4863 38.598
3848 38.6
1017 38.638
4930 38.64
2562 38.646
2213 38.672
2164 38.691
487 38.698
4552 38.707
3022 38.71
1044 38.741
974 38.804
306 38.807
27 38.905
2713 38.991
3621 39.011
2593 39.022
795 39.031
4078 39.033
1896 39.1
2830 39.103
655 39.105
4492 39.106
3024 39.111
3908 39.132
4441 39.161
4781 39.162
2533 39.181
2789 39.181
3886 39.184
207 39.19
2529 39.213
2205 39.304
1186 39.328
2147 39.404
2399 39.411
433 39.419
988 39.476
2024 39.483
44 39.504
3299 39.524
3935 39.589
2181 39.609
3749 39.622
4511 39.63
3902 39.689
552 39.694
324 39.697
1507 39.712
4656 39.718
2224 39.73
1275 39.745
380 39.782
1904 39.851
366 39.909
4828 39.933
453 39.947
1991 39.948
4939 39.974
830 40.012
1343 40.045
1227 40.048
2752 40.059
3334 40.069
2343 40.078
644 40.119
3166 40.175
1945 40.211
1611 40.226
1407 40.29
2848 40.302
3241 40.353
1180 40.384
1125 40.447
3519 40.471
1609 40.528
4809 40.558
93 40.634
527 40.688
243 40.691
295 40.755
370 40.775
2159 40.818
3942 40.879
4271 40.895
390 40.951
4329 40.964
1695 40.984
3399 40.986
2062 40.987
2085 40.988
654 40.999
1460 41.007
2881 41.007
2367 41.01
3885 41.025
1857 41.046
3088 41.092
3081 41.117
2944 41.144
71 41.26
3712 41.286
1294 41.317
1492 41.323
3556 41.345
2321 41.347
852 41.354
1635 41.38
3496 41.383
1718 41.567
3138 41.595
610 41.633
3313 41.653
2531 41.674
2281 41.752
808 41.754
1179 41.773
3961 41.845
741 41.888
2070 41.927
1688 41.966
576 41.992
2891 42.001
952 42.004
4660 42.027
3557 42.035
285 42.096
2880 42.117
3631 42.121
4095 42.184
2665 42.19
2074 42.268
3912 42.297
3367 42.33
4132 42.341
94 42.366
4341 42.389
893 42.429
2829 42.498
902 42.532
2400 42.541
3949 42.551
3941 42.553
216 42.587
4122 42.615
4777 42.661
1020 42.687
4692 42.716
4474 42.724
3333 42.758
3532 42.762
2130 42.772
1957 42.773
3523 42.798
4701 42.832
4654 42.866
629 42.912
4444 42.921
3549 42.98
962 42.984
1548 42.987
979 43.005
1083 43.033
3638 43.037
1484 43.075
2344 43.095
2162 43.144
2240 43.181
345 43.227
4868 43.293
3703 43.385
4073 43.398
551 43.406
1690 43.437
595 43.45
4291 43.547
4946 43.553
1764 43.659
3127 43.695
4938 43.697
1928 43.718
2259 43.737
2821 43.756
2286 43.791
2636 43.794
4956 43.796
3086 43.827
1497 43.834
1831 43.84
1527 43.888
4157 43.915
2434 43.95
4963 43.95
1137 43.958
4166 44
668 44.021
3669 44.026
4623 44.042
955 44.07
4465 44.074
3588 44.087
2023 44.105
2340 44.122
2679 44.188
4769 44.235
335 44.239
2043 44.283
1804 44.322
1425 44.329
2558 44.34
871 44.345
1207 44.423
3401 44.478
2946 44.504
1043 44.518
4933 44.529
3195 44.532
2291 44.552
2991 44.592
2923 44.601
1970 44.611
4468 44.617
1273 44.676
3591 44.891
2766 44.923
1741 44.955
1568 44.976
1623 45.004
2833 45.02
4461 45.025
3586 45.031
2063 45.063
2528 45.125
4716 45.14
2427 45.165
3718 45.221
1117 45.225
716 45.247
4489 45.254
1929 45.276
2041 45.277
1528 45.3
636 45.322
2691 45.369
2993 45.378
4713 45.382
3342 45.394
4254 45.49
1615 45.495
3343 45.514
3351 45.527
2677 45.564
3702 45.619
1277 45.62
1630 45.649
837 45.652
418 45.656
1230 45.668
3192 45.669
1626 45.752
2920 45.808
3118 45.835
3944 45.855
3994 45.89
1721 45.907
935 45.914
4897 45.97
2667 46.003
1359 46.011
3002 46.069
1455 46.08
1613 46.147
139 46.151
4804 46.155
1912 46.172
50 46.185
4140 46.199
1646 46.376
2976 46.42
1008 46.437
4989 46.516
2873 46.559
550 46.597
851 46.604
3092 46.609
548 46.651
4356 46.662
1069 46.705
2669 46.716
4857 46.742
3426 46.791
2255 46.809
4612 46.825
584 46.832
1983 46.845
3477 46.857
3599 46.862
3572 46.914
4802 46.929
4564 46.945
3149 47.114
1505 47.135
3974 47.209
2572 47.241
3465 47.242
1381 47.277
1392 47.288
2618 47.43
3905 47.432
147 47.437
2011 47.479
1026 47.531
4022 47.598
2296 47.61
1223 47.627
1830 47.635
1036 47.645
4893 47.657
4986 47.711
2681 47.718
1631 47.812
4238 47.838
3900 47.862
4600 47.911
1967 47.942
3846 47.98
3813 48.009
4894 48.054
4982 48.061
2614 48.079
3439 48.098
1551 48.124
1163 48.217
1118 48.311
4751 48.316
2234 48.332
4015 48.367
211 48.38
3490 48.422
3684 48.484
775 48.503
3182 48.542
2513 48.567
4847 48.585
1387 48.676
2348 48.695
1170 48.709
3722 48.746
4285 48.827
2025 48.837
1205 48.849
1149 48.867
1644 48.877
2274 48.92
2058 48.93
2561 48.946
4469 48.964
661 48.992
2812 49.025
1305 49.072
1799 49.099
2462 49.129
2016 49.135
2232 49.142
1284 49.162
4637 49.178
4072 49.213
420 49.267
1029 49.293
4669 49.33
2659 49.335
658 49.358
2198 49.38
672 49.41
214 49.439
1039 49.469
745 49.473
981 49.486
2949 49.513
4192 49.533
4430 49.562
4147 49.602
1752 49.652
518 49.697
4957 49.725
4748 49.751
4803 49.826
3354 49.836
1340 49.839
2892 49.866
1999 49.97
4650 50.008
2814 50.119
3950 50.121
3312 50.165
995 50.258
109 50.294
4840 50.311
202 50.33
640 50.413
4456 50.476
1873 50.478
4842 50.488
3243 50.547
2966 50.622
3992 50.64
127 50.654
3668 50.689
1751 50.691
2467 50.763
22 50.796
436 50.823
681 50.84
2541 50.853
1361 50.923
1711 50.96
4976 50.969
4479 50.991
3899 51.04
2741 51.058
926 51.13
2505 51.151
1446 51.159
3153 51.187
4016 51.206
2912 51.215
603 51.222
1780 51.245
4711 51.255
865 51.394
199 51.433
4694 51.45
2419 51.457
1397 51.475
660 51.568
1138 51.684
2687 51.698
4582 51.702
4866 51.766
2504 51.837
3552 51.844
3276 51.868
567 51.878
3805 51.926
230 52.027
141 52.068
4966 52.098
3458 52.134
702 52.136
1537 52.18
3719 52.185
3031 52.225
191 52.27
4197 52.283
2279 52.294
3252 52.294
2543 52.295
3740 52.297
758 52.319
1726 52.363
1833 52.396
4920 52.454
2668 52.571
4975 52.578
929 52.605
3412 52.635
600 52.663
3955 52.68
3200 52.802
2191 52.87
2493 52.873
4213 52.885
4919 52.902
3468 52.935
3689 52.941
1311 52.991
4805 53.051
1050 53.127
120 53.127
557 53.128
1779 53.134
4703 53.141
4173 53.198
4306 53.285
2314 53.303
492 53.309
262 53.327
854 53.446
3622 53.45
1488 53.464
284 53.471
3741 53.495
4126 53.52
1225 53.549
148 53.567
4799 53.647
656 53.672
1918 53.681
4674 53.688
2523 53.698
575 53.7
4289 53.747
3288 53.75
604 53.781
1648 53.782
1661 53.792
1333 53.798
4321 53.851
4536 53.873
1577 53.891
532 53.893
2418 53.917
516 53.953
212 53.992
1040 54.172
1410 54.226
4266 54.232
3573 54.258
3194 54.271
2182 54.401
484 54.46
2753 54.468
1683 54.514
3780 54.519
4084 54.531
272 54.571
1226 54.603
2808 54.614
3329 54.645
2392 54.67
2560 54.681
2680 54.725
1706 54.748
4648 54.842
1965 54.927
3083 54.982
2823 54.993
2480 55.052
43 55.056
2145 55.079
1693 55.128
1517 55.129
4252 55.129
1270 55.147
2411 55.152
918 55.193
4133 55.37
1545 55.376
2899 55.431
3870 55.467
1378 55.475
1955 55.528
2432 55.531
3997 55.65
4279 55.676
1301 55.728
3212 55.733
1923 55.81
1331 55.83
1994 55.859
850 55.904
692 55.917
3253 55.924
4125 55.937
601 55.941
1948 55.944
977 55.962
4949 55.967
3775 56.032
1946 56.053
4825 56.054
4162 56.061
4177 56.136
1174 56.212
1880 56.224
1066 56.333
1299 56.381
2061 56.39
3822 56.398
2695 56.449
4393 56.468
2190 56.506
156 56.513
2818 56.56
528 56.58
2258 56.589
2438 56.591
206 56.604
3415 56.682
3806 56.69
512 56.696
91 56.716
1467 56.725
3794 56.753
1204 56.773
1825 56.837
3078 56.898
1769 56.953
1701 56.989
4038 57.052
402 57.192
4611 57.274
3714 57.349
6 57.353
3380 57.371
4207 57.402
3478 57.533
2556 57.534
3146 57.582
2357 57.597
4724 57.597
2845 57.682
1376 57.696
3125 57.727
1834 57.75
55 57.762
4608 57.766
4892 57.788
2227 57.807
4495 57.809
1060 57.867
3390 57.904
153 57.936
2604 57.956
4068 57.966
3381 58.011
4104 58.043
4641 58.191
4538 58.193
4616 58.201
2793 58.267
2225 58.268
4618 58.295
2352 58.307
1345 58.359
882 58.376
2930 58.411
1605 58.468
461 58.541
1636 58.57
3602 58.643
2906 58.685
2087 58.715
1909 58.722
4790 58.82
3256 58.857
1692 58.877
3563 58.881
392 58.934
1239 58.969
1025 59.23
415 59.241
4772 59.315
4328 59.317
450 59.345
4578 59.351
1886 59.397
4852 59.426
1802 59.43
4246 59.469
1664 59.476
4145 59.55
4120 59.592
3251 59.64
2872 59.646
4232 59.652
819 59.687
1725 59.693
2994 59.705
3187 59.794
4544 59.822
941 59.848
3064 59.887
3023 59.907
3879 59.927
3744 59.947
3747 59.962
2584 59.991
3454 59.994
598 59.999
4555 60.041
4432 60.053
4299 60.072
3320 60.098
900 60.177
2288 60.187
3807 60.228
2183 60.251
1632 60.351
3646 60.379
924 60.413
4987 60.463
2040 60.471
3625 60.505
3363 60.52
573 60.565
3148 60.571
1519 60.598
3076 60.678
633 60.696
31 60.71
753 60.745
1344 60.863
379 60.88
3486 60.883
3425 60.885
1113 60.982
3745 61.037
4524 61.044
4030 61.109
1971 61.118
4391 61.127
2522 61.134
2341 61.173
3371 61.184
1099 61.206
1520 61.207
4872 61.327
448 61.339
3773 61.382
144 61.446
257 61.562
3866 61.572
2515 61.632
1972 61.683
3641 61.733
404 61.744
4390 61.747
2567 61.796
906 61.85
85 61.853
2824 61.886
164 61.946
4797 62.025
3550 62.054
4203 62.223
3692 62.305
4744 62.31
32 62.376
3013 62.408
3665 62.44
2298 62.474
63 62.476
3986 62.492
776 62.493
3686 62.516
2875 62.574
4763 62.592
3233 62.63
3029 62.64
3711 62.646
4841 62.687
2579 62.752
2832 62.767
912 62.781
2114 62.852
1513 62.868
1506 62.872
1252 62.909
1763 62.921
407 62.977
3167 63.008
1581 63.024
4420 63.084
4215 63.095
3536 63.167
740 63.248
553 63.252
2716 63.253
1091 63.266
1028 63.339
2656 63.512
2521 63.52
3240 63.539
4911 63.539
2123 63.555
1386 63.562
356 63.657
2324 63.676
4109 63.761
3534 63.79
663 63.885
2359 64.006
3037 64.009
174 64.022
4714 64.025
3683 64.033
1667 64.122
3809 64.157
847 64.218
3467 64.226
82 64.272
3713 64.312
2138 64.314
4985 64.34
891 64.384
349 64.404
3671 64.418
247 64.527
1939 64.535
4722 64.675
1919 64.738
3338 64.771
1062 64.8
3732 64.814
1371 64.834
4649 64.838
4629 64.899
1047 64.956
1372 64.977
3323 65.006
3311 65.088
4977 65.103
3057 65.119
3308 65.119
3440 65.171
1388 65.196
2730 65.2
10 65.298
1306 65.338
2226 65.357
1875 65.382
627 65.427
3110 65.485
1543 65.495
464 65.499
2135 65.632
1920 65.714
1674 65.77
3685 65.873
4416 65.9
4333 65.921
3431 65.947
9 65.98
3452 65.984
2472 66.008
1486 66.024
4485 66.026
773 66.075
411 66.145
620 66.19
1056 66.253
2156 66.275
4202 66.33
4362 66.33
4762 66.334
867 66.37
1557 66.436
897 66.495
2692 66.502
3235 66.538
110 66.573
1102 66.602
2187 66.649
446 66.659
1856 66.66
4448 66.678
4358 66.694
2707 66.748
2350 66.772
1258 66.794
682 66.8
1426 66.823
4235 66.906
3116 66.936
1539 66.953
4832 66.958
326 67.004
2264 67.094
3566 67.101
1685 67.136
944 67.157
2378 67.199
3356 67.242
3521 67.31
4595 67.328
2804 67.394
3447 67.421
2254 67.425
4446 67.455
2075 67.485
2546 67.496
4954 67.501
4925 67.51
2020 67.548
2597 67.599
1189 67.654
250 67.674
4144 67.701
866 67.734
2841 67.75
1625 67.84
2150 67.849
3124 67.86
2315 67.917
3906 67.968
3059 67.98
796 68.05
3983 68.151
729 68.158
3207 68.205
2064 68.23
2694 68.257
3511 68.288
2231 68.49
1669 68.492
2349 68.534
363 68.67
4880 68.752
2072 68.832
2034 68.858
4887 68.865
2029 68.906
1978 68.924
1889 68.965
1338 68.99
2120 69.031
4936 69.049
475 69.112
738 69.133
530 69.158
4039 69.175
1997 69.212
260 69.268
2069 69.278
2816 69.298
3969 69.305
1607 69.314
2607 69.385
657 69.399
4195 69.434
2569 69.519
4338 69.552
2731 69.592
329 69.648
4345 69.649
1787 69.695
3445 69.769
3310 69.831
1555 69.833
1927 69.856
3295 69.875
4503 69.919
2128 69.922
784 69.976
2398 69.981
4090 70.052
2241 70.08
4298 70.089
3562 70.195
1390 70.205
4943 70.22
1947 70.234
1892 70.238
2132 70.309
4910 70.379
787 70.403
2907 70.41
1671 70.452
1499 70.55
4557 70.566
4783 70.666
1452 70.793
2285 70.83
466 70.881
2843 70.885
2545 70.89
4755 70.904
1079 70.915
3818 70.956
227 70.973
21 70.991
4079 70.998
2928 71.022
1854 71.105
4931 71.11
2828 71.133
3989 71.151
996 71.163
771 71.174
3721 71.254
3457 71.269
1610 71.349
3183 71.355
2119 71.387
1794 71.408
3894 71.45
2747 71.48
559 71.579
3634 71.7
4165 71.752
4037 71.858
3219 71.862
1659 71.872
1715 71.944
3759 71.96
4189 71.96
3600 71.996
1116 72.115
452 72.352
3816 72.356
3346 72.365
4865 72.491
1755 72.562
4361 72.659
3406 72.662
1541 72.745
4002 72.783
1439 72.791
1724 72.843
2605 72.885
911 72.94
1624 72.941
4788 72.98
4941 73.026
3220 73.095
4452 73.141
3981 73.19
724 73.219
4373 73.332
920 73.336
1078 73.357
252 73.371
4205 73.411
4477 73.508
2355 73.609
734 73.699
614 73.712
3615 73.733
4913 73.849
2448 73.886
3757 73.888
3266 73.906
2931 73.913
2791 73.944
1477 73.974
444 73.989
1649 74.047
3695 74.048
1582 74.08
3824 74.145
4794 74.174
4693 74.185
2010 74.324
3855 74.423
3560 74.427
4984 74.523
4102 74.551
3358 74.562
3915 74.567
2864 74.59
1415 74.645
2165 74.676
3976 74.722
572 74.757
3834 74.877
3277 74.97
4576 75.02
47 75.025
578 75.043
4337 75.055
4902 75.154
140 75.158
4175 75.179
1104 75.183
2125 75.249
1522 75.252
2557 75.276
759 75.351
3660 75.357
2676 75.385
2270 75.433
4657 75.433
1913 75.441
86 75.446
2781 75.519
932 75.574
1201 75.623
898 75.72
1236 75.748
2958 75.755
2280 75.864
4136 75.952
2495 75.953
4752 75.956
443 75.961
2530 76.045
11 76.07
46 76.1
3159 76.123
3652 76.17
810 76.211
2009 76.223
2304 76.235
3093 76.276
3395 76.3
2484 76.324
639 76.412
4320 76.493
4737 76.497
2671 76.528
1089 76.576
3453 76.636
2313 76.688
111 76.721
667 76.754
1908 76.896
4567 76.912
491 76.913
4264 76.942
1561 77.015
4214 77.092
2416 77.147
201 77.174
493 77.223
4198 77.239
4220 77.303
2405 77.316
3682 77.409
1423 77.563
3645 77.613
3676 77.64
3522 77.764
2045 77.816
4625 77.934
2403 77.956
857 77.972
26 77.987
1375 78.04
4314 78.053
3223 78.065
4083 78.073
2895 78.085
2645 78.136
4727 78.172
48 78.195
2803 78.217
4775 78.223
2664 78.367
293 78.415
2743 78.457
2488 78.502
2776 78.601
1828 78.657
2170 78.689
4516 78.701
2137 78.712
506 78.712
1501 78.724
3282 78.8
4970 78.833
2705 78.857
3016 78.873
4089 78.877
4229 78.9
4530 78.918
339 78.945
4105 79.033
2739 79.072
2800 79.184
2092 79.188
1417 79.191
170 79.202
3580 79.248
1046 79.267
2435 79.319
3191 79.35
4554 79.371
3934 79.384
4323 79.406
1717 79.454
2299 79.502
25 79.505
3499 79.683
1316 79.72
1321 79.751
3555 79.8
3896 79.821
4583 79.836
4376 79.907
1712 79.952
4004 80.229
2518 80.238
3887 80.29
2865 80.442
2347 80.478
4262 80.484
2583 80.556
2742 80.586
4696 80.65
709 80.652
3973 80.79
4556 80.87
62 81.006
4268 81.069
4092 81.118
764 81.124
3569 81.224
1115 81.265
3498 81.299
1890 81.304
2552 81.378
4606 81.383
3959 81.409
1200 81.546
4505 81.554
3497 81.56
1132 81.568
1384 81.622
3456 81.63
3964 81.653
1271 81.659
2686 81.698
975 81.795
951 81.84
4275 81.89
2174 81.894
824 81.93
3978 81.979
3918 81.98
176 81.991
1694 82.01
445 82.019
647 82.032
1134 82.054
1837 82.055
1357 82.069
3860 82.103
1088 82.163
2934 82.179
2106 82.189
2309 82.294
4460 82.302
3825 82.309
2507 82.396
3962 82.403
3449 82.472
4336 82.509
2039 82.51
4204 82.585
2117 82.598
4237 82.606
3169 82.637
2293 82.8
1935 82.928
495 82.955
3968 82.968
1462 83.057
744 83.069
125 83.175
4626 83.208
204 83.38
3648 83.421
1525 83.429
3304 83.438
2066 83.484
4164 83.523
1098 83.564
4855 83.583
3919 83.598
4523 83.749
2015 83.871
4085 83.871
2383 83.978
3637 83.979
387 84
150 84.038
886 84.056
1665 84.176
3920 84.337
3690 84.384
160 84.388
4008 84.426
1199 84.46
4273 84.475
662 84.536
54 84.562
942 84.668
980 84.675
1006 84.712
1196 84.742
3970 84.839
4181 84.894
1337 84.915
188 84.967
222 85.002
2112 85.022
3877 85.057
3781 85.072
1126 85.082
2682 85.172
2879 85.22
2028 85.228
18 85.375
80 85.381
2796 85.403
3163 85.452
4591 85.537
2862 85.558
3871 85.622
1806 85.664
1883 85.682
3287 85.802
1448 85.834
2442 85.865
4354 85.899
2651 85.905
4426 85.93
1287 86.073
237 86.23
1885 86.281
1846 86.374
4263 86.397
3384 86.464
2445 86.482
1797 86.505
3360 86.568
616 86.607
3506 86.622
4459 86.673
4834 86.679
3698 86.685
126 86.866
3228 86.905
3263 86.906
4308 86.907
1558 86.951
1942 86.951
3654 87.083
1106 87.085
2243 87.102
1949 87.144
3851 87.188
3832 87.204
1480 87.301
1409 87.322
4580 87.547
566 87.571
699 87.786
3729 87.876
1508 87.919
35 87.931
288 87.937
2370 87.978
750 87.978
1177 88.03
4052 88.102
4638 88.122
624 88.166
4371 88.262
1055 88.347
683 88.371
2185 88.431
507 88.435
3357 88.46
4053 88.538
967 88.541
428 88.616
4470 88.636
1973 88.657
3891 88.694
4483 88.75
1394 88.766
1941 88.807
1307 88.853
2489 88.879
3272 89.004
725 89.03
2455 89.078
4458 89.163
384 89.21
3664 89.232
1490 89.267
28 89.336
3760 89.344
4823 89.44
4810 89.447
4738 89.452
3594 89.459
4979 89.558
2626 89.582
2082 89.629
1268 89.644
760 89.658
4481 89.666
3696 89.699
3336 89.735
4815 89.789
4035 89.824
2155 89.874
1813 89.966
4224 90.059
1540 90.114
2233 90.171
3828 90.172
1100 90.198
1288 90.236
4312 90.405
4712 90.425
841 90.493
3292 90.535
922 90.553
3005 90.562
3318 90.605
2847 90.612
3753 90.645
69 90.689
56 90.806
4627 90.821
1391 90.873
2111 90.905
2079 90.998
2269 91.136
2338 91.136
1534 91.139
634 91.141
3284 91.152
2673 91.158
1364 91.187
2308 91.206
3673 91.216
438 91.264
194 91.321
780 91.412
1276 91.499
1911 91.589
1791 91.592
373 91.726
3659 91.847
4100 91.984
3911 92.021
3353 92.124
163 92.224
969 92.231
2331 92.24
154 92.241
1274 92.262
165 92.29
2498 92.299
397 92.337
1622 92.34
1001 92.401
3845 92.435
4309 92.659
822 92.693
1327 92.806
1866 92.817
2646 92.832
3004 92.89
1800 92.91
3273 92.944
1081 92.966
1374 93.078
4757 93.111
2815 93.202
4370 93.206
2414 93.22
3579 93.419
4548 93.439
4628 93.492
1463 93.497
4302 93.539
3755 93.549
278 93.551
224 93.6
4353 93.664
2859 93.765
2869 93.801
2655 93.819
2391 93.822
649 93.866
2539 93.943
2559 94.013
1279 94.089
4758 94.093
4995 94.142
1314 94.152
1660 94.528
3393 94.649
1221 94.651
708 94.666
514 94.73
2019 94.794
1930 94.857
2433 94.86
4292 94.87
3099 95.165
2486 95.216
2001 95.272
2048 95.286
583 95.336
4496 95.377
3930 95.415
3932 95.491
2902 95.521
1662 95.565
1934 95.594
2738 95.657
1642 95.899
2153 95.924
605 95.979
113 96.007
840 96.098
1523 96.106
98 96.162
1984 96.244
1987 96.291
2639 96.348
3337 96.37
4500 96.457
2292 96.475
3607 96.574
119 96.585
2756 96.656
919 96.682
1974 96.71
1679 96.84
4265 96.853
283 96.9
3987 96.966
1790 97.027
2456 97.059
3269 97.071
3953 97.09
2703 97.162
4424 97.2
1181 97.243
4610 97.318
2401 97.33
938 97.336
2437 97.389
1329 97.398
3793 97.405
424 97.45
4086 97.458
4020 97.459
291 97.48
2110 97.525
1058 97.639
973 97.656
203 97.693
3643 97.738
2386 97.742
1430 97.799
554 97.799
3670 97.845
884 97.86
817 97.933
4108 97.935
1713 97.943
4940 98.206
2406 98.294
2431 98.319
2982 98.368
1324 98.398
4260 98.471
1242 98.479
1606 98.551
395 98.577
2688 98.599
4218 98.641
4331 98.686
4659 98.728
4682 98.746
1675 98.757
4700 98.855
521 98.856
4381 98.87
574 98.874
4907 98.96
3662 99.002
3332 99.046
2615 99.06
1368 99.264
4587 99.288
3429 99.335
3375 99.364
2768 99.372
1745 99.591
4437 99.606
344 99.608
75 99.639
103 99.646
3475 99.803
4234 99.888
831 99.964
3201 99.975
1325 100.02
3960 100.14
4719 100.28
2603 100.29
1092 100.4
4346 100.43
1811 100.49
2723 100.52
4731 100.57
1691 100.66
3283 100.77
3596 100.84
1095 100.96
4152 101.2
179 101.21
3742 101.23
3823 101.24
549 101.41
1720 101.44
910 101.49
2035 101.52
2744 101.6
1705 101.64
3777 101.64
4187 101.74
4383 101.83
3448 101.84
2297 101.86
246 101.92
3830 101.98
40 102.01
3725 102.06
3063 102.07
1322 102.47
4186 102.53
3590 102.55
2933 102.56
114 102.57
2878 102.6
4350 102.69
233 102.74
797 102.77
3914 102.84
1847 102.89
2570 102.9
1959 103.08
4069 103.08
3624 103.19
3603 103.29
937 103.3
794 103.36
4259 103.43
1570 103.44
2036 103.58
2785 103.6
3701 103.63
1938 103.65
864 103.74
393 103.76
2717 103.77
2641 103.8
3677 103.83
1950 103.91
1542 103.98
533 103.98
4621 104.07
3892 104.17
1891 104.4
1869 104.41
1740 104.56
2509 104.67
3616 104.8
3999 104.82
3975 104.89
1141 104.93
3010 104.94
137 105
4774 105
4569 105.14
4151 105.18
4652 105.18
3258 105.21
3651 105.35
2417 105.36
4635 105.39
2936 105.54
2953 105.54
3797 105.74
352 105.76
2496 105.83
4501 105.97
1943 106.06
1442 106.08
1524 106.08
4011 106.1
4071 106.14
213 106.31
999 106.32
4172 106.4
3302 106.43
2443 106.52
3548 106.52
3578 106.54
1723 106.56
3246 106.62
2273 106.66
2196 106.88
2451 106.88
1034 106.92
4028 107.08
4407 107.09
1823 107.11
3875 107.23
1422 107.34
1653 107.38
670 107.42
2140 107.5
1654 107.53
1255 107.55
3833 107.59
388 107.62
3910 107.62
2325 107.71
215 107.84
2195 107.88
3264 107.94
2124 108.06
2407 108.08
2395 108.1
1021 108.15
3121 108.15
2586 108.22
4041 108.29
1860 108.33
173 108.36
123 108.42
1595 108.48
4764 108.49
2122 108.53
855 108.59
1853 108.65
2002 108.77
770 108.77
2535 108.82
2711 108.84
304 108.89
4487 108.93
4849 108.96
2978 108.98
3278 109.03
3112 109.07
341 109.22
1379 109.25
592 109.32
1618 109.46
2044 109.47
3102 109.59
2553 109.63
4498 109.73
3255 109.82
3495 109.85
333 109.87
4686 109.89
3224 109.91
323 109.91
622 109.91
2974 110.03
4903 110.03
1153 110.09
2436 110.17
4007 110.22
297 110.23
4973 110.29
1668 110.38
569 110.44
4889 110.5
4012 110.53
3437 110.55
2792 110.61
4160 110.62
875 110.71
4974 110.74
3731 110.8
4928 110.8
1112 110.89
4517 110.89
3897 110.94
2940 111.08
4077 111.09
3947 111.16
2373 111.19
3268 111.2
1647 111.27
4996 111.4
570 111.41
812 111.59
2712 111.73
2721 111.92
599 111.94
3843 112.16
4494 112.25
454 112.27
1992 112.38
2077 112.38
788 112.39
3525 112.42
3537 112.59
582 112.7
2550 112.93
3507 113.07
2211 113.12
1215 113.14
328 113.15
3883 113.17
1152 113.25
217 113.6
3211 113.62
3963 113.77
2670 114.02
4745 114.09
2647 114.11
3154 114.12
254 114.21
1269 114.26
248 114.3
3424 114.31
1744 114.39
403 114.51
706 114.51
2826 114.55
4955 114.56
1710 114.68
4879 114.71
2388 114.78
3234 114.83
2827 114.84
3609 114.91
1398 115.18
2817 115.22
3544 115.25
3301 115.36
3727 115.43
3185 115.48
930 115.51
1168 115.53
2761 115.55
3739 115.81
138 116.04
2089 116.17
2911 116.18
2425 116.24
4310 116.29
3011 116.31
4636 116.33
1703 116.36
1874 116.44
2330 116.55
281 116.59
664 116.65
1158 116.76
3841 116.83
1589 116.93
1899 117.13
4439 117.17
3724 117.18
1680 117.22
3242 117.23
4364 117.39
2212 117.45
2377 117.5
3361 117.54
1925 117.6
72 117.6
1812 117.61
4431 117.65
33 117.69
3577 117.69
4357 117.74
2265 117.79
4017 117.81
3527 117.83
3925 117.83
2361 117.87
1544 117.89
232 117.89
1681 117.92
1639 117.98
3049 118.18
3369 118.18
1749 118.23
2590 118.23
169 118.36
2770 118.38
613 118.4
1124 118.44
4515 118.47
1538 118.6
524 118.61
1881 118.67
1160 118.77
2710 118.84
3297 118.85
2037 118.87
2718 118.88
4743 119.06
90 119.07
4972 119.11
1358 119.14
913 119.22
2283 119.3
779 119.51
1818 119.55
1000 119.56
2779 119.64
4026 119.81
130 119.9
2376 119.99
2883 120
2311 120.02
4075 120.05
1699 120.12
3608 120.13
1737 120.14
1915 120.18
1761 120.2
2622 120.2
3803 120.2
835 120.29
4394 120.45
2919 120.52
1616 120.62
2642 120.75
3752 120.76
4898 120.79
3137 120.81
1708 120.91
3047 120.98
3307 121.03
3852 121.09
67 121.25
3667 121.29
508 121.39
4508 121.41
1067 121.43
4256 121.45
793 121.67
1730 121.7
3290 121.8
555 121.8
4070 121.86
4839 121.87
1431 121.91
2408 121.99
2633 122.02
3140 122.05
3761 122.13
1011 122.18
1427 122.2
3967 122.3
2885 122.36
3595 122.4
2177 122.41
235 122.52
3091 122.53
1586 122.59
1444 122.62
1130 122.64
2356 122.69
909 122.77
1560 122.87
4718 122.91
805 123.09
4992 123.31
3505 123.39
2751 123.41
1655 123.46
2149 123.48
3516 123.5
4124 123.56
3958 123.58
2051 123.65
1663 123.66
17 123.66
2490 123.78
1249 123.88
2508 123.99
1166 124.34
3107 124.36
4317 124.38
874 124.46
1193 124.53
1772 124.67
3193 124.69
4464 124.7
2566 124.74
3147 124.76
3208 124.77
3520 124.99
259 125.01
4200 125.02
4980 125.18
536 125.2
3408 125.27
4044 125.28
3136 125.33
790 125.39
3850 125.6
791 125.68
4454 125.75
1841 125.78
2765 125.79
3430 125.92
2571 126.03
4864 126.09
2295 126.11
4559 126.23
1428 126.29
625 126.29
4532 126.35
982 126.36
3239 126.49
2088 126.59
4471 126.59
4261 126.69
3598 126.75
4768 126.94
731 126.99
197 127.16
1917 127.18
1862 127.24
2220 127.24
3554 127.37
537 127.54
561 127.68
3982 127.75
2678 127.84
3872 127.9
1604 127.95
3315 127.96
2715 127.98
3901 128.07
322 128.1
1887 128.12
3348 128.16
4997 128.22
1678 128.29
4592 128.39
1110 128.5
2970 128.59
1400 128.69
4721 128.72
4221 128.73
2204 128.93
1414 129.04
3460 129.04
3765 129.07
3368 129.08
498 129.12
1871 129.16
3441 129.2
1489 129.34
3305 129.35
4003 129.44
4482 129.47
746 129.54
1817 129.56
4119 129.64
4953 129.64
2775 129.7
3606 129.77
1757 129.85
4339 129.93
4118 129.99
2889 130.01
4678 130.07
2369 130.1
1803 130.18
308 130.21
1563 130.5
2771 130.54
1424 130.62
4776 130.7
1798 130.74
602 130.75
3062 130.86
3501 130.91
2690 130.94
4585 130.97
733 131.1
997 131.25
2980 131.26
1260 131.29
590 131.48
4999 131.5
3530 131.62
4795 131.67
3061 131.68
2235 131.84
1579 131.96
2469 131.96
4826 131.99
1792 132
3479 132
3993 132
4605 132.01
732 132.1
523 132.2
355 132.26
3410 132.29
3100 132.51
4662 132.55
3328 132.58
4685 132.59
950 132.71
4257 133.02
95 133.11
4666 133.16
4080 133.2
3647 133.25
3161 133.3
2172 133.32
368 133.32
3931 133.32
1753 133.34
804 133.53
2192 133.56
894 133.68
208 133.69
2849 133.97
2479 134.03
843 134.08
3482 134.14
1173 134.18
4428 134.2
449 134.24
4705 134.27
152 134.33
2319 134.35
239 134.37
3247 134.42
3472 134.56
3672 134.72
696 134.72
1687 134.9
3762 134.9
2724 134.98
2965 135.06
3270 135.1
88 135.1
23 135.16
3175 135.27
3132 135.33
3630 135.33
3030 135.38
1756 135.4
2326 135.56
2223 135.68
1894 135.72
2975 135.72
3789 135.72
410 135.77
4025 135.83
1315 135.93
2127 136.02
2102 136.07
3373 136.09
1602 136.1
3231 136.1
1808 136.17
462 136.22
2284 136.43
4670 136.47
2133 136.59
4545 136.65
4673 136.71
4639 136.72
1888 136.74
1146 136.78
1231 136.87
2992 137.01
651 137.07
1924 137.14
3508 137.31
4434 137.35
1432 137.37
73 137.38
1250 137.49
3786 137.56
3041 137.63
3203 137.87
4967 138.01
3080 138.03
2148 138.07
1932 138.08
1590 138.13
4601 138.28
1816 138.39
1672 138.54
1910 138.63
1453 139.06
3856 139.08
870 139.18
3937 139.2
101 139.22
128 139.22
3355 139.24
3372 139.34
3237 139.37
4281 139.52
106 139.66
4817 139.67
1861 139.81
3628 139.81
2113 139.85
192 139.91
2426 139.98
2871 140.02
2704 140.05
3529 140.07
2951 140.12
1335 140.17
4490 140.17
196 140.25
621 140.36
100 140.4
3388 140.42
382 140.62
1777 140.64
1065 140.68
391 140.94
209 141.02
357 141.11
1903 141.52
1097 141.54
2898 141.65
3876 141.78
4156 141.87
3150 141.92
1620 141.98
2990 142
1801 142.13
789 142.41
2837 142.5
4462 142.63
558 142.7
1475 142.72
1090 142.94
4324 143.1
3082 143.32
1836 143.34
369 143.53
3763 143.59
1732 143.94
1531 144.12
4824 144.29
3814 144.42
820 144.44
3751 144.49
2689 144.55
4106 144.62
2787 144.64
1503 144.73
903 144.8
3509 144.97
3294 145.01
2943 145.02
3515 145.14
3095 145.15
2650 145.47
2759 145.52
4278 145.55
1981 145.62
617 145.92
4818 145.94
2333 145.95
2948 146.05
3592 146.25
4512 146.32
2820 146.43
2368 146.46
2501 146.62
332 146.93
4730 146.93
594 146.96
3471 147.01
1852 147.12
2459 147.15
3119 147.22
4355 147.4
2585 147.42
4560 147.43
4760 147.51
4315 147.55
129 147.57
2236 147.72
665 147.74
2861 147.86
4575 147.88
1746 147.93
268 148.08
4377 148.08
4131 148.15
347 148.16
313 148.25
4219 148.25
2901 148.42
2952 148.52
946 148.56
2801 148.69
4723 148.95
642 149
3162 149.08
2807 149.12
3483 149.14
264 149.18
3704 149.23
927 149.28
3006 149.34
4185 149.34
2463 149.41
803 149.46
4116 149.53
2404 149.57
184 149.58
1702 149.71
2917 149.9
2983 149.98
2714 150.02
1261 150.07
2372 150.26
2374 150.26
429 150.3
4680 150.45
2229 150.63
3768 150.86
4009 150.87
2736 150.89
1094 150.95
4563 151.1
1826 151.27
785 151.48
3675 151.64
3785 151.66
3502 151.73
631 151.9
3889 151.92
425 151.92
4294 152
2465 152.23
1256 152.34
1867 152.38
3374 152.66
4330 152.76
1421 152.83
564 153.12
2093 153.13
2253 153.34
1356 153.47
811 153.47
1360 154.18
1367 154.19
431 154.32
3543 154.37
1406 154.47
4148 154.51
3853 154.59
2090 154.66
1926 154.71
3895 154.71
2167 154.73
1328 155.03
4343 155.26
2749 155.33
4113 155.4
3938 155.46
517 155.53
4888 155.56
2134 155.66
947 155.68
149 155.75
2854 155.79
4558 155.79
3473 155.84
3583 155.89
4332 155.9
4384 155.95
3209 155.96
2999 155.99
3868 156
4475 156.04
1554 156.07
61 156.2
3782 156.31
2013 156.32
104 156.4
1810 156.43
1071 156.5
2390 156.66
964 156.66
3345 156.81
2049 156.85
1399 156.92
2439 156.98
872 157.02
861 157.07
1416 157.15
769 157.19
611 157.61
538 157.78
765 157.85
4117 158.02
287 158.12
3666 158.46
1224 158.48
1210 158.5
2409 158.55
4403 158.9
916 159.05
3055 159.3
1879 159.44
3012 159.55
3980 159.55
958 159.65
2945 159.7
3821 159.72
1218 159.78
3177 159.8
3245 160.03
2471 160.14
3570 160.15
1750 160.25
1443 160.47
4115 160.58
1209 160.67
2684 160.67
1502 160.74
2358 160.84
4750 160.86
2850 160.96
2381 161.1
4695 161.17
3584 161.19
4396 161.23
1436 161.28
827 161.38
1784 161.43
1567 161.6
3951 161.6
2100 161.72
2947 161.99
2997 162.18
1077 162.21
2612 162.32
3418 162.44
3436 162.48
2473 162.86
2840 162.87
1015 162.91
2589 163.04
3165 163.17
596 163.25
4960 163.48
1575 163.57
3097 163.59
1295 163.67
2813 163.74
494 164.14
690 164.25
3796 164.29
2139 164.3
4917 164.34
895 164.48
905 164.62
4351 164.72
4311 164.89
118 165.31
4141 165.39
923 165.42
3085 165.52
3042 165.71
3280 165.95
1583 165.98
1266 166.15
289 166.15
3691 166.21
2364 166.55
4401 166.57
2755 166.69
1496 166.95
3801 167.02
175 167.06
3072 167.48
151 167.64
726 167.73
2950 167.79
3036 167.79
3766 167.84
1851 167.88
782 168.5
1658 168.53
2657 168.59
3916 168.67
4819 168.82
2097 168.9
4093 169.01
3271 169.12
3186 169.17
635 169.17
1591 169.38
435 169.44
1895 169.56
4675 169.7
157 169.91
1465 169.97
3188 169.98
3089 170
2877 170.04
3924 170.04
4340 170.1
4599 170.16
187 170.3
3504 170.41
2012 170.54
1650 170.65
3717 170.69
1858 170.76
1466 170.77
735 171.02
1900 171.04
269 171.11
2921 171.15
4110 171.17
2599 171.35
722 171.36
4546 171.37
3783 171.4
336 171.84
737 171.84
168 171.98
3470 172.1
845 172.28
1348 172.46
3131 172.65
4734 172.69
2620 172.89
646 172.91
220 172.94
4421 173.11
4689 173.24
1383 173.32
2897 173.38
3597 173.45
1155 173.5
2544 173.64
3715 173.71
4602 173.77
4853 173.82
3362 173.9
2189 174.12
3204 174.42
3758 174.46
3045 174.77
2772 174.85
2855 174.95
4378 175.04
3878 175.05
41 175.05
166 175.12
2596 175.3
4964 175.35
1785 175.73
1564 175.99
4398 176.03
2856 176.17
4645 176.24
2836 176.42
4386 176.55
3903 176.57
2334 176.69
496 176.8
1657 177.12
2853 177.16
1736 177.19
2967 177.26
4594 177.4
3559 177.56
16 177.6
3707 177.87
2542 178.02
3094 178.02
52 178.05
2774 178.09
3026 178.24
161 178.27
4212 178.31
1009 178.49
2588 178.52
1080 178.59
3196 178.88
4968 178.93
1198 179.11
3965 179.36
4174 179.38
4846 179.75
1735 179.78
4983 179.9
1473 179.94
210 180.09
1951 180.23
675 180.34
2247 180.36
2606 180.39
4369 180.51
3476 180.6
4779 180.79
3238 180.88
3700 180.92
4367 180.92
2685 181.26
2199 181.38
3617 181.44
2624 181.46
848 181.95
1958 182.16
1147 182.26
1183 182.29
4808 182.29
989 182.32
963 182.35
4869 182.46
807 182.51
2076 182.65
3988 182.81
3178 183.27
2909 183.32
4561 183.37
2601 183.42
263 183.43
3158 183.48
4589 183.57
3143 183.62
4057 183.62
828 183.67
2876 183.7
2754 184.03
4905 184.08
1121 184.17
4046 184.23
4447 184.29
1385 184.31
589 184.39
2578 184.66
3620 184.81
4726 184.99
2957 185.19
4280 185.3
2104 185.33
2396 185.33
1940 185.43
818 185.62
2564 185.67
4277 185.81
3940 185.99
2118 186.13
1637 186.18
4514 186.36
1573 186.41
2282 186.56
653 186.76
4720 186.78
2422 186.98
2648 187.02
78 187.07
1843 187.21
1247 187.24
4159 187.47
2206 187.56
4537 187.61
883 187.71
1330 187.76
2261 187.79
2065 187.89
2675 188.01
1182 188.05
3541 188.11
934 188.17
1310 188.28
1054 188.3
3510 188.54
2351 188.63
2887 188.63
3079 188.83
1035 188.84
4049 188.9
3262 189.21
2452 189.34
3198 189.37
1435 189.38
2916 190.26
3642 190.26
1569 190.29
2634 190.33
3378 190.38
4725 190.54
1511 190.55
565 190.68
3798 190.98
2708 191.08
936 191.29
4453 191.33
1064 191.53
1640 191.53
4397 191.6
2844 191.61
1369 191.63
2819 191.72
2018 191.84
762 191.84
1491 192.01
3922 192.19
3808 192.25
986 192.37
4631 192.57
4307 192.68
1600 192.83
4154 192.86
4276 192.88
1633 193.08
3265 193.2
4349 193.34
4619 193.42
1897 193.45
2385 193.62
4062 194.44
3810 194.5
3880 194.51
901 194.87
4322 195.03
3585 195.19
972 195.33
4785 195.66
5000 195.76
707 195.86
4429 196.08
4885 196.21
2272 196.36
2421 196.82
2595 196.83
666 196.88
3512 196.89
2158 196.95
1313 197.1
3945 197.16
3681 197.19
2115 197.38
3635 197.64
4217 197.66
2644 197.79
497 197.82
4334 197.89
4206 198.19
2429 198.52
331 198.66
1033 198.74
4467 198.78
943 199.37
4937 199.4
4784 199.48
4988 199.68
4759 199.7
519 199.95
1601 200.24
2857 200.27
4950 200.46
2446 200.64
4167 200.66
30 200.69
1073 200.74
2868 201.36
8 201.8
2000 201.81
1456 201.83
330 202.16
829 202.21
1562 202.4
2208 202.41
3157 202.47
641 203
954 203.08
3254 203.32
1459 203.38
4901 203.51
2056 203.56
2735 203.8
556 203.87
4402 203.9
2874 204.49
3210 205.81
3462 206.24
881 206.25
3051 206.28
1677 206.33
2032 206.44
4528 206.84
3339 206.85
1855 206.88
3366 207.16
1878 207.17
2757 207.37
2316 207.52
4895 207.63
81 207.94
1389 208.05
890 208.12
4926 208.63
4368 208.69
3340 208.7
3206 209.26
3214 209.33
3888 209.46
1493 209.51
1479 209.72
116 209.73
4032 209.81
4520 209.82
2365 209.83
4754 209.85
267 209.89
501 210.03
1005 210.14
4184 210.24
3913 210.39
1302 210.43
3221 210.46
4411 210.55
3972 210.57
1458 210.6
58 210.63
4410 210.66
763 211.02
2499 211.06
4029 211.37
752 211.62
1216 211.92
2084 212.12
490 212.33
4728 212.47
3427 212.8
3862 212.81
1722 213.2
2986 213.23
3028 213.26
3229 213.43
1774 213.67
1404 214.34
1380 214.44
4297 214.67
772 214.89
3365 214.98
385 215.05
38 215.09
679 215.18
4870 215.23
4630 215.38
4059 215.56
413 215.79
1546 215.98
1084 216.06
319 216.15
2453 216.19
739 216.26
1956 216.42
1765 216.46
1696 217.02
1592 217.32
3244 217.43
115 217.85
2256 217.94
236 218.01
457 218.06
1686 218.11
1993 218.15
4013 218.22
1157 218.34
1354 218.36
3461 218.52
1905 218.54
1296 218.81
1547 218.92
2007 218.94
3581 218.99
2520 219.46
3122 219.63
3232 219.66
4272 220.06
2337 220.23
2095 220.37
889 220.55
4178 220.63
2514 220.76
1297 220.9
2412 220.93
1476 220.96
4081 221.38
2055 221.48
534 221.7
1445 222.36
3156 222.92
87 222.94
1739 223.2
4137 223.43
2094 223.81
2809 223.89
4 223.89
2706 224.66
3142 224.66
778 224.86
4211 224.89
1968 225.17
1248 225.42
2487 225.65
4835 225.79
302 225.84
1599 225.89
1619 226.04
3347 226.15
371 226.2
3767 226.23
3644 226.51
2004 226.57
856 226.8
485 227.06
2457 227.14
2702 227.19
2322 227.21
3056 227.23
4914 227.36
1093 227.62
1518 227.87
416 228.15
1347 228.35
1733 228.49
3995 228.67
1532 228.72
2250 229.1
3359 229.15
3420 229.31
1403 229.37
873 229.52
1087 229.87
364 229.92
2663 230.17
3771 230.39
1373 230.42
1244 230.74
3090 231.11
2962 231.18
645 231.4
2758 231.7
3547 232.01
1133 232.39
2197 232.54
4114 232.59
3396 233.03
3134 233.39
3422 233.53
2727 233.57
1267 233.61
1963 233.75
244 233.79
704 234.08
389 234.1
3316 234.72
1019 234.8
3936 234.81
4436 234.81
2888 235.37
225 235.41
180 235.85
409 236.42
940 236.63
2053 236.78
459 236.9
1411 237.03
1584 237.03
1621 237.24
1533 237.27
4210 237.37
4665 237.53
3065 237.69
4099 237.74
3171 238.24
4749 238.35
294 238.62
1234 238.76
1003 238.91
2476 239.17
4054 239.39
4509 239.39
2851 239.78
4830 240.31
2924 240.96
3979 241.11
2745 241.15
1010 241.28
4507 241.36
2709 241.74
1807 242.23
608 242.26
1536 242.35
4965 242.51
3129 242.92
4091 243.38
4169 243.51
1176 243.6
1438 243.73
177 243.76
3144 243.76
400 243.78
736 244.18
4014 244.59
3957 244.8
1251 244.82
310 245.33
1944 245.83
4359 245.85
3331 246.13
3593 246.13
3492 246.25
312 246.79
859 247.18
3160 247.43
1045 247.66
1074 247.9
1366 248.57
2099 248.58
2610 248.75
367 248.76
2252 248.83
2884 249.03
3491 249.28
3324 249.61
1864 250.32
2245 251.56
588 251.71
3623 252.2
354 252.22
3274 252.81
3279 253.06
4553 253.17
1966 253.18
1572 253.37
4199 253.6
2867 254.06
2536 254.17
1308 254.24
4484 254.38
1754 254.57
108 255.19
386 255.91
1127 256.03
2483 256.13
1898 256.21
14 256.25
4510 256.32
5 256.92
3417 257.17
1775 257.44
2300 258.68
4067 258.9
4066 259.11
4551 259.31
4387 259.48
2540 259.74
2696 259.96
4493 260
4208 260.06
2157 260.44
2890 260.69
4572 260.7
3164 260.79
520 260.84
3300 261.21
2846 261.4
3589 261.87
1041 263.29
2780 263.6
836 263.67
742 263.71
3817 264.3
1975 264.77
4399 264.95
1175 265
4150 265
3998 265.39
193 265.55
838 265.77
2266 265.85
727 266.22
1002 266.4
219 266.48
4525 266.77
39 267.87
3442 267.96
3929 268.11
2660 268.54
1651 268.69
4347 269.07
612 269.3
2289 269.73
4796 269.8
3734 269.95
2121 270.65
4782 270.69
993 270.92
3285 271.03
2984 271.04
502 271.38
439 271.72
2608 272.14
2763 272.41
3928 272.46
698 272.99
303 273.04
4267 273.05
4767 273.33
4055 273.43
4529 273.58
2537 273.7
3259 274
3485 274.52
3612 275.13
3954 275.65
1107 276.16
4677 276.21
4036 276.22
4570 276.28
2450 276.39
1850 276.46
1412 276.47
3484 276.68
674 277.43
1053 277.62
4655 277.64
1440 277.99
2602 278.11
1143 278.91
4640 279.53
887 280.35
1795 280.69
4473 280.72
4006 281.17
4761 281.17
970 281.69
1172 281.89
4087 283.21
3776 283.27
928 283.32
2882 283.52
4740 283.65
4906 283.89
4274 284.37
540 284.68
1051 284.92
4058 285.34
77 285.34
3800 285.38
158 285.42
2152 285.74
4684 286.07
878 286.58
2278 286.61
4112 286.77
167 287.57
1030 287.63
4644 287.8
3984 287.87
3991 287.92
1101 288.2
4191 288.49
4717 289.14
3836 289.83
515 290.38
4021 290.62
1402 290.77
2565 291.37
4735 292.48
1767 292.7
2494 292.96
833 293.45
1996 293.75
4209 293.75
525 294.45
136 294.47
4780 294.76
3730 295.31
1796 296.2
1552 296.35
2230 296.79
3123 298.81
971 299.25
1007 299.3
2171 299.77
4103 300.5
3098 300.64
1393 300.69
300 301.17
1719 301.5
3 301.53
2303 301.61
381 301.69
4179 302.18
2802 303.2
547 303.48
1352 303.58
1233 303.85
1222 303.89
3528 304.19
2932 305
4327 306.09
2972 306.26
1449 306.36
2822 307.7
984 307.73
155 308.32
4476 308.39
3034 309.38
2202 310.04
2017 310.58
3687 310.78
358 311.27
4831 311.49
1593 311.51
1289 312.12
2277 312.4
1876 312.44
4890 312.8
1550 313.06
374 313.55
1585 313.89
2870 313.89
4146 314.73
2003 315.11
2444 315.21
4245 315.21
3015 316.05
286 316.18
721 316.29
4773 316.3
2262 316.6
3383 316.68
1408 316.88
2863 318.43
3398 319.51
1214 321.98
3736 323.85
3281 324
4690 325.23
757 325.66
701 326.69
2060 326.84
36 327.14
2166 328.21
200 328.6
4859 328.68
1478 329
1232 329.67
242 329.74
437 329.81
3726 332.07
4111 332.27
4874 332.4
4856 333.28
3990 333.43
1815 333.58
4433 333.8
4098 335.22
688 336.76
2222 337.17
3257 338.04
258 338.52
2379 339.27
4497 342.42
4549 343.17
577 343.25
2547 343.26
2146 343.39
401 345.56
2179 345.65
1108 345.79
1766 346.37
4877 347.45
337 347.56
2900 349.35
3190 350.85
1842 351.31
3225 351.49
917 351.5
296 352.12
3489 354
3971 354.24
2440 354.64
3779 354.76
1188 355.66
4223 356.37
3249 356.69
2598 357.74
2052 359.15
4042 359.79
2799 360.08
3126 361.51
3933 361.98
560 362.45
419 363.1
3261 363.67
145 364.02
4258 364.9
3720 366.57
1483 367.83
994 367.91
1457 369.61
4101 369.69
2954 371.22
713 374.27
1042 376.05
4249 376.24
976 377.05
3500 380.23
4821 380.92
4916 382.08
96 382.16
2998 382.5
4756 382.63
3197 382.69
135 382.9
4845 385.4
877 387.18
4581 388.07
3565 388.37
684 389.27
2428 389.28
4736 389.92
65 391.76
1882 392.11
198 393.22
1782 393.35
3344 395.88
4577 397.02
2046 397.29
4303 398.09
3567 398.38
3330 398.57
711 398.59
266 400.74
4155 401.68
703 402.21
4425 403.46
2961 404.39
1286 410.83
2699 410.85
2098 411.29
3227 411.51
320 411.74
3152 411.83
1085 413.4
1018 414.48
3487 415.65
2913 419.36
15 420.04
3723 420.85
4562 423.15
2008 425.05
3050 428.68
1433 428.81
2649 429.03
3849 431.45
473 432.95
2987 436.18
1185 436.87
3488 438.48
1303 438.82
4171 440.36
4247 441.31
3697 442.54
2617 444.92
282 445.8
3952 446.49
2047 450.94
1814 452.64
3314 454.33
4971 455.53
1068 457.91
4643 459.65
3494 462.48
3199 464.85
1676 466.06
652 467.45
2631 469.03
2619 473.48
4671 474.37
290 476.03
1291 480.43
3114 482.35
2538 484.85
755 485.31
4947 486.84
3105 489.46
3033 492.27
2510 493.21
1859 495.39
3128 495.98
754 496.09
4034 496.95
4076 498.89
801 500.4
2524 502.31
107 508.24
59 519.44
255 519.7
619 522.6
3014 531.32
3155 531.68
643 533.51
888 534.43
678 537.81
4491 545.03
816 548.52
2188 554.76
2995 556.44
4435 558.44
2393 576.13
892 586.66
4519 599.39
939 604.53
896 605.05
693 608.33
3864 616.69
4296 633.4
607 636.08
4565 638.44
2332 646.38
2470 684.59
2740 685.2
4798 692.94
4127 739.73
3756 759.27
4236 804.55
4128 809.51
3802 850.38
4753 865.94
705 964.28
